SLF4J: Failed to load class "org.slf4j.impl.StaticLoggerBinder".
SLF4J: Defaulting to no-operation (NOP) logger implementation
SLF4J: See http://www.slf4j.org/codes.html#StaticLoggerBinder for further details.
SLF4J: Failed to load class "org.slf4j.impl.StaticLoggerBinder".
SLF4J: Defaulting to no-operation (NOP) logger implementation
SLF4J: See http://www.slf4j.org/codes.html#StaticLoggerBinder for further details.
SLF4J: Failed to load class "org.slf4j.impl.StaticLoggerBinder".
SLF4J: Defaulting to no-operation (NOP) logger implementation
SLF4J: See http://www.slf4j.org/codes.html#StaticLoggerBinder for further details.
----
[INFO] 
[INFO] --- maven-checkstyle-plugin:3.0.0:check (validate) @ sampleuserapp ---
[INFO] Starting audit...
Audit done.
[INFO]                                                                         
[INFO] ------------------------------------------------------------------------
[INFO] Building model 1.0-SNAPSHOT
[INFO] ------------------------------------------------------------------------
[INFO] 
[INFO] --- maven-checkstyle-plugin:3.0.0:check (validate) @ model ---
[INFO] Starting audit...
[ERROR] /scratch/dginelli/workspace/repairnator-repairnator-experiments-Brest-Java-Course-2018-valentine-ezugu-370075586-20180423-144310-firstCommit/model/src/main/java/com/epam/brest/course/dto/TruckWithAvgDto.java:35: Expected an @return tag. [JavadocMethod]
[ERROR] /scratch/dginelli/workspace/repairnator-repairnator-experiments-Brest-Java-Course-2018-valentine-ezugu-370075586-20180423-144310-firstCommit/model/src/main/java/com/epam/brest/course/dto/TruckWithAvgDto.java:35:5: Method 'getTruckId' is not designed for extension - needs to be abstract, final or empty. [DesignForExtension]
[ERROR] /scratch/dginelli/workspace/repairnator-repairnator-experiments-Brest-Java-Course-2018-valentine-ezugu-370075586-20180423-144310-firstCommit/model/src/main/java/com/epam/brest/course/dto/TruckWithAvgDto.java:43:5: Method 'setTruckId' is not designed for extension - needs to be abstract, final or empty. [DesignForExtension]
[ERROR] /scratch/dginelli/workspace/repairnator-repairnator-experiments-Brest-Java-Course-2018-valentine-ezugu-370075586-20180423-144310-firstCommit/model/src/main/java/com/epam/brest/course/dto/TruckWithAvgDto.java:43:28: Parameter truckId should be final. [FinalParameters]
[ERROR] /scratch/dginelli/workspace/repairnator-repairnator-experiments-Brest-Java-Course-2018-valentine-ezugu-370075586-20180423-144310-firstCommit/model/src/main/java/com/epam/brest/course/dto/TruckWithAvgDto.java:43:36: 'truckId' hides a field. [HiddenField]
[ERROR] /scratch/dginelli/workspace/repairnator-repairnator-experiments-Brest-Java-Course-2018-valentine-ezugu-370075586-20180423-144310-firstCommit/model/src/main/java/com/epam/brest/course/dto/TruckWithAvgDto.java:43:36: Expected @param tag for 'truckId'. [JavadocMethod]
[ERROR] /scratch/dginelli/workspace/repairnator-repairnator-experiments-Brest-Java-Course-2018-valentine-ezugu-370075586-20180423-144310-firstCommit/model/src/main/java/com/epam/brest/course/dto/TruckWithAvgDto.java:51: Expected an @return tag. [JavadocMethod]
[ERROR] /scratch/dginelli/workspace/repairnator-repairnator-experiments-Brest-Java-Course-2018-valentine-ezugu-370075586-20180423-144310-firstCommit/model/src/main/java/com/epam/brest/course/dto/TruckWithAvgDto.java:51:5: Method 'getTruckCode' is not designed for extension - needs to be abstract, final or empty. [DesignForExtension]
[ERROR] /scratch/dginelli/workspace/repairnator-repairnator-experiments-Brest-Java-Course-2018-valentine-ezugu-370075586-20180423-144310-firstCommit/model/src/main/java/com/epam/brest/course/dto/TruckWithAvgDto.java:59:5: Method 'setTruckCode' is not designed for extension - needs to be abstract, final or empty. [DesignForExtension]
[ERROR] /scratch/dginelli/workspace/repairnator-repairnator-experiments-Brest-Java-Course-2018-valentine-ezugu-370075586-20180423-144310-firstCommit/model/src/main/java/com/epam/brest/course/dto/TruckWithAvgDto.java:59:30: Parameter truckCode should be final. [FinalParameters]
[ERROR] /scratch/dginelli/workspace/repairnator-repairnator-experiments-Brest-Java-Course-2018-valentine-ezugu-370075586-20180423-144310-firstCommit/model/src/main/java/com/epam/brest/course/dto/TruckWithAvgDto.java:59:37: 'truckCode' hides a field. [HiddenField]
[ERROR] /scratch/dginelli/workspace/repairnator-repairnator-experiments-Brest-Java-Course-2018-valentine-ezugu-370075586-20180423-144310-firstCommit/model/src/main/java/com/epam/brest/course/dto/TruckWithAvgDto.java:59:37: Expected @param tag for 'truckCode'. [JavadocMethod]
[ERROR] /scratch/dginelli/workspace/repairnator-repairnator-experiments-Brest-Java-Course-2018-valentine-ezugu-370075586-20180423-144310-firstCommit/model/src/main/java/com/epam/brest/course/dto/TruckWithAvgDto.java:67: Expected an @return tag. [JavadocMethod]
[ERROR] /scratch/dginelli/workspace/repairnator-repairnator-experiments-Brest-Java-Course-2018-valentine-ezugu-370075586-20180423-144310-firstCommit/model/src/main/java/com/epam/brest/course/dto/TruckWithAvgDto.java:67:5: Method 'getPurchasedDate' is not designed for extension - needs to be abstract, final or empty. [DesignForExtension]
[ERROR] /scratch/dginelli/workspace/repairnator-repairnator-experiments-Brest-Java-Course-2018-valentine-ezugu-370075586-20180423-144310-firstCommit/model/src/main/java/com/epam/brest/course/dto/TruckWithAvgDto.java:75:5: Method 'setPurchasedDate' is not designed for extension - needs to be abstract, final or empty. [DesignForExtension]
[ERROR] /scratch/dginelli/workspace/repairnator-repairnator-experiments-Brest-Java-Course-2018-valentine-ezugu-370075586-20180423-144310-firstCommit/model/src/main/java/com/epam/brest/course/dto/TruckWithAvgDto.java:75:34: Parameter purchasedDate should be final. [FinalParameters]
[ERROR] /scratch/dginelli/workspace/repairnator-repairnator-experiments-Brest-Java-Course-2018-valentine-ezugu-370075586-20180423-144310-firstCommit/model/src/main/java/com/epam/brest/course/dto/TruckWithAvgDto.java:75:39: 'purchasedDate' hides a field. [HiddenField]
[ERROR] /scratch/dginelli/workspace/repairnator-repairnator-experiments-Brest-Java-Course-2018-valentine-ezugu-370075586-20180423-144310-firstCommit/model/src/main/java/com/epam/brest/course/dto/TruckWithAvgDto.java:75:39: Expected @param tag for 'purchasedDate'. [JavadocMethod]
[ERROR] /scratch/dginelli/workspace/repairnator-repairnator-experiments-Brest-Java-Course-2018-valentine-ezugu-370075586-20180423-144310-firstCommit/model/src/main/java/com/epam/brest/course/dto/TruckWithAvgDto.java:83: Expected an @return tag. [JavadocMethod]
[ERROR] /scratch/dginelli/workspace/repairnator-repairnator-experiments-Brest-Java-Course-2018-valentine-ezugu-370075586-20180423-144310-firstCommit/model/src/main/java/com/epam/brest/course/dto/TruckWithAvgDto.java:83:5: Method 'getDescriptions' is not designed for extension - needs to be abstract, final or empty. [DesignForExtension]
[ERROR] /scratch/dginelli/workspace/repairnator-repairnator-experiments-Brest-Java-Course-2018-valentine-ezugu-370075586-20180423-144310-firstCommit/model/src/main/java/com/epam/brest/course/dto/TruckWithAvgDto.java:91:5: Method 'setDescriptions' is not designed for extension - needs to be abstract, final or empty. [DesignForExtension]
[ERROR] /scratch/dginelli/workspace/repairnator-repairnator-experiments-Brest-Java-Course-2018-valentine-ezugu-370075586-20180423-144310-firstCommit/model/src/main/java/com/epam/brest/course/dto/TruckWithAvgDto.java:91:33: Parameter descriptions should be final. [FinalParameters]
[ERROR] /scratch/dginelli/workspace/repairnator-repairnator-experiments-Brest-Java-Course-2018-valentine-ezugu-370075586-20180423-144310-firstCommit/model/src/main/java/com/epam/brest/course/dto/TruckWithAvgDto.java:91:40: 'descriptions' hides a field. [HiddenField]
[ERROR] /scratch/dginelli/workspace/repairnator-repairnator-experiments-Brest-Java-Course-2018-valentine-ezugu-370075586-20180423-144310-firstCommit/model/src/main/java/com/epam/brest/course/dto/TruckWithAvgDto.java:91:40: Expected @param tag for 'descriptions'. [JavadocMethod]
[ERROR] /scratch/dginelli/workspace/repairnator-repairnator-experiments-Brest-Java-Course-2018-valentine-ezugu-370075586-20180423-144310-firstCommit/model/src/main/java/com/epam/brest/course/dto/TruckWithAvgDto.java:99: Expected an @return tag. [JavadocMethod]
[ERROR] /scratch/dginelli/workspace/repairnator-repairnator-experiments-Brest-Java-Course-2018-valentine-ezugu-370075586-20180423-144310-firstCommit/model/src/main/java/com/epam/brest/course/dto/TruckWithAvgDto.java:99:5: Method 'getAvgPerMonth' is not designed for extension - needs to be abstract, final or empty. [DesignForExtension]
[ERROR] /scratch/dginelli/workspace/repairnator-repairnator-experiments-Brest-Java-Course-2018-valentine-ezugu-370075586-20180423-144310-firstCommit/model/src/main/java/com/epam/brest/course/dto/TruckWithAvgDto.java:107:5: Method 'setAvgPerMonth' is not designed for extension - needs to be abstract, final or empty. [DesignForExtension]
[ERROR] /scratch/dginelli/workspace/repairnator-repairnator-experiments-Brest-Java-Course-2018-valentine-ezugu-370075586-20180423-144310-firstCommit/model/src/main/java/com/epam/brest/course/dto/TruckWithAvgDto.java:107:32: Parameter avgPerMonth should be final. [FinalParameters]
[ERROR] /scratch/dginelli/workspace/repairnator-repairnator-experiments-Brest-Java-Course-2018-valentine-ezugu-370075586-20180423-144310-firstCommit/model/src/main/java/com/epam/brest/course/dto/TruckWithAvgDto.java:107:39: 'avgPerMonth' hides a field. [HiddenField]
[ERROR] /scratch/dginelli/workspace/repairnator-repairnator-experiments-Brest-Java-Course-2018-valentine-ezugu-370075586-20180423-144310-firstCommit/model/src/main/java/com/epam/brest/course/dto/TruckWithAvgDto.java:107:39: Expected @param tag for 'avgPerMonth'. [JavadocMethod]
[ERROR] /scratch/dginelli/workspace/repairnator-repairnator-experiments-Brest-Java-Course-2018-valentine-ezugu-370075586-20180423-144310-firstCommit/model/src/main/java/com/epam/brest/course/dto/TruckForSaveAndUpdate.java:5: Missing a Javadoc comment. [JavadocType]
[ERROR] /scratch/dginelli/workspace/repairnator-repairnator-experiments-Brest-Java-Course-2018-valentine-ezugu-370075586-20180423-144310-firstCommit/model/src/main/java/com/epam/brest/course/dto/TruckForSaveAndUpdate.java:29:5: Method 'getTruckId' is not designed for extension - needs to be abstract, final or empty. [DesignForExtension]
[ERROR] /scratch/dginelli/workspace/repairnator-repairnator-experiments-Brest-Java-Course-2018-valentine-ezugu-370075586-20180423-144310-firstCommit/model/src/main/java/com/epam/brest/course/dto/TruckForSaveAndUpdate.java:29:5: Missing a Javadoc comment. [JavadocMethod]
[ERROR] /scratch/dginelli/workspace/repairnator-repairnator-experiments-Brest-Java-Course-2018-valentine-ezugu-370075586-20180423-144310-firstCommit/model/src/main/java/com/epam/brest/course/dto/TruckForSaveAndUpdate.java:33:5: Method 'setTruckId' is not designed for extension - needs to be abstract, final or empty. [DesignForExtension]
[ERROR] /scratch/dginelli/workspace/repairnator-repairnator-experiments-Brest-Java-Course-2018-valentine-ezugu-370075586-20180423-144310-firstCommit/model/src/main/java/com/epam/brest/course/dto/TruckForSaveAndUpdate.java:33:5: Missing a Javadoc comment. [JavadocMethod]
[ERROR] /scratch/dginelli/workspace/repairnator-repairnator-experiments-Brest-Java-Course-2018-valentine-ezugu-370075586-20180423-144310-firstCommit/model/src/main/java/com/epam/brest/course/dto/TruckForSaveAndUpdate.java:33:28: Parameter truckId should be final. [FinalParameters]
[ERROR] /scratch/dginelli/workspace/repairnator-repairnator-experiments-Brest-Java-Course-2018-valentine-ezugu-370075586-20180423-144310-firstCommit/model/src/main/java/com/epam/brest/course/dto/TruckForSaveAndUpdate.java:33:36: 'truckId' hides a field. [HiddenField]
[ERROR] /scratch/dginelli/workspace/repairnator-repairnator-experiments-Brest-Java-Course-2018-valentine-ezugu-370075586-20180423-144310-firstCommit/model/src/main/java/com/epam/brest/course/dto/TruckForSaveAndUpdate.java:37:5: Method 'getTruckCode' is not designed for extension - needs to be abstract, final or empty. [DesignForExtension]
[ERROR] /scratch/dginelli/workspace/repairnator-repairnator-experiments-Brest-Java-Course-2018-valentine-ezugu-370075586-20180423-144310-firstCommit/model/src/main/java/com/epam/brest/course/dto/TruckForSaveAndUpdate.java:37:5: Missing a Javadoc comment. [JavadocMethod]
[ERROR] /scratch/dginelli/workspace/repairnator-repairnator-experiments-Brest-Java-Course-2018-valentine-ezugu-370075586-20180423-144310-firstCommit/model/src/main/java/com/epam/brest/course/dto/TruckForSaveAndUpdate.java:41:5: Method 'setTruckCode' is not designed for extension - needs to be abstract, final or empty. [DesignForExtension]
[ERROR] /scratch/dginelli/workspace/repairnator-repairnator-experiments-Brest-Java-Course-2018-valentine-ezugu-370075586-20180423-144310-firstCommit/model/src/main/java/com/epam/brest/course/dto/TruckForSaveAndUpdate.java:41:5: Missing a Javadoc comment. [JavadocMethod]
[ERROR] /scratch/dginelli/workspace/repairnator-repairnator-experiments-Brest-Java-Course-2018-valentine-ezugu-370075586-20180423-144310-firstCommit/model/src/main/java/com/epam/brest/course/dto/TruckForSaveAndUpdate.java:41:30: Parameter truckCode should be final. [FinalParameters]
[ERROR] /scratch/dginelli/workspace/repairnator-repairnator-experiments-Brest-Java-Course-2018-valentine-ezugu-370075586-20180423-144310-firstCommit/model/src/main/java/com/epam/brest/course/dto/TruckForSaveAndUpdate.java:41:37: 'truckCode' hides a field. [HiddenField]
[ERROR] /scratch/dginelli/workspace/repairnator-repairnator-experiments-Brest-Java-Course-2018-valentine-ezugu-370075586-20180423-144310-firstCommit/model/src/main/java/com/epam/brest/course/dto/TruckForSaveAndUpdate.java:45:5: Method 'getPurchasedDate' is not designed for extension - needs to be abstract, final or empty. [DesignForExtension]
[ERROR] /scratch/dginelli/workspace/repairnator-repairnator-experiments-Brest-Java-Course-2018-valentine-ezugu-370075586-20180423-144310-firstCommit/model/src/main/java/com/epam/brest/course/dto/TruckForSaveAndUpdate.java:45:5: Missing a Javadoc comment. [JavadocMethod]
[ERROR] /scratch/dginelli/workspace/repairnator-repairnator-experiments-Brest-Java-Course-2018-valentine-ezugu-370075586-20180423-144310-firstCommit/model/src/main/java/com/epam/brest/course/dto/TruckForSaveAndUpdate.java:49:5: Method 'setPurchasedDate' is not designed for extension - needs to be abstract, final or empty. [DesignForExtension]
[ERROR] /scratch/dginelli/workspace/repairnator-repairnator-experiments-Brest-Java-Course-2018-valentine-ezugu-370075586-20180423-144310-firstCommit/model/src/main/java/com/epam/brest/course/dto/TruckForSaveAndUpdate.java:49:5: Missing a Javadoc comment. [JavadocMethod]
[ERROR] /scratch/dginelli/workspace/repairnator-repairnator-experiments-Brest-Java-Course-2018-valentine-ezugu-370075586-20180423-144310-firstCommit/model/src/main/java/com/epam/brest/course/dto/TruckForSaveAndUpdate.java:49:34: Parameter purchasedDate should be final. [FinalParameters]
[ERROR] /scratch/dginelli/workspace/repairnator-repairnator-experiments-Brest-Java-Course-2018-valentine-ezugu-370075586-20180423-144310-firstCommit/model/src/main/java/com/epam/brest/course/dto/TruckForSaveAndUpdate.java:49:39: 'purchasedDate' hides a field. [HiddenField]
[ERROR] /scratch/dginelli/workspace/repairnator-repairnator-experiments-Brest-Java-Course-2018-valentine-ezugu-370075586-20180423-144310-firstCommit/model/src/main/java/com/epam/brest/course/dto/TruckForSaveAndUpdate.java:53:5: Method 'getDescriptions' is not designed for extension - needs to be abstract, final or empty. [DesignForExtension]
[ERROR] /scratch/dginelli/workspace/repairnator-repairnator-experiments-Brest-Java-Course-2018-valentine-ezugu-370075586-20180423-144310-firstCommit/model/src/main/java/com/epam/brest/course/dto/TruckForSaveAndUpdate.java:53:5: Missing a Javadoc comment. [JavadocMethod]
[ERROR] /scratch/dginelli/workspace/repairnator-repairnator-experiments-Brest-Java-Course-2018-valentine-ezugu-370075586-20180423-144310-firstCommit/model/src/main/java/com/epam/brest/course/dto/TruckForSaveAndUpdate.java:57:5: Method 'setDescriptions' is not designed for extension - needs to be abstract, final or empty. [DesignForExtension]
[ERROR] /scratch/dginelli/workspace/repairnator-repairnator-experiments-Brest-Java-Course-2018-valentine-ezugu-370075586-20180423-144310-firstCommit/model/src/main/java/com/epam/brest/course/dto/TruckForSaveAndUpdate.java:57:5: Missing a Javadoc comment. [JavadocMethod]
[ERROR] /scratch/dginelli/workspace/repairnator-repairnator-experiments-Brest-Java-Course-2018-valentine-ezugu-370075586-20180423-144310-firstCommit/model/src/main/java/com/epam/brest/course/dto/TruckForSaveAndUpdate.java:57:33: Parameter descriptions should be final. [FinalParameters]
[ERROR] /scratch/dginelli/workspace/repairnator-repairnator-experiments-Brest-Java-Course-2018-valentine-ezugu-370075586-20180423-144310-firstCommit/model/src/main/java/com/epam/brest/course/dto/TruckForSaveAndUpdate.java:57:40: 'descriptions' hides a field. [HiddenField]
[ERROR] /scratch/dginelli/workspace/repairnator-repairnator-experiments-Brest-Java-Course-2018-valentine-ezugu-370075586-20180423-144310-firstCommit/model/src/main/java/com/epam/brest/course/dto/TruckFullDetailDto.java:40: Line is longer than 80 characters (found 84). [LineLength]
[ERROR] /scratch/dginelli/workspace/repairnator-repairnator-experiments-Brest-Java-Course-2018-valentine-ezugu-370075586-20180423-144310-firstCommit/model/src/main/java/com/epam/brest/course/dto/TruckFullDetailDto.java:40:5: Missing a Javadoc comment. [JavadocMethod]
[ERROR] /scratch/dginelli/workspace/repairnator-repairnator-experiments-Brest-Java-Course-2018-valentine-ezugu-370075586-20180423-144310-firstCommit/model/src/main/java/com/epam/brest/course/dto/TruckFullDetailDto.java:40:31: Parameter truckId should be final. [FinalParameters]
[ERROR] /scratch/dginelli/workspace/repairnator-repairnator-experiments-Brest-Java-Course-2018-valentine-ezugu-370075586-20180423-144310-firstCommit/model/src/main/java/com/epam/brest/course/dto/TruckFullDetailDto.java:40:39: 'truckId' hides a field. [HiddenField]
[ERROR] /scratch/dginelli/workspace/repairnator-repairnator-experiments-Brest-Java-Course-2018-valentine-ezugu-370075586-20180423-144310-firstCommit/model/src/main/java/com/epam/brest/course/dto/TruckFullDetailDto.java:40:48: Parameter truckCode should be final. [FinalParameters]
[ERROR] /scratch/dginelli/workspace/repairnator-repairnator-experiments-Brest-Java-Course-2018-valentine-ezugu-370075586-20180423-144310-firstCommit/model/src/main/java/com/epam/brest/course/dto/TruckFullDetailDto.java:40:55: 'truckCode' hides a field. [HiddenField]
[ERROR] /scratch/dginelli/workspace/repairnator-repairnator-experiments-Brest-Java-Course-2018-valentine-ezugu-370075586-20180423-144310-firstCommit/model/src/main/java/com/epam/brest/course/dto/TruckFullDetailDto.java:40:66: Parameter purchasedDate should be final. [FinalParameters]
[ERROR] /scratch/dginelli/workspace/repairnator-repairnator-experiments-Brest-Java-Course-2018-valentine-ezugu-370075586-20180423-144310-firstCommit/model/src/main/java/com/epam/brest/course/dto/TruckFullDetailDto.java:40:71: 'purchasedDate' hides a field. [HiddenField]
[ERROR] /scratch/dginelli/workspace/repairnator-repairnator-experiments-Brest-Java-Course-2018-valentine-ezugu-370075586-20180423-144310-firstCommit/model/src/main/java/com/epam/brest/course/dto/TruckFullDetailDto.java:41:31: Parameter descriptions should be final. [FinalParameters]
[ERROR] /scratch/dginelli/workspace/repairnator-repairnator-experiments-Brest-Java-Course-2018-valentine-ezugu-370075586-20180423-144310-firstCommit/model/src/main/java/com/epam/brest/course/dto/TruckFullDetailDto.java:41:38: 'descriptions' hides a field. [HiddenField]
[ERROR] /scratch/dginelli/workspace/repairnator-repairnator-experiments-Brest-Java-Course-2018-valentine-ezugu-370075586-20180423-144310-firstCommit/model/src/main/java/com/epam/brest/course/dto/TruckFullDetailDto.java:42:31: Parameter avgPerMonth should be final. [FinalParameters]
[ERROR] /scratch/dginelli/workspace/repairnator-repairnator-experiments-Brest-Java-Course-2018-valentine-ezugu-370075586-20180423-144310-firstCommit/model/src/main/java/com/epam/brest/course/dto/TruckFullDetailDto.java:42:38: 'avgPerMonth' hides a field. [HiddenField]
[ERROR] /scratch/dginelli/workspace/repairnator-repairnator-experiments-Brest-Java-Course-2018-valentine-ezugu-370075586-20180423-144310-firstCommit/model/src/main/java/com/epam/brest/course/dto/TruckFullDetailDto.java:50:5: Missing a Javadoc comment. [JavadocMethod]
[ERROR] /scratch/dginelli/workspace/repairnator-repairnator-experiments-Brest-Java-Course-2018-valentine-ezugu-370075586-20180423-144310-firstCommit/model/src/main/java/com/epam/brest/course/dto/TruckFullDetailDto.java:56:5: Method 'getTruckId' is not designed for extension - needs to be abstract, final or empty. [DesignForExtension]
[ERROR] /scratch/dginelli/workspace/repairnator-repairnator-experiments-Brest-Java-Course-2018-valentine-ezugu-370075586-20180423-144310-firstCommit/model/src/main/java/com/epam/brest/course/dto/TruckFullDetailDto.java:63:5: Method 'setTruckId' is not designed for extension - needs to be abstract, final or empty. [DesignForExtension]
[ERROR] /scratch/dginelli/workspace/repairnator-repairnator-experiments-Brest-Java-Course-2018-valentine-ezugu-370075586-20180423-144310-firstCommit/model/src/main/java/com/epam/brest/course/dto/TruckFullDetailDto.java:63:28: Parameter id should be final. [FinalParameters]
[ERROR] /scratch/dginelli/workspace/repairnator-repairnator-experiments-Brest-Java-Course-2018-valentine-ezugu-370075586-20180423-144310-firstCommit/model/src/main/java/com/epam/brest/course/dto/TruckFullDetailDto.java:70:5: Method 'getTruckCode' is not designed for extension - needs to be abstract, final or empty. [DesignForExtension]
[ERROR] /scratch/dginelli/workspace/repairnator-repairnator-experiments-Brest-Java-Course-2018-valentine-ezugu-370075586-20180423-144310-firstCommit/model/src/main/java/com/epam/brest/course/dto/TruckFullDetailDto.java:77:5: Method 'setTruckCode' is not designed for extension - needs to be abstract, final or empty. [DesignForExtension]
[ERROR] /scratch/dginelli/workspace/repairnator-repairnator-experiments-Brest-Java-Course-2018-valentine-ezugu-370075586-20180423-144310-firstCommit/model/src/main/java/com/epam/brest/course/dto/TruckFullDetailDto.java:77:30: Parameter code should be final. [FinalParameters]
[ERROR] /scratch/dginelli/workspace/repairnator-repairnator-experiments-Brest-Java-Course-2018-valentine-ezugu-370075586-20180423-144310-firstCommit/model/src/main/java/com/epam/brest/course/dto/TruckFullDetailDto.java:84:5: Method 'getPurchasedDate' is not designed for extension - needs to be abstract, final or empty. [DesignForExtension]
[ERROR] /scratch/dginelli/workspace/repairnator-repairnator-experiments-Brest-Java-Course-2018-valentine-ezugu-370075586-20180423-144310-firstCommit/model/src/main/java/com/epam/brest/course/dto/TruckFullDetailDto.java:91:5: Method 'setPurchasedDate' is not designed for extension - needs to be abstract, final or empty. [DesignForExtension]
[ERROR] /scratch/dginelli/workspace/repairnator-repairnator-experiments-Brest-Java-Course-2018-valentine-ezugu-370075586-20180423-144310-firstCommit/model/src/main/java/com/epam/brest/course/dto/TruckFullDetailDto.java:91:34: Parameter date should be final. [FinalParameters]
[ERROR] /scratch/dginelli/workspace/repairnator-repairnator-experiments-Brest-Java-Course-2018-valentine-ezugu-370075586-20180423-144310-firstCommit/model/src/main/java/com/epam/brest/course/dto/TruckFullDetailDto.java:98:5: Method 'getDescriptions' is not designed for extension - needs to be abstract, final or empty. [DesignForExtension]
[ERROR] /scratch/dginelli/workspace/repairnator-repairnator-experiments-Brest-Java-Course-2018-valentine-ezugu-370075586-20180423-144310-firstCommit/model/src/main/java/com/epam/brest/course/dto/TruckFullDetailDto.java:105:5: Method 'setDescriptions' is not designed for extension - needs to be abstract, final or empty. [DesignForExtension]
[ERROR] /scratch/dginelli/workspace/repairnator-repairnator-experiments-Brest-Java-Course-2018-valentine-ezugu-370075586-20180423-144310-firstCommit/model/src/main/java/com/epam/brest/course/dto/TruckFullDetailDto.java:105:33: Parameter description should be final. [FinalParameters]
[ERROR] /scratch/dginelli/workspace/repairnator-repairnator-experiments-Brest-Java-Course-2018-valentine-ezugu-370075586-20180423-144310-firstCommit/model/src/main/java/com/epam/brest/course/dto/TruckFullDetailDto.java:112:5: Method 'getOrderList' is not designed for extension - needs to be abstract, final or empty. [DesignForExtension]
[ERROR] /scratch/dginelli/workspace/repairnator-repairnator-experiments-Brest-Java-Course-2018-valentine-ezugu-370075586-20180423-144310-firstCommit/model/src/main/java/com/epam/brest/course/dto/TruckFullDetailDto.java:119:5: Method 'setOrderList' is not designed for extension - needs to be abstract, final or empty. [DesignForExtension]
[ERROR] /scratch/dginelli/workspace/repairnator-repairnator-experiments-Brest-Java-Course-2018-valentine-ezugu-370075586-20180423-144310-firstCommit/model/src/main/java/com/epam/brest/course/dto/TruckFullDetailDto.java:119:30: Parameter orderList should be final. [FinalParameters]
[ERROR] /scratch/dginelli/workspace/repairnator-repairnator-experiments-Brest-Java-Course-2018-valentine-ezugu-370075586-20180423-144310-firstCommit/model/src/main/java/com/epam/brest/course/dto/TruckFullDetailDto.java:119:42: 'orderList' hides a field. [HiddenField]
[ERROR] /scratch/dginelli/workspace/repairnator-repairnator-experiments-Brest-Java-Course-2018-valentine-ezugu-370075586-20180423-144310-firstCommit/model/src/main/java/com/epam/brest/course/dto/TruckFullDetailDto.java:126:5: Method 'getAvgPerMonth' is not designed for extension - needs to be abstract, final or empty. [DesignForExtension]
[ERROR] /scratch/dginelli/workspace/repairnator-repairnator-experiments-Brest-Java-Course-2018-valentine-ezugu-370075586-20180423-144310-firstCommit/model/src/main/java/com/epam/brest/course/dto/TruckFullDetailDto.java:133:5: Method 'setAvgPerMonth' is not designed for extension - needs to be abstract, final or empty. [DesignForExtension]
[ERROR] /scratch/dginelli/workspace/repairnator-repairnator-experiments-Brest-Java-Course-2018-valentine-ezugu-370075586-20180423-144310-firstCommit/model/src/main/java/com/epam/brest/course/dto/TruckFullDetailDto.java:133:32: Parameter permonth should be final. [FinalParameters]
[ERROR] /scratch/dginelli/workspace/repairnator-repairnator-experiments-Brest-Java-Course-2018-valentine-ezugu-370075586-20180423-144310-firstCommit/model/src/main/java/com/epam/brest/course/dto/TruckFullDetailDto.java:137:5: Method 'toString' is not designed for extension - needs to be abstract, final or empty. [DesignForExtension]
[ERROR] /scratch/dginelli/workspace/repairnator-repairnator-experiments-Brest-Java-Course-2018-valentine-ezugu-370075586-20180423-144310-firstCommit/model/src/main/java/com/epam/brest/course/model/Order.java:41:18: Parameter orderId should be final. [FinalParameters]
[ERROR] /scratch/dginelli/workspace/repairnator-repairnator-experiments-Brest-Java-Course-2018-valentine-ezugu-370075586-20180423-144310-firstCommit/model/src/main/java/com/epam/brest/course/model/Order.java:41:26: 'orderId' hides a field. [HiddenField]
[ERROR] /scratch/dginelli/workspace/repairnator-repairnator-experiments-Brest-Java-Course-2018-valentine-ezugu-370075586-20180423-144310-firstCommit/model/src/main/java/com/epam/brest/course/model/Order.java:41:35: Parameter qty should be final. [FinalParameters]
[ERROR] /scratch/dginelli/workspace/repairnator-repairnator-experiments-Brest-Java-Course-2018-valentine-ezugu-370075586-20180423-144310-firstCommit/model/src/main/java/com/epam/brest/course/model/Order.java:41:47: Parameter date should be final. [FinalParameters]
[ERROR] /scratch/dginelli/workspace/repairnator-repairnator-experiments-Brest-Java-Course-2018-valentine-ezugu-370075586-20180423-144310-firstCommit/model/src/main/java/com/epam/brest/course/model/Order.java:41:58: Parameter id should be final. [FinalParameters]
Audit done.
[INFO] There are 93 errors reported by Checkstyle 6.18 with sun_checks.xml ruleset.
[ERROR] src/main/java/com/epam/brest/course/dto/TruckWithAvgDto.java:[35] (javadoc) JavadocMethod: Expected an @return tag.
[ERROR] src/main/java/com/epam/brest/course/dto/TruckWithAvgDto.java:[35,5] (design) DesignForExtension: Method 'getTruckId' is not designed for extension - needs to be abstract, final or empty.
[ERROR] src/main/java/com/epam/brest/course/dto/TruckWithAvgDto.java:[43,5] (design) DesignForExtension: Method 'setTruckId' is not designed for extension - needs to be abstract, final or empty.
[ERROR] src/main/java/com/epam/brest/course/dto/TruckWithAvgDto.java:[43,28] (misc) FinalParameters: Parameter truckId should be final.
[ERROR] src/main/java/com/epam/brest/course/dto/TruckWithAvgDto.java:[43,36] (coding) HiddenField: 'truckId' hides a field.
[ERROR] src/main/java/com/epam/brest/course/dto/TruckWithAvgDto.java:[43,36] (javadoc) JavadocMethod: Expected @param tag for 'truckId'.
[ERROR] src/main/java/com/epam/brest/course/dto/TruckWithAvgDto.java:[51] (javadoc) JavadocMethod: Expected an @return tag.
[ERROR] src/main/java/com/epam/brest/course/dto/TruckWithAvgDto.java:[51,5] (design) DesignForExtension: Method 'getTruckCode' is not designed for extension - needs to be abstract, final or empty.
[ERROR] src/main/java/com/epam/brest/course/dto/TruckWithAvgDto.java:[59,5] (design) DesignForExtension: Method 'setTruckCode' is not designed for extension - needs to be abstract, final or empty.
[ERROR] src/main/java/com/epam/brest/course/dto/TruckWithAvgDto.java:[59,30] (misc) FinalParameters: Parameter truckCode should be final.
[ERROR] src/main/java/com/epam/brest/course/dto/TruckWithAvgDto.java:[59,37] (coding) HiddenField: 'truckCode' hides a field.
[ERROR] src/main/java/com/epam/brest/course/dto/TruckWithAvgDto.java:[59,37] (javadoc) JavadocMethod: Expected @param tag for 'truckCode'.
[ERROR] src/main/java/com/epam/brest/course/dto/TruckWithAvgDto.java:[67] (javadoc) JavadocMethod: Expected an @return tag.
[ERROR] src/main/java/com/epam/brest/course/dto/TruckWithAvgDto.java:[67,5] (design) DesignForExtension: Method 'getPurchasedDate' is not designed for extension - needs to be abstract, final or empty.
[ERROR] src/main/java/com/epam/brest/course/dto/TruckWithAvgDto.java:[75,5] (design) DesignForExtension: Method 'setPurchasedDate' is not designed for extension - needs to be abstract, final or empty.
[ERROR] src/main/java/com/epam/brest/course/dto/TruckWithAvgDto.java:[75,34] (misc) FinalParameters: Parameter purchasedDate should be final.
[ERROR] src/main/java/com/epam/brest/course/dto/TruckWithAvgDto.java:[75,39] (coding) HiddenField: 'purchasedDate' hides a field.
[ERROR] src/main/java/com/epam/brest/course/dto/TruckWithAvgDto.java:[75,39] (javadoc) JavadocMethod: Expected @param tag for 'purchasedDate'.
[ERROR] src/main/java/com/epam/brest/course/dto/TruckWithAvgDto.java:[83] (javadoc) JavadocMethod: Expected an @return tag.
[ERROR] src/main/java/com/epam/brest/course/dto/TruckWithAvgDto.java:[83,5] (design) DesignForExtension: Method 'getDescriptions' is not designed for extension - needs to be abstract, final or empty.
[ERROR] src/main/java/com/epam/brest/course/dto/TruckWithAvgDto.java:[91,5] (design) DesignForExtension: Method 'setDescriptions' is not designed for extension - needs to be abstract, final or empty.
[ERROR] src/main/java/com/epam/brest/course/dto/TruckWithAvgDto.java:[91,33] (misc) FinalParameters: Parameter descriptions should be final.
[ERROR] src/main/java/com/epam/brest/course/dto/TruckWithAvgDto.java:[91,40] (coding) HiddenField: 'descriptions' hides a field.
[ERROR] src/main/java/com/epam/brest/course/dto/TruckWithAvgDto.java:[91,40] (javadoc) JavadocMethod: Expected @param tag for 'descriptions'.
[ERROR] src/main/java/com/epam/brest/course/dto/TruckWithAvgDto.java:[99] (javadoc) JavadocMethod: Expected an @return tag.
[ERROR] src/main/java/com/epam/brest/course/dto/TruckWithAvgDto.java:[99,5] (design) DesignForExtension: Method 'getAvgPerMonth' is not designed for extension - needs to be abstract, final or empty.
[ERROR] src/main/java/com/epam/brest/course/dto/TruckWithAvgDto.java:[107,5] (design) DesignForExtension: Method 'setAvgPerMonth' is not designed for extension - needs to be abstract, final or empty.
[ERROR] src/main/java/com/epam/brest/course/dto/TruckWithAvgDto.java:[107,32] (misc) FinalParameters: Parameter avgPerMonth should be final.
[ERROR] src/main/java/com/epam/brest/course/dto/TruckWithAvgDto.java:[107,39] (coding) HiddenField: 'avgPerMonth' hides a field.
[ERROR] src/main/java/com/epam/brest/course/dto/TruckWithAvgDto.java:[107,39] (javadoc) JavadocMethod: Expected @param tag for 'avgPerMonth'.
[ERROR] src/main/java/com/epam/brest/course/dto/TruckForSaveAndUpdate.java:[5] (javadoc) JavadocType: Missing a Javadoc comment.
[ERROR] src/main/java/com/epam/brest/course/dto/TruckForSaveAndUpdate.java:[29,5] (design) DesignForExtension: Method 'getTruckId' is not designed for extension - needs to be abstract, final or empty.
[ERROR] src/main/java/com/epam/brest/course/dto/TruckForSaveAndUpdate.java:[29,5] (javadoc) JavadocMethod: Missing a Javadoc comment.
[ERROR] src/main/java/com/epam/brest/course/dto/TruckForSaveAndUpdate.java:[33,5] (design) DesignForExtension: Method 'setTruckId' is not designed for extension - needs to be abstract, final or empty.
[ERROR] src/main/java/com/epam/brest/course/dto/TruckForSaveAndUpdate.java:[33,5] (javadoc) JavadocMethod: Missing a Javadoc comment.
[ERROR] src/main/java/com/epam/brest/course/dto/TruckForSaveAndUpdate.java:[33,28] (misc) FinalParameters: Parameter truckId should be final.
[ERROR] src/main/java/com/epam/brest/course/dto/TruckForSaveAndUpdate.java:[33,36] (coding) HiddenField: 'truckId' hides a field.
[ERROR] src/main/java/com/epam/brest/course/dto/TruckForSaveAndUpdate.java:[37,5] (design) DesignForExtension: Method 'getTruckCode' is not designed for extension - needs to be abstract, final or empty.
[ERROR] src/main/java/com/epam/brest/course/dto/TruckForSaveAndUpdate.java:[37,5] (javadoc) JavadocMethod: Missing a Javadoc comment.
[ERROR] src/main/java/com/epam/brest/course/dto/TruckForSaveAndUpdate.java:[41,5] (design) DesignForExtension: Method 'setTruckCode' is not designed for extension - needs to be abstract, final or empty.
[ERROR] src/main/java/com/epam/brest/course/dto/TruckForSaveAndUpdate.java:[41,5] (javadoc) JavadocMethod: Missing a Javadoc comment.
[ERROR] src/main/java/com/epam/brest/course/dto/TruckForSaveAndUpdate.java:[41,30] (misc) FinalParameters: Parameter truckCode should be final.
[ERROR] src/main/java/com/epam/brest/course/dto/TruckForSaveAndUpdate.java:[41,37] (coding) HiddenField: 'truckCode' hides a field.
[ERROR] src/main/java/com/epam/brest/course/dto/TruckForSaveAndUpdate.java:[45,5] (design) DesignForExtension: Method 'getPurchasedDate' is not designed for extension - needs to be abstract, final or empty.
[ERROR] src/main/java/com/epam/brest/course/dto/TruckForSaveAndUpdate.java:[45,5] (javadoc) JavadocMethod: Missing a Javadoc comment.
[ERROR] src/main/java/com/epam/brest/course/dto/TruckForSaveAndUpdate.java:[49,5] (design) DesignForExtension: Method 'setPurchasedDate' is not designed for extension - needs to be abstract, final or empty.
[ERROR] src/main/java/com/epam/brest/course/dto/TruckForSaveAndUpdate.java:[49,5] (javadoc) JavadocMethod: Missing a Javadoc comment.
[ERROR] src/main/java/com/epam/brest/course/dto/TruckForSaveAndUpdate.java:[49,34] (misc) FinalParameters: Parameter purchasedDate should be final.
[ERROR] src/main/java/com/epam/brest/course/dto/TruckForSaveAndUpdate.java:[49,39] (coding) HiddenField: 'purchasedDate' hides a field.
[ERROR] src/main/java/com/epam/brest/course/dto/TruckForSaveAndUpdate.java:[53,5] (design) DesignForExtension: Method 'getDescriptions' is not designed for extension - needs to be abstract, final or empty.
[ERROR] src/main/java/com/epam/brest/course/dto/TruckForSaveAndUpdate.java:[53,5] (javadoc) JavadocMethod: Missing a Javadoc comment.
[ERROR] src/main/java/com/epam/brest/course/dto/TruckForSaveAndUpdate.java:[57,5] (design) DesignForExtension: Method 'setDescriptions' is not designed for extension - needs to be abstract, final or empty.
[ERROR] src/main/java/com/epam/brest/course/dto/TruckForSaveAndUpdate.java:[57,5] (javadoc) JavadocMethod: Missing a Javadoc comment.
[ERROR] src/main/java/com/epam/brest/course/dto/TruckForSaveAndUpdate.java:[57,33] (misc) FinalParameters: Parameter descriptions should be final.
[ERROR] src/main/java/com/epam/brest/course/dto/TruckForSaveAndUpdate.java:[57,40] (coding) HiddenField: 'descriptions' hides a field.
[ERROR] src/main/java/com/epam/brest/course/dto/TruckFullDetailDto.java:[40] (sizes) LineLength: Line is longer than 80 characters (found 84).
[ERROR] src/main/java/com/epam/brest/course/dto/TruckFullDetailDto.java:[40,5] (javadoc) JavadocMethod: Missing a Javadoc comment.
[ERROR] src/main/java/com/epam/brest/course/dto/TruckFullDetailDto.java:[40,31] (misc) FinalParameters: Parameter truckId should be final.
[ERROR] src/main/java/com/epam/brest/course/dto/TruckFullDetailDto.java:[40,39] (coding) HiddenField: 'truckId' hides a field.
[ERROR] src/main/java/com/epam/brest/course/dto/TruckFullDetailDto.java:[40,48] (misc) FinalParameters: Parameter truckCode should be final.
[ERROR] src/main/java/com/epam/brest/course/dto/TruckFullDetailDto.java:[40,55] (coding) HiddenField: 'truckCode' hides a field.
[ERROR] src/main/java/com/epam/brest/course/dto/TruckFullDetailDto.java:[40,66] (misc) FinalParameters: Parameter purchasedDate should be final.
[ERROR] src/main/java/com/epam/brest/course/dto/TruckFullDetailDto.java:[40,71] (coding) HiddenField: 'purchasedDate' hides a field.
[ERROR] src/main/java/com/epam/brest/course/dto/TruckFullDetailDto.java:[41,31] (misc) FinalParameters: Parameter descriptions should be final.
[ERROR] src/main/java/com/epam/brest/course/dto/TruckFullDetailDto.java:[41,38] (coding) HiddenField: 'descriptions' hides a field.
[ERROR] src/main/java/com/epam/brest/course/dto/TruckFullDetailDto.java:[42,31] (misc) FinalParameters: Parameter avgPerMonth should be final.
[ERROR] src/main/java/com/epam/brest/course/dto/TruckFullDetailDto.java:[42,38] (coding) HiddenField: 'avgPerMonth' hides a field.
[ERROR] src/main/java/com/epam/brest/course/dto/TruckFullDetailDto.java:[50,5] (javadoc) JavadocMethod: Missing a Javadoc comment.
[ERROR] src/main/java/com/epam/brest/course/dto/TruckFullDetailDto.java:[56,5] (design) DesignForExtension: Method 'getTruckId' is not designed for extension - needs to be abstract, final or empty.
[ERROR] src/main/java/com/epam/brest/course/dto/TruckFullDetailDto.java:[63,5] (design) DesignForExtension: Method 'setTruckId' is not designed for extension - needs to be abstract, final or empty.
[ERROR] src/main/java/com/epam/brest/course/dto/TruckFullDetailDto.java:[63,28] (misc) FinalParameters: Parameter id should be final.
[ERROR] src/main/java/com/epam/brest/course/dto/TruckFullDetailDto.java:[70,5] (design) DesignForExtension: Method 'getTruckCode' is not designed for extension - needs to be abstract, final or empty.
[ERROR] src/main/java/com/epam/brest/course/dto/TruckFullDetailDto.java:[77,5] (design) DesignForExtension: Method 'setTruckCode' is not designed for extension - needs to be abstract, final or empty.
[ERROR] src/main/java/com/epam/brest/course/dto/TruckFullDetailDto.java:[77,30] (misc) FinalParameters: Parameter code should be final.
[ERROR] src/main/java/com/epam/brest/course/dto/TruckFullDetailDto.java:[84,5] (design) DesignForExtension: Method 'getPurchasedDate' is not designed for extension - needs to be abstract, final or empty.
[ERROR] src/main/java/com/epam/brest/course/dto/TruckFullDetailDto.java:[91,5] (design) DesignForExtension: Method 'setPurchasedDate' is not designed for extension - needs to be abstract, final or empty.
[ERROR] src/main/java/com/epam/brest/course/dto/TruckFullDetailDto.java:[91,34] (misc) FinalParameters: Parameter date should be final.
[ERROR] src/main/java/com/epam/brest/course/dto/TruckFullDetailDto.java:[98,5] (design) DesignForExtension: Method 'getDescriptions' is not designed for extension - needs to be abstract, final or empty.
[ERROR] src/main/java/com/epam/brest/course/dto/TruckFullDetailDto.java:[105,5] (design) DesignForExtension: Method 'setDescriptions' is not designed for extension - needs to be abstract, final or empty.
[ERROR] src/main/java/com/epam/brest/course/dto/TruckFullDetailDto.java:[105,33] (misc) FinalParameters: Parameter description should be final.
[ERROR] src/main/java/com/epam/brest/course/dto/TruckFullDetailDto.java:[112,5] (design) DesignForExtension: Method 'getOrderList' is not designed for extension - needs to be abstract, final or empty.
[ERROR] src/main/java/com/epam/brest/course/dto/TruckFullDetailDto.java:[119,5] (design) DesignForExtension: Method 'setOrderList' is not designed for extension - needs to be abstract, final or empty.
[ERROR] src/main/java/com/epam/brest/course/dto/TruckFullDetailDto.java:[119,30] (misc) FinalParameters: Parameter orderList should be final.
[ERROR] src/main/java/com/epam/brest/course/dto/TruckFullDetailDto.java:[119,42] (coding) HiddenField: 'orderList' hides a field.
[ERROR] src/main/java/com/epam/brest/course/dto/TruckFullDetailDto.java:[126,5] (design) DesignForExtension: Method 'getAvgPerMonth' is not designed for extension - needs to be abstract, final or empty.
[ERROR] src/main/java/com/epam/brest/course/dto/TruckFullDetailDto.java:[133,5] (design) DesignForExtension: Method 'setAvgPerMonth' is not designed for extension - needs to be abstract, final or empty.
[ERROR] src/main/java/com/epam/brest/course/dto/TruckFullDetailDto.java:[133,32] (misc) FinalParameters: Parameter permonth should be final.
[ERROR] src/main/java/com/epam/brest/course/dto/TruckFullDetailDto.java:[137,5] (design) DesignForExtension: Method 'toString' is not designed for extension - needs to be abstract, final or empty.
[ERROR] src/main/java/com/epam/brest/course/model/Order.java:[41,18] (misc) FinalParameters: Parameter orderId should be final.
[ERROR] src/main/java/com/epam/brest/course/model/Order.java:[41,26] (coding) HiddenField: 'orderId' hides a field.
[ERROR] src/main/java/com/epam/brest/course/model/Order.java:[41,35] (misc) FinalParameters: Parameter qty should be final.
[ERROR] src/main/java/com/epam/brest/course/model/Order.java:[41,47] (misc) FinalParameters: Parameter date should be final.
[ERROR] src/main/java/com/epam/brest/course/model/Order.java:[41,58] (misc) FinalParameters: Parameter id should be final.
[WARNING] checkstyle:check violations detected but failOnViolation set to false
[INFO] 
[INFO] --- maven-resources-plugin:2.6:resources (default-resources) @ model ---
[INFO] Using 'UTF-8' encoding to copy filtered resources.
[INFO] skip non existing resourceDirectory /scratch/dginelli/workspace/repairnator-repairnator-experiments-Brest-Java-Course-2018-valentine-ezugu-370075586-20180423-144310-firstCommit/model/src/main/resources
[INFO] 
[INFO] --- maven-compiler-plugin:3.7.0:compile (default-compile) @ model ---
[INFO] Changes detected - recompiling the module!
[INFO] Compiling 8 source files to /scratch/dginelli/workspace/repairnator-repairnator-experiments-Brest-Java-Course-2018-valentine-ezugu-370075586-20180423-144310-firstCommit/model/target/classes
[INFO] 
[INFO] --- maven-resources-plugin:2.6:testResources (default-testResources) @ model ---
[INFO] Using 'UTF-8' encoding to copy filtered resources.
[INFO] skip non existing resourceDirectory /scratch/dginelli/workspace/repairnator-repairnator-experiments-Brest-Java-Course-2018-valentine-ezugu-370075586-20180423-144310-firstCommit/model/src/test/resources
[INFO] 
[INFO] --- maven-compiler-plugin:3.7.0:testCompile (default-testCompile) @ model ---
[INFO] No sources to compile
[INFO] 
[INFO] --- maven-surefire-plugin:2.16:test (default-test) @ model ---
[INFO] No tests to run.
[INFO]                                                                         
[INFO] ------------------------------------------------------------------------
[INFO] Building test-db 1.0-SNAPSHOT
[INFO] ------------------------------------------------------------------------
[INFO] 
[INFO] --- maven-checkstyle-plugin:3.0.0:check (validate) @ test-db ---
[INFO] Starting audit...
Audit done.
[INFO] 
[INFO] --- maven-resources-plugin:2.6:resources (default-resources) @ test-db ---
[INFO] Using 'UTF-8' encoding to copy filtered resources.
[INFO] Copying 3 resources
[INFO] 
[INFO] --- maven-compiler-plugin:3.7.0:compile (default-compile) @ test-db ---
[INFO] No sources to compile
[INFO] 
[INFO] --- maven-resources-plugin:2.6:testResources (default-testResources) @ test-db ---
[INFO] Using 'UTF-8' encoding to copy filtered resources.
[INFO] skip non existing resourceDirectory /scratch/dginelli/workspace/repairnator-repairnator-experiments-Brest-Java-Course-2018-valentine-ezugu-370075586-20180423-144310-firstCommit/test-db/src/test/resources
[INFO] 
[INFO] --- maven-compiler-plugin:3.7.0:testCompile (default-testCompile) @ test-db ---
[INFO] No sources to compile
[INFO] 
[INFO] --- maven-surefire-plugin:2.16:test (default-test) @ test-db ---
[INFO] No tests to run.
[INFO]                                                                         
[INFO] ------------------------------------------------------------------------
[INFO] Building dao-api 1.0-SNAPSHOT
[INFO] ------------------------------------------------------------------------
[INFO] 
[INFO] --- maven-checkstyle-plugin:3.0.0:check (validate) @ dao-api ---
[INFO] Starting audit...
[ERROR] /scratch/dginelli/workspace/repairnator-repairnator-experiments-Brest-Java-Course-2018-valentine-ezugu-370075586-20180423-144310-firstCommit/dao-api/src/main/java/com/epam/brest/course/dao/TruckDao.java:0: Missing package-info.java file. [JavadocPackage]
[ERROR] /scratch/dginelli/workspace/repairnator-repairnator-experiments-Brest-Java-Course-2018-valentine-ezugu-370075586-20180423-144310-firstCommit/dao-api/src/main/java/com/epam/brest/course/dao/OrderDao.java:18:41: Expected @param tag for 'start'. [JavadocMethod]
[ERROR] /scratch/dginelli/workspace/repairnator-repairnator-experiments-Brest-Java-Course-2018-valentine-ezugu-370075586-20180423-144310-firstCommit/dao-api/src/main/java/com/epam/brest/course/dao/OrderDao.java:18:53: Expected @param tag for 'end'. [JavadocMethod]
Audit done.
[INFO] There are 3 errors reported by Checkstyle 6.18 with sun_checks.xml ruleset.
[ERROR] src/main/java/com/epam/brest/course/dao/TruckDao.java:[0] (javadoc) JavadocPackage: Missing package-info.java file.
[ERROR] src/main/java/com/epam/brest/course/dao/OrderDao.java:[18,41] (javadoc) JavadocMethod: Expected @param tag for 'start'.
[ERROR] src/main/java/com/epam/brest/course/dao/OrderDao.java:[18,53] (javadoc) JavadocMethod: Expected @param tag for 'end'.
[WARNING] checkstyle:check violations detected but failOnViolation set to false
[INFO] 
[INFO] --- maven-resources-plugin:2.6:resources (default-resources) @ dao-api ---
[INFO] Using 'UTF-8' encoding to copy filtered resources.
[INFO] skip non existing resourceDirectory /scratch/dginelli/workspace/repairnator-repairnator-experiments-Brest-Java-Course-2018-valentine-ezugu-370075586-20180423-144310-firstCommit/dao-api/src/main/resources
[INFO] 
[INFO] --- maven-compiler-plugin:3.7.0:compile (default-compile) @ dao-api ---
[INFO] Nothing to compile - all classes are up to date
[INFO] 
[INFO] --- maven-resources-plugin:2.6:testResources (default-testResources) @ dao-api ---
[INFO] Using 'UTF-8' encoding to copy filtered resources.
[INFO] skip non existing resourceDirectory /scratch/dginelli/workspace/repairnator-repairnator-experiments-Brest-Java-Course-2018-valentine-ezugu-370075586-20180423-144310-firstCommit/dao-api/src/test/resources
[INFO] 
[INFO] --- maven-compiler-plugin:3.7.0:testCompile (default-testCompile) @ dao-api ---
[INFO] No sources to compile
[INFO] 
[INFO] --- maven-surefire-plugin:2.16:test (default-test) @ dao-api ---
[INFO] No tests to run.
[INFO]                                                                         
[INFO] ------------------------------------------------------------------------
[INFO] Building dao 1.0-SNAPSHOT
[INFO] ------------------------------------------------------------------------
[INFO] 
[INFO] --- maven-checkstyle-plugin:3.0.0:check (validate) @ dao ---
[INFO] Starting audit...
[ERROR] /scratch/dginelli/workspace/repairnator-repairnator-experiments-Brest-Java-Course-2018-valentine-ezugu-370075586-20180423-144310-firstCommit/dao/src/main/java/com/epam/brest/course/dao/TruckDaoImpl.java:21: Using the '.*' form of import should be avoided - java.util.*. [AvoidStarImport]
[ERROR] /scratch/dginelli/workspace/repairnator-repairnator-experiments-Brest-Java-Course-2018-valentine-ezugu-370075586-20180423-144310-firstCommit/dao/src/main/java/com/epam/brest/course/dao/TruckDaoImpl.java:29:5: Missing a Javadoc comment. [JavadocVariable]
[ERROR] /scratch/dginelli/workspace/repairnator-repairnator-experiments-Brest-Java-Course-2018-valentine-ezugu-370075586-20180423-144310-firstCommit/dao/src/main/java/com/epam/brest/course/dao/TruckDaoImpl.java:30:5: Missing a Javadoc comment. [JavadocVariable]
[ERROR] /scratch/dginelli/workspace/repairnator-repairnator-experiments-Brest-Java-Course-2018-valentine-ezugu-370075586-20180423-144310-firstCommit/dao/src/main/java/com/epam/brest/course/dao/TruckDaoImpl.java:31:5: Missing a Javadoc comment. [JavadocVariable]
[ERROR] /scratch/dginelli/workspace/repairnator-repairnator-experiments-Brest-Java-Course-2018-valentine-ezugu-370075586-20180423-144310-firstCommit/dao/src/main/java/com/epam/brest/course/dao/TruckDaoImpl.java:32:5: Missing a Javadoc comment. [JavadocVariable]
[ERROR] /scratch/dginelli/workspace/repairnator-repairnator-experiments-Brest-Java-Course-2018-valentine-ezugu-370075586-20180423-144310-firstCommit/dao/src/main/java/com/epam/brest/course/dao/TruckDaoImpl.java:137:25: ',' is preceded with whitespace. [NoWhitespaceBefore]
[ERROR] /scratch/dginelli/workspace/repairnator-repairnator-experiments-Brest-Java-Course-2018-valentine-ezugu-370075586-20180423-144310-firstCommit/dao/src/main/java/com/epam/brest/course/dao/TruckDaoImpl.java:138: Line is longer than 80 characters (found 82). [LineLength]
[ERROR] /scratch/dginelli/workspace/repairnator-repairnator-experiments-Brest-Java-Course-2018-valentine-ezugu-370075586-20180423-144310-firstCommit/dao/src/main/java/com/epam/brest/course/dao/TruckDaoImpl.java:173: Line is longer than 80 characters (found 85). [LineLength]
[ERROR] /scratch/dginelli/workspace/repairnator-repairnator-experiments-Brest-Java-Course-2018-valentine-ezugu-370075586-20180423-144310-firstCommit/dao/src/main/java/com/epam/brest/course/dao/TruckDaoImpl.java:175:5: Method 'getTruckFullDetailById' is not designed for extension - needs to be abstract, final or empty. [DesignForExtension]
[ERROR] /scratch/dginelli/workspace/repairnator-repairnator-experiments-Brest-Java-Course-2018-valentine-ezugu-370075586-20180423-144310-firstCommit/dao/src/main/java/com/epam/brest/course/dao/TruckDaoImpl.java:176:54: '(' is preceded with whitespace. [MethodParamPad]
[ERROR] /scratch/dginelli/workspace/repairnator-repairnator-experiments-Brest-Java-Course-2018-valentine-ezugu-370075586-20180423-144310-firstCommit/dao/src/main/java/com/epam/brest/course/dao/TruckDaoImpl.java:182: Line is longer than 80 characters (found 90). [LineLength]
[ERROR] /scratch/dginelli/workspace/repairnator-repairnator-experiments-Brest-Java-Course-2018-valentine-ezugu-370075586-20180423-144310-firstCommit/dao/src/main/java/com/epam/brest/course/dao/TruckDaoImpl.java:189: First sentence should end with a period. [JavadocStyle]
[ERROR] /scratch/dginelli/workspace/repairnator-repairnator-experiments-Brest-Java-Course-2018-valentine-ezugu-370075586-20180423-144310-firstCommit/dao/src/main/java/com/epam/brest/course/dao/TruckDaoImpl.java:193:8: Missing a Javadoc comment. [JavadocVariable]
[ERROR] /scratch/dginelli/workspace/repairnator-repairnator-experiments-Brest-Java-Course-2018-valentine-ezugu-370075586-20180423-144310-firstCommit/dao/src/main/java/com/epam/brest/course/dao/TruckDaoImpl.java:195:6: Method 'mapRow' is not designed for extension - needs to be abstract, final or empty. [DesignForExtension]
[ERROR] /scratch/dginelli/workspace/repairnator-repairnator-experiments-Brest-Java-Course-2018-valentine-ezugu-370075586-20180423-144310-firstCommit/dao/src/main/java/com/epam/brest/course/dao/TruckDaoImpl.java:195:6: Missing a Javadoc comment. [JavadocMethod]
[ERROR] /scratch/dginelli/workspace/repairnator-repairnator-experiments-Brest-Java-Course-2018-valentine-ezugu-370075586-20180423-144310-firstCommit/dao/src/main/java/com/epam/brest/course/dao/TruckDaoImpl.java:195:39: Parameter rs should be final. [FinalParameters]
[ERROR] /scratch/dginelli/workspace/repairnator-repairnator-experiments-Brest-Java-Course-2018-valentine-ezugu-370075586-20180423-144310-firstCommit/dao/src/main/java/com/epam/brest/course/dao/TruckDaoImpl.java:195:53: Parameter rowNum should be final. [FinalParameters]
[ERROR] /scratch/dginelli/workspace/repairnator-repairnator-experiments-Brest-Java-Course-2018-valentine-ezugu-370075586-20180423-144310-firstCommit/dao/src/main/java/com/epam/brest/course/dao/TruckDaoImpl.java:209:34: '(' is preceded with whitespace. [MethodParamPad]
[ERROR] /scratch/dginelli/workspace/repairnator-repairnator-experiments-Brest-Java-Course-2018-valentine-ezugu-370075586-20180423-144310-firstCommit/dao/src/main/java/com/epam/brest/course/dao/TruckDaoImpl.java:219:6: Missing a Javadoc comment. [JavadocMethod]
[ERROR] /scratch/dginelli/workspace/repairnator-repairnator-experiments-Brest-Java-Course-2018-valentine-ezugu-370075586-20180423-144310-firstCommit/dao/src/main/java/com/epam/brest/course/dao/OrderDaoImpl.java:78: Line is longer than 80 characters (found 109). [LineLength]
[ERROR] /scratch/dginelli/workspace/repairnator-repairnator-experiments-Brest-Java-Course-2018-valentine-ezugu-370075586-20180423-144310-firstCommit/dao/src/main/java/com/epam/brest/course/dao/OrderDaoImpl.java:102:49: Parameter start should be final. [FinalParameters]
[ERROR] /scratch/dginelli/workspace/repairnator-repairnator-experiments-Brest-Java-Course-2018-valentine-ezugu-370075586-20180423-144310-firstCommit/dao/src/main/java/com/epam/brest/course/dao/OrderDaoImpl.java:102:61: Parameter end should be final. [FinalParameters]
[ERROR] /scratch/dginelli/workspace/repairnator-repairnator-experiments-Brest-Java-Course-2018-valentine-ezugu-370075586-20180423-144310-firstCommit/dao/src/main/java/com/epam/brest/course/dao/OrderDaoImpl.java:178: Line is longer than 80 characters (found 90). [LineLength]
[ERROR] /scratch/dginelli/workspace/repairnator-repairnator-experiments-Brest-Java-Course-2018-valentine-ezugu-370075586-20180423-144310-firstCommit/dao/src/main/resources/sql.properties:0: File does not end with a newline. [NewlineAtEndOfFile]
Audit done.
[INFO] There are 24 errors reported by Checkstyle 6.18 with sun_checks.xml ruleset.
[ERROR] src/main/java/com/epam/brest/course/dao/TruckDaoImpl.java:[21] (imports) AvoidStarImport: Using the '.*' form of import should be avoided - java.util.*.
[ERROR] src/main/java/com/epam/brest/course/dao/TruckDaoImpl.java:[29,5] (javadoc) JavadocVariable: Missing a Javadoc comment.
[ERROR] src/main/java/com/epam/brest/course/dao/TruckDaoImpl.java:[30,5] (javadoc) JavadocVariable: Missing a Javadoc comment.
[ERROR] src/main/java/com/epam/brest/course/dao/TruckDaoImpl.java:[31,5] (javadoc) JavadocVariable: Missing a Javadoc comment.
[ERROR] src/main/java/com/epam/brest/course/dao/TruckDaoImpl.java:[32,5] (javadoc) JavadocVariable: Missing a Javadoc comment.
[ERROR] src/main/java/com/epam/brest/course/dao/TruckDaoImpl.java:[137,25] (whitespace) NoWhitespaceBefore: ',' is preceded with whitespace.
[ERROR] src/main/java/com/epam/brest/course/dao/TruckDaoImpl.java:[138] (sizes) LineLength: Line is longer than 80 characters (found 82).
[ERROR] src/main/java/com/epam/brest/course/dao/TruckDaoImpl.java:[173] (sizes) LineLength: Line is longer than 80 characters (found 85).
[ERROR] src/main/java/com/epam/brest/course/dao/TruckDaoImpl.java:[175,5] (design) DesignForExtension: Method 'getTruckFullDetailById' is not designed for extension - needs to be abstract, final or empty.
[ERROR] src/main/java/com/epam/brest/course/dao/TruckDaoImpl.java:[176,54] (whitespace) MethodParamPad: '(' is preceded with whitespace.
[ERROR] src/main/java/com/epam/brest/course/dao/TruckDaoImpl.java:[182] (sizes) LineLength: Line is longer than 80 characters (found 90).
[ERROR] src/main/java/com/epam/brest/course/dao/TruckDaoImpl.java:[189] (javadoc) JavadocStyle: First sentence should end with a period.
[ERROR] src/main/java/com/epam/brest/course/dao/TruckDaoImpl.java:[193,8] (javadoc) JavadocVariable: Missing a Javadoc comment.
[ERROR] src/main/java/com/epam/brest/course/dao/TruckDaoImpl.java:[195,6] (design) DesignForExtension: Method 'mapRow' is not designed for extension - needs to be abstract, final or empty.
[ERROR] src/main/java/com/epam/brest/course/dao/TruckDaoImpl.java:[195,6] (javadoc) JavadocMethod: Missing a Javadoc comment.
[ERROR] src/main/java/com/epam/brest/course/dao/TruckDaoImpl.java:[195,39] (misc) FinalParameters: Parameter rs should be final.
[ERROR] src/main/java/com/epam/brest/course/dao/TruckDaoImpl.java:[195,53] (misc) FinalParameters: Parameter rowNum should be final.
[ERROR] src/main/java/com/epam/brest/course/dao/TruckDaoImpl.java:[209,34] (whitespace) MethodParamPad: '(' is preceded with whitespace.
[ERROR] src/main/java/com/epam/brest/course/dao/TruckDaoImpl.java:[219,6] (javadoc) JavadocMethod: Missing a Javadoc comment.
[ERROR] src/main/java/com/epam/brest/course/dao/OrderDaoImpl.java:[78] (sizes) LineLength: Line is longer than 80 characters (found 109).
[ERROR] src/main/java/com/epam/brest/course/dao/OrderDaoImpl.java:[102,49] (misc) FinalParameters: Parameter start should be final.
[ERROR] src/main/java/com/epam/brest/course/dao/OrderDaoImpl.java:[102,61] (misc) FinalParameters: Parameter end should be final.
[ERROR] src/main/java/com/epam/brest/course/dao/OrderDaoImpl.java:[178] (sizes) LineLength: Line is longer than 80 characters (found 90).
[ERROR] src/main/resources/sql.properties:[0] (misc) NewlineAtEndOfFile: File does not end with a newline.
[WARNING] checkstyle:check violations detected but failOnViolation set to false
[INFO] 
[INFO] --- maven-resources-plugin:2.6:resources (default-resources) @ dao ---
[INFO] Using 'UTF-8' encoding to copy filtered resources.
[INFO] Copying 3 resources
[INFO] 
[INFO] --- maven-compiler-plugin:3.7.0:compile (default-compile) @ dao ---
[INFO] Changes detected - recompiling the module!
[INFO] Compiling 3 source files to /scratch/dginelli/workspace/repairnator-repairnator-experiments-Brest-Java-Course-2018-valentine-ezugu-370075586-20180423-144310-firstCommit/dao/target/classes
[INFO] 
[INFO] --- maven-resources-plugin:2.6:testResources (default-testResources) @ dao ---
[INFO] Using 'UTF-8' encoding to copy filtered resources.
[INFO] Copying 3 resources
[INFO] 
[INFO] --- maven-compiler-plugin:3.7.0:testCompile (default-testCompile) @ dao ---
[INFO] Nothing to compile - all classes are up to date
[INFO] 
[INFO] --- maven-surefire-plugin:2.16:test (default-test) @ dao ---
[INFO] Surefire report directory: /scratch/dginelli/workspace/repairnator-repairnator-experiments-Brest-Java-Course-2018-valentine-ezugu-370075586-20180423-144310-firstCommit/dao/target/surefire-reports
[INFO] Downloading: https://repo.maven.apache.org/maven2/org/apache/maven/surefire/surefire-junit4/2.16/surefire-junit4-2.16.pom
[INFO] Downloaded: https://repo.maven.apache.org/maven2/org/apache/maven/surefire/surefire-junit4/2.16/surefire-junit4-2.16.pom (3 KB at 5.9 KB/sec)
[INFO] Downloading: https://repo.maven.apache.org/maven2/org/apache/maven/surefire/surefire-providers/2.16/surefire-providers-2.16.pom
[INFO] Downloaded: https://repo.maven.apache.org/maven2/org/apache/maven/surefire/surefire-providers/2.16/surefire-providers-2.16.pom (3 KB at 89.3 KB/sec)
[INFO] Downloading: https://repo.maven.apache.org/maven2/org/apache/maven/surefire/surefire-junit4/2.16/surefire-junit4-2.16.jar
[INFO] Downloaded: https://repo.maven.apache.org/maven2/org/apache/maven/surefire/surefire-junit4/2.16/surefire-junit4-2.16.jar (63 KB at 1142.2 KB/sec)

-------------------------------------------------------
 T E S T S
-------------------------------------------------------
Running com.epam.brest.course.dao.TruckDaoImplTest
14:46:29.117 [main] INFO  org.springframework.test.context.support.DefaultTestContextBootstrapper - Loaded default TestExecutionListener class names from location [META-INF/spring.factories]: [org.springframework.test.context.web.ServletTestExecutionListener, org.springframework.test.context.support.DirtiesContextBeforeModesTestExecutionListener, org.springframework.test.context.support.DependencyInjectionTestExecutionListener, org.springframework.test.context.support.DirtiesContextTestExecutionListener, org.springframework.test.context.transaction.TransactionalTestExecutionListener, org.springframework.test.context.jdbc.SqlScriptsTestExecutionListener]
14:46:29.138 [main] INFO  org.springframework.test.context.support.DefaultTestContextBootstrapper - Using TestExecutionListeners: [org.springframework.test.context.support.DirtiesContextBeforeModesTestExecutionListener@353d0772, org.springframework.test.context.support.DependencyInjectionTestExecutionListener@2667f029, org.springframework.test.context.support.DirtiesContextTestExecutionListener@67a20f67, org.springframework.test.context.transaction.TransactionalTestExecutionListener@57c758ac, org.springframework.test.context.jdbc.SqlScriptsTestExecutionListener@a9cd3b1]
14:46:29.226 [main] INFO  org.springframework.beans.factory.xml.XmlBeanDefinitionReader - Loading XML bean definitions from class path resource [test-db-spring.xml]
14:46:29.415 [main] INFO  org.springframework.beans.factory.xml.XmlBeanDefinitionReader - Loading XML bean definitions from class path resource [dao-test.xml]
14:46:29.511 [main] INFO  org.springframework.beans.factory.xml.XmlBeanDefinitionReader - Loading XML bean definitions from class path resource [test-db-spring.xml]
14:46:29.686 [main] INFO  org.springframework.beans.factory.xml.XmlBeanDefinitionReader - Loading XML bean definitions from class path resource [dao.xml]
14:46:29.735 [main] INFO  org.springframework.context.support.GenericApplicationContext - Refreshing org.springframework.context.support.GenericApplicationContext@333291e3: startup date [Sat Feb 15 14:46:29 CET 2020]; root of context hierarchy
14:46:30.120 [main] INFO  org.springframework.jdbc.datasource.DriverManagerDataSource - Loaded JDBC driver: org.h2.Driver
14:46:30.365 [main] INFO  org.springframework.jdbc.datasource.init.ScriptUtils - Executing SQL script from class path resource [create-tables.sql]
14:46:30.408 [main] INFO  org.springframework.jdbc.datasource.init.ScriptUtils - Executed SQL script from class path resource [create-tables.sql] in 42 ms.
14:46:30.409 [main] INFO  org.springframework.jdbc.datasource.init.ScriptUtils - Executing SQL script from class path resource [data-script.sql]
14:46:30.431 [main] INFO  org.springframework.jdbc.datasource.init.ScriptUtils - Executed SQL script from class path resource [data-script.sql] in 21 ms.
14:46:30.447 [main] INFO  org.springframework.jdbc.datasource.init.ScriptUtils - Executing SQL script from class path resource [create-tables.sql]
14:46:30.464 [main] INFO  org.springframework.jdbc.datasource.init.ScriptUtils - Executed SQL script from class path resource [create-tables.sql] in 16 ms.
14:46:30.464 [main] INFO  org.springframework.jdbc.datasource.init.ScriptUtils - Executing SQL script from class path resource [data-script.sql]
14:46:30.481 [main] INFO  org.springframework.jdbc.datasource.init.ScriptUtils - Executed SQL script from class path resource [data-script.sql] in 16 ms.
14:46:30.760 [main] INFO  org.springframework.test.context.transaction.TransactionContext - Began transaction (1) for test context [DefaultTestContext@55dfebeb testClass = TruckDaoImplTest, testInstance = com.epam.brest.course.dao.TruckDaoImplTest@6e35bc3d, testMethod = getTruckDetailLiteById@TruckDaoImplTest, testException = [null], mergedContextConfiguration = [MergedContextConfiguration@4b6690c0 testClass = TruckDaoImplTest, locations = '{classpath:test-db-spring.xml, classpath:dao-test.xml, classpath:dao.xml}', classes = '{}', contextInitializerClasses = '[]', activeProfiles = '{}', propertySourceLocations = '{}', propertySourceProperties = '{}', contextCustomizers = set[[empty]], contextLoader = 'org.springframework.test.context.support.DelegatingSmartContextLoader', parent = [null]]]; transaction manager [org.springframework.jdbc.datasource.DataSourceTransactionManager@1cdc4c27]; rollback [true]
14:46:30.770 [main] DEBUG com.epam.brest.course.dao.TruckDaoImpl - getTruckById(1)
14:46:30.872 [main] INFO  org.springframework.test.context.transaction.TransactionContext - Rolled back transaction for test context [DefaultTestContext@55dfebeb testClass = TruckDaoImplTest, testInstance = com.epam.brest.course.dao.TruckDaoImplTest@6e35bc3d, testMethod = getTruckDetailLiteById@TruckDaoImplTest, testException = [null], mergedContextConfiguration = [MergedContextConfiguration@4b6690c0 testClass = TruckDaoImplTest, locations = '{classpath:test-db-spring.xml, classpath:dao-test.xml, classpath:dao.xml}', classes = '{}', contextInitializerClasses = '[]', activeProfiles = '{}', propertySourceLocations = '{}', propertySourceProperties = '{}', contextCustomizers = set[[empty]], contextLoader = 'org.springframework.test.context.support.DelegatingSmartContextLoader', parent = [null]]].
14:46:30.878 [main] INFO  org.springframework.test.context.transaction.TransactionContext - Began transaction (1) for test context [DefaultTestContext@55dfebeb testClass = TruckDaoImplTest, testInstance = com.epam.brest.course.dao.TruckDaoImplTest@4c5474f5, testMethod = getTruckByIdWithValidInput@TruckDaoImplTest, testException = [null], mergedContextConfiguration = [MergedContextConfiguration@4b6690c0 testClass = TruckDaoImplTest, locations = '{classpath:test-db-spring.xml, classpath:dao-test.xml, classpath:dao.xml}', classes = '{}', contextInitializerClasses = '[]', activeProfiles = '{}', propertySourceLocations = '{}', propertySourceProperties = '{}', contextCustomizers = set[[empty]], contextLoader = 'org.springframework.test.context.support.DelegatingSmartContextLoader', parent = [null]]]; transaction manager [org.springframework.jdbc.datasource.DataSourceTransactionManager@1cdc4c27]; rollback [true]
14:46:30.881 [main] DEBUG com.epam.brest.course.dao.TruckDaoImplTest - test: getTruckByIdWithValidInput()
14:46:30.882 [main] DEBUG com.epam.brest.course.dao.TruckDaoImpl - getTruckById(2)
14:46:30.904 [main] INFO  org.springframework.test.context.transaction.TransactionContext - Rolled back transaction for test context [DefaultTestContext@55dfebeb testClass = TruckDaoImplTest, testInstance = com.epam.brest.course.dao.TruckDaoImplTest@4c5474f5, testMethod = getTruckByIdWithValidInput@TruckDaoImplTest, testException = [null], mergedContextConfiguration = [MergedContextConfiguration@4b6690c0 testClass = TruckDaoImplTest, locations = '{classpath:test-db-spring.xml, classpath:dao-test.xml, classpath:dao.xml}', classes = '{}', contextInitializerClasses = '[]', activeProfiles = '{}', propertySourceLocations = '{}', propertySourceProperties = '{}', contextCustomizers = set[[empty]], contextLoader = 'org.springframework.test.context.support.DelegatingSmartContextLoader', parent = [null]]].
14:46:30.912 [main] INFO  org.springframework.test.context.transaction.TransactionContext - Began transaction (1) for test context [DefaultTestContext@55dfebeb testClass = TruckDaoImplTest, testInstance = com.epam.brest.course.dao.TruckDaoImplTest@5e01a982, testMethod = getAllTrucks@TruckDaoImplTest, testException = [null], mergedContextConfiguration = [MergedContextConfiguration@4b6690c0 testClass = TruckDaoImplTest, locations = '{classpath:test-db-spring.xml, classpath:dao-test.xml, classpath:dao.xml}', classes = '{}', contextInitializerClasses = '[]', activeProfiles = '{}', propertySourceLocations = '{}', propertySourceProperties = '{}', contextCustomizers = set[[empty]], contextLoader = 'org.springframework.test.context.support.DelegatingSmartContextLoader', parent = [null]]]; transaction manager [org.springframework.jdbc.datasource.DataSourceTransactionManager@1cdc4c27]; rollback [true]
14:46:30.915 [main] DEBUG com.epam.brest.course.dao.TruckDaoImplTest - test: getAllTrucks()
14:46:30.916 [main] DEBUG com.epam.brest.course.dao.TruckDaoImpl - getAllTrucks()
14:46:30.924 [main] INFO  org.springframework.test.context.transaction.TransactionContext - Rolled back transaction for test context [DefaultTestContext@55dfebeb testClass = TruckDaoImplTest, testInstance = com.epam.brest.course.dao.TruckDaoImplTest@5e01a982, testMethod = getAllTrucks@TruckDaoImplTest, testException = [null], mergedContextConfiguration = [MergedContextConfiguration@4b6690c0 testClass = TruckDaoImplTest, locations = '{classpath:test-db-spring.xml, classpath:dao-test.xml, classpath:dao.xml}', classes = '{}', contextInitializerClasses = '[]', activeProfiles = '{}', propertySourceLocations = '{}', propertySourceProperties = '{}', contextCustomizers = set[[empty]], contextLoader = 'org.springframework.test.context.support.DelegatingSmartContextLoader', parent = [null]]].
14:46:30.927 [main] INFO  org.springframework.test.context.transaction.TransactionContext - Began transaction (1) for test context [DefaultTestContext@55dfebeb testClass = TruckDaoImplTest, testInstance = com.epam.brest.course.dao.TruckDaoImplTest@704f1591, testMethod = deleteAnExistingTruck@TruckDaoImplTest, testException = [null], mergedContextConfiguration = [MergedContextConfiguration@4b6690c0 testClass = TruckDaoImplTest, locations = '{classpath:test-db-spring.xml, classpath:dao-test.xml, classpath:dao.xml}', classes = '{}', contextInitializerClasses = '[]', activeProfiles = '{}', propertySourceLocations = '{}', propertySourceProperties = '{}', contextCustomizers = set[[empty]], contextLoader = 'org.springframework.test.context.support.DelegatingSmartContextLoader', parent = [null]]]; transaction manager [org.springframework.jdbc.datasource.DataSourceTransactionManager@1cdc4c27]; rollback [true]
14:46:30.927 [main] DEBUG com.epam.brest.course.dao.TruckDaoImplTest - test: deleteAnExistingTruck()
14:46:30.928 [main] DEBUG com.epam.brest.course.dao.TruckDaoImpl - getAllTrucks()
14:46:30.931 [main] DEBUG com.epam.brest.course.dao.TruckDaoImpl - deleteTruckById(2)
14:46:30.935 [main] DEBUG com.epam.brest.course.dao.TruckDaoImpl - getAllTrucks()
14:46:30.943 [main] INFO  org.springframework.test.context.transaction.TransactionContext - Rolled back transaction for test context [DefaultTestContext@55dfebeb testClass = TruckDaoImplTest, testInstance = com.epam.brest.course.dao.TruckDaoImplTest@704f1591, testMethod = deleteAnExistingTruck@TruckDaoImplTest, testException = [null], mergedContextConfiguration = [MergedContextConfiguration@4b6690c0 testClass = TruckDaoImplTest, locations = '{classpath:test-db-spring.xml, classpath:dao-test.xml, classpath:dao.xml}', classes = '{}', contextInitializerClasses = '[]', activeProfiles = '{}', propertySourceLocations = '{}', propertySourceProperties = '{}', contextCustomizers = set[[empty]], contextLoader = 'org.springframework.test.context.support.DelegatingSmartContextLoader', parent = [null]]].
14:46:30.950 [main] INFO  org.springframework.test.context.transaction.TransactionContext - Began transaction (1) for test context [DefaultTestContext@55dfebeb testClass = TruckDaoImplTest, testInstance = com.epam.brest.course.dao.TruckDaoImplTest@68044f4, testMethod = addTruckWithTruckCodeUnique@TruckDaoImplTest, testException = [null], mergedContextConfiguration = [MergedContextConfiguration@4b6690c0 testClass = TruckDaoImplTest, locations = '{classpath:test-db-spring.xml, classpath:dao-test.xml, classpath:dao.xml}', classes = '{}', contextInitializerClasses = '[]', activeProfiles = '{}', propertySourceLocations = '{}', propertySourceProperties = '{}', contextCustomizers = set[[empty]], contextLoader = 'org.springframework.test.context.support.DelegatingSmartContextLoader', parent = [null]]]; transaction manager [org.springframework.jdbc.datasource.DataSourceTransactionManager@1cdc4c27]; rollback [true]
14:46:30.951 [main] DEBUG com.epam.brest.course.dao.TruckDaoImplTest - test: addTruckWithTruckCodeUnique()
14:46:30.954 [main] DEBUG com.epam.brest.course.dao.TruckDaoImpl - addTruck(Truck{truckId=null, truckCode='BY2000', purchasedDate=Sun Jan 01 00:00:00 CET 2006, descriptions='BLUE VAN'})
14:46:30.960 [main] INFO  org.springframework.test.context.transaction.TransactionContext - Rolled back transaction for test context [DefaultTestContext@55dfebeb testClass = TruckDaoImplTest, testInstance = com.epam.brest.course.dao.TruckDaoImplTest@68044f4, testMethod = addTruckWithTruckCodeUnique@TruckDaoImplTest, testException = [null], mergedContextConfiguration = [MergedContextConfiguration@4b6690c0 testClass = TruckDaoImplTest, locations = '{classpath:test-db-spring.xml, classpath:dao-test.xml, classpath:dao.xml}', classes = '{}', contextInitializerClasses = '[]', activeProfiles = '{}', propertySourceLocations = '{}', propertySourceProperties = '{}', contextCustomizers = set[[empty]], contextLoader = 'org.springframework.test.context.support.DelegatingSmartContextLoader', parent = [null]]].
14:46:30.963 [main] INFO  org.springframework.test.context.transaction.TransactionContext - Began transaction (1) for test context [DefaultTestContext@55dfebeb testClass = TruckDaoImplTest, testInstance = com.epam.brest.course.dao.TruckDaoImplTest@485e36bc, testMethod = updateAnExistingTruck@TruckDaoImplTest, testException = [null], mergedContextConfiguration = [MergedContextConfiguration@4b6690c0 testClass = TruckDaoImplTest, locations = '{classpath:test-db-spring.xml, classpath:dao-test.xml, classpath:dao.xml}', classes = '{}', contextInitializerClasses = '[]', activeProfiles = '{}', propertySourceLocations = '{}', propertySourceProperties = '{}', contextCustomizers = set[[empty]], contextLoader = 'org.springframework.test.context.support.DelegatingSmartContextLoader', parent = [null]]]; transaction manager [org.springframework.jdbc.datasource.DataSourceTransactionManager@1cdc4c27]; rollback [true]
14:46:30.967 [main] DEBUG com.epam.brest.course.dao.TruckDaoImplTest - test: updateAnExistingTruck()
14:46:30.967 [main] DEBUG com.epam.brest.course.dao.TruckDaoImpl - getTruckById(2)
14:46:31.090 [main] DEBUG com.epam.brest.course.dao.TruckDaoImpl - getTruckById(2)
14:46:31.094 [main] INFO  org.springframework.test.context.transaction.TransactionContext - Rolled back transaction for test context [DefaultTestContext@55dfebeb testClass = TruckDaoImplTest, testInstance = com.epam.brest.course.dao.TruckDaoImplTest@485e36bc, testMethod = updateAnExistingTruck@TruckDaoImplTest, testException = [null], mergedContextConfiguration = [MergedContextConfiguration@4b6690c0 testClass = TruckDaoImplTest, locations = '{classpath:test-db-spring.xml, classpath:dao-test.xml, classpath:dao.xml}', classes = '{}', contextInitializerClasses = '[]', activeProfiles = '{}', propertySourceLocations = '{}', propertySourceProperties = '{}', contextCustomizers = set[[empty]], contextLoader = 'org.springframework.test.context.support.DelegatingSmartContextLoader', parent = [null]]].
14:46:31.100 [main] INFO  org.springframework.test.context.transaction.TransactionContext - Began transaction (1) for test context [DefaultTestContext@55dfebeb testClass = TruckDaoImplTest, testInstance = com.epam.brest.course.dao.TruckDaoImplTest@75c9e76b, testMethod = getTruckByIdWithNullValue@TruckDaoImplTest, testException = [null], mergedContextConfiguration = [MergedContextConfiguration@4b6690c0 testClass = TruckDaoImplTest, locations = '{classpath:test-db-spring.xml, classpath:dao-test.xml, classpath:dao.xml}', classes = '{}', contextInitializerClasses = '[]', activeProfiles = '{}', propertySourceLocations = '{}', propertySourceProperties = '{}', contextCustomizers = set[[empty]], contextLoader = 'org.springframework.test.context.support.DelegatingSmartContextLoader', parent = [null]]]; transaction manager [org.springframework.jdbc.datasource.DataSourceTransactionManager@1cdc4c27]; rollback [true]
14:46:31.101 [main] DEBUG com.epam.brest.course.dao.TruckDaoImplTest - test: getTruckByIdWithNullValue()
14:46:31.103 [main] DEBUG com.epam.brest.course.dao.TruckDaoImpl - getTruckById(null)
14:46:31.114 [main] INFO  org.springframework.test.context.transaction.TransactionContext - Rolled back transaction for test context [DefaultTestContext@55dfebeb testClass = TruckDaoImplTest, testInstance = com.epam.brest.course.dao.TruckDaoImplTest@75c9e76b, testMethod = getTruckByIdWithNullValue@TruckDaoImplTest, testException = [null], mergedContextConfiguration = [MergedContextConfiguration@4b6690c0 testClass = TruckDaoImplTest, locations = '{classpath:test-db-spring.xml, classpath:dao-test.xml, classpath:dao.xml}', classes = '{}', contextInitializerClasses = '[]', activeProfiles = '{}', propertySourceLocations = '{}', propertySourceProperties = '{}', contextCustomizers = set[[empty]], contextLoader = 'org.springframework.test.context.support.DelegatingSmartContextLoader', parent = [null]]].
14:46:31.119 [main] INFO  org.springframework.test.context.transaction.TransactionContext - Began transaction (1) for test context [DefaultTestContext@55dfebeb testClass = TruckDaoImplTest, testInstance = com.epam.brest.course.dao.TruckDaoImplTest@47db5fa5, testMethod = addTruckWithTruckCodeAlreadyInUse@TruckDaoImplTest, testException = [null], mergedContextConfiguration = [MergedContextConfiguration@4b6690c0 testClass = TruckDaoImplTest, locations = '{classpath:test-db-spring.xml, classpath:dao-test.xml, classpath:dao.xml}', classes = '{}', contextInitializerClasses = '[]', activeProfiles = '{}', propertySourceLocations = '{}', propertySourceProperties = '{}', contextCustomizers = set[[empty]], contextLoader = 'org.springframework.test.context.support.DelegatingSmartContextLoader', parent = [null]]]; transaction manager [org.springframework.jdbc.datasource.DataSourceTransactionManager@1cdc4c27]; rollback [true]
14:46:32.118 [main] DEBUG com.epam.brest.course.dao.TruckDaoImplTest - test: addTruckWithTruckCodeAlreadyInUse()
14:46:32.119 [main] DEBUG com.epam.brest.course.dao.TruckDaoImpl - addTruck(Truck{truckId=null, truckCode='BY2334', purchasedDate=Sun Jan 01 00:00:00 CET 2006, descriptions='BLUE VAN'})
14:46:32.125 [main] INFO  org.springframework.beans.factory.xml.XmlBeanDefinitionReader - Loading XML bean definitions from class path resource [org/springframework/jdbc/support/sql-error-codes.xml]
14:46:32.235 [main] INFO  org.springframework.jdbc.support.SQLErrorCodesFactory - SQLErrorCodes loaded: [DB2, Derby, H2, HSQL, Informix, MS-SQL, MySQL, Oracle, PostgreSQL, Sybase, Hana]
14:46:32.240 [main] INFO  org.springframework.test.context.transaction.TransactionContext - Rolled back transaction for test context [DefaultTestContext@55dfebeb testClass = TruckDaoImplTest, testInstance = com.epam.brest.course.dao.TruckDaoImplTest@47db5fa5, testMethod = addTruckWithTruckCodeAlreadyInUse@TruckDaoImplTest, testException = [null], mergedContextConfiguration = [MergedContextConfiguration@4b6690c0 testClass = TruckDaoImplTest, locations = '{classpath:test-db-spring.xml, classpath:dao-test.xml, classpath:dao.xml}', classes = '{}', contextInitializerClasses = '[]', activeProfiles = '{}', propertySourceLocations = '{}', propertySourceProperties = '{}', contextCustomizers = set[[empty]], contextLoader = 'org.springframework.test.context.support.DelegatingSmartContextLoader', parent = [null]]].
14:46:32.249 [main] INFO  org.springframework.test.context.transaction.TransactionContext - Began transaction (1) for test context [DefaultTestContext@55dfebeb testClass = TruckDaoImplTest, testInstance = com.epam.brest.course.dao.TruckDaoImplTest@1e63ec0b, testMethod = getTruckDetailsFull@TruckDaoImplTest, testException = [null], mergedContextConfiguration = [MergedContextConfiguration@4b6690c0 testClass = TruckDaoImplTest, locations = '{classpath:test-db-spring.xml, classpath:dao-test.xml, classpath:dao.xml}', classes = '{}', contextInitializerClasses = '[]', activeProfiles = '{}', propertySourceLocations = '{}', propertySourceProperties = '{}', contextCustomizers = set[[empty]], contextLoader = 'org.springframework.test.context.support.DelegatingSmartContextLoader', parent = [null]]]; transaction manager [org.springframework.jdbc.datasource.DataSourceTransactionManager@1cdc4c27]; rollback [true]
14:46:32.252 [main] INFO  org.springframework.test.context.transaction.TransactionContext - Rolled back transaction for test context [DefaultTestContext@55dfebeb testClass = TruckDaoImplTest, testInstance = com.epam.brest.course.dao.TruckDaoImplTest@1e63ec0b, testMethod = getTruckDetailsFull@TruckDaoImplTest, testException = [null], mergedContextConfiguration = [MergedContextConfiguration@4b6690c0 testClass = TruckDaoImplTest, locations = '{classpath:test-db-spring.xml, classpath:dao-test.xml, classpath:dao.xml}', classes = '{}', contextInitializerClasses = '[]', activeProfiles = '{}', propertySourceLocations = '{}', propertySourceProperties = '{}', contextCustomizers = set[[empty]], contextLoader = 'org.springframework.test.context.support.DelegatingSmartContextLoader', parent = [null]]].
Tests run: 9, Failures: 0, Errors: 0, Skipped: 0, Time elapsed: 4.194 sec - in com.epam.brest.course.dao.TruckDaoImplTest
Running com.epam.brest.course.dao.OrderDaoImplTest
14:46:32.289 [main] INFO  org.springframework.test.context.support.DefaultTestContextBootstrapper - Loaded default TestExecutionListener class names from location [META-INF/spring.factories]: [org.springframework.test.context.web.ServletTestExecutionListener, org.springframework.test.context.support.DirtiesContextBeforeModesTestExecutionListener, org.springframework.test.context.support.DependencyInjectionTestExecutionListener, org.springframework.test.context.support.DirtiesContextTestExecutionListener, org.springframework.test.context.transaction.TransactionalTestExecutionListener, org.springframework.test.context.jdbc.SqlScriptsTestExecutionListener]
14:46:32.289 [main] INFO  org.springframework.test.context.support.DefaultTestContextBootstrapper - Using TestExecutionListeners: [org.springframework.test.context.support.DirtiesContextBeforeModesTestExecutionListener@60f7cc1d, org.springframework.test.context.support.DependencyInjectionTestExecutionListener@11eadcba, org.springframework.test.context.support.DirtiesContextTestExecutionListener@4721d212, org.springframework.test.context.transaction.TransactionalTestExecutionListener@1b065145, org.springframework.test.context.jdbc.SqlScriptsTestExecutionListener@45cff11c]
14:46:32.295 [main] INFO  org.springframework.test.context.transaction.TransactionContext - Began transaction (1) for test context [DefaultTestContext@5827af16 testClass = OrderDaoImplTest, testInstance = com.epam.brest.course.dao.OrderDaoImplTest@654d8173, testMethod = addOrder@OrderDaoImplTest, testException = [null], mergedContextConfiguration = [MergedContextConfiguration@207ea13 testClass = OrderDaoImplTest, locations = '{classpath:test-db-spring.xml, classpath:dao-test.xml, classpath:dao.xml}', classes = '{}', contextInitializerClasses = '[]', activeProfiles = '{}', propertySourceLocations = '{}', propertySourceProperties = '{}', contextCustomizers = set[[empty]], contextLoader = 'org.springframework.test.context.support.DelegatingSmartContextLoader', parent = [null]]]; transaction manager [org.springframework.jdbc.datasource.DataSourceTransactionManager@1cdc4c27]; rollback [true]
14:46:32.296 [main] DEBUG com.epam.brest.course.dao.OrderDaoImplTest - test: addOrder()
14:46:32.297 [main] DEBUG com.epam.brest.course.dao.OrderDaoImpl - getAllOrders(null)
14:46:32.307 [main] DEBUG com.epam.brest.course.dao.OrderDaoImpl - addOrder(com.epam.brest.course.model.Order@8778d73d)
14:46:32.310 [main] DEBUG com.epam.brest.course.dao.OrderDaoImpl - getAllOrders(null)
14:46:32.319 [main] INFO  org.springframework.test.context.transaction.TransactionContext - Rolled back transaction for test context [DefaultTestContext@5827af16 testClass = OrderDaoImplTest, testInstance = com.epam.brest.course.dao.OrderDaoImplTest@654d8173, testMethod = addOrder@OrderDaoImplTest, testException = [null], mergedContextConfiguration = [MergedContextConfiguration@207ea13 testClass = OrderDaoImplTest, locations = '{classpath:test-db-spring.xml, classpath:dao-test.xml, classpath:dao.xml}', classes = '{}', contextInitializerClasses = '[]', activeProfiles = '{}', propertySourceLocations = '{}', propertySourceProperties = '{}', contextCustomizers = set[[empty]], contextLoader = 'org.springframework.test.context.support.DelegatingSmartContextLoader', parent = [null]]].
14:46:32.335 [main] INFO  org.springframework.test.context.transaction.TransactionContext - Began transaction (1) for test context [DefaultTestContext@5827af16 testClass = OrderDaoImplTest, testInstance = com.epam.brest.course.dao.OrderDaoImplTest@636e8cc, testMethod = updateOrder@OrderDaoImplTest, testException = [null], mergedContextConfiguration = [MergedContextConfiguration@207ea13 testClass = OrderDaoImplTest, locations = '{classpath:test-db-spring.xml, classpath:dao-test.xml, classpath:dao.xml}', classes = '{}', contextInitializerClasses = '[]', activeProfiles = '{}', propertySourceLocations = '{}', propertySourceProperties = '{}', contextCustomizers = set[[empty]], contextLoader = 'org.springframework.test.context.support.DelegatingSmartContextLoader', parent = [null]]]; transaction manager [org.springframework.jdbc.datasource.DataSourceTransactionManager@1cdc4c27]; rollback [true]
14:46:32.341 [main] DEBUG com.epam.brest.course.dao.OrderDaoImplTest - test: updateOrder()
14:46:32.342 [main] DEBUG com.epam.brest.course.dao.OrderDaoImpl - addOrder(com.epam.brest.course.model.Order@6d70fbfc)
14:46:32.343 [main] DEBUG com.epam.brest.course.dao.OrderDaoImpl - updateOrder(com.epam.brest.course.model.Order@65f31355)
14:46:32.354 [main] DEBUG com.epam.brest.course.dao.OrderDaoImpl - getOrderById(9)
14:46:32.359 [main] INFO  org.springframework.test.context.transaction.TransactionContext - Rolled back transaction for test context [DefaultTestContext@5827af16 testClass = OrderDaoImplTest, testInstance = com.epam.brest.course.dao.OrderDaoImplTest@636e8cc, testMethod = updateOrder@OrderDaoImplTest, testException = [null], mergedContextConfiguration = [MergedContextConfiguration@207ea13 testClass = OrderDaoImplTest, locations = '{classpath:test-db-spring.xml, classpath:dao-test.xml, classpath:dao.xml}', classes = '{}', contextInitializerClasses = '[]', activeProfiles = '{}', propertySourceLocations = '{}', propertySourceProperties = '{}', contextCustomizers = set[[empty]], contextLoader = 'org.springframework.test.context.support.DelegatingSmartContextLoader', parent = [null]]].
14:46:32.377 [main] INFO  org.springframework.test.context.transaction.TransactionContext - Began transaction (1) for test context [DefaultTestContext@5827af16 testClass = OrderDaoImplTest, testInstance = com.epam.brest.course.dao.OrderDaoImplTest@5b7ea70d, testMethod = getAllOrders@OrderDaoImplTest, testException = [null], mergedContextConfiguration = [MergedContextConfiguration@207ea13 testClass = OrderDaoImplTest, locations = '{classpath:test-db-spring.xml, classpath:dao-test.xml, classpath:dao.xml}', classes = '{}', contextInitializerClasses = '[]', activeProfiles = '{}', propertySourceLocations = '{}', propertySourceProperties = '{}', contextCustomizers = set[[empty]], contextLoader = 'org.springframework.test.context.support.DelegatingSmartContextLoader', parent = [null]]]; transaction manager [org.springframework.jdbc.datasource.DataSourceTransactionManager@1cdc4c27]; rollback [true]
14:46:32.378 [main] DEBUG com.epam.brest.course.dao.OrderDaoImplTest - test: getAllOrders()
14:46:32.389 [main] DEBUG com.epam.brest.course.dao.OrderDaoImpl - getAllOrders(null)
14:46:32.394 [main] INFO  org.springframework.test.context.transaction.TransactionContext - Rolled back transaction for test context [DefaultTestContext@5827af16 testClass = OrderDaoImplTest, testInstance = com.epam.brest.course.dao.OrderDaoImplTest@5b7ea70d, testMethod = getAllOrders@OrderDaoImplTest, testException = [null], mergedContextConfiguration = [MergedContextConfiguration@207ea13 testClass = OrderDaoImplTest, locations = '{classpath:test-db-spring.xml, classpath:dao-test.xml, classpath:dao.xml}', classes = '{}', contextInitializerClasses = '[]', activeProfiles = '{}', propertySourceLocations = '{}', propertySourceProperties = '{}', contextCustomizers = set[[empty]], contextLoader = 'org.springframework.test.context.support.DelegatingSmartContextLoader', parent = [null]]].
14:46:32.396 [main] INFO  org.springframework.test.context.transaction.TransactionContext - Began transaction (1) for test context [DefaultTestContext@5827af16 testClass = OrderDaoImplTest, testInstance = com.epam.brest.course.dao.OrderDaoImplTest@650eab8, testMethod = getOrderById@OrderDaoImplTest, testException = [null], mergedContextConfiguration = [MergedContextConfiguration@207ea13 testClass = OrderDaoImplTest, locations = '{classpath:test-db-spring.xml, classpath:dao-test.xml, classpath:dao.xml}', classes = '{}', contextInitializerClasses = '[]', activeProfiles = '{}', propertySourceLocations = '{}', propertySourceProperties = '{}', contextCustomizers = set[[empty]], contextLoader = 'org.springframework.test.context.support.DelegatingSmartContextLoader', parent = [null]]]; transaction manager [org.springframework.jdbc.datasource.DataSourceTransactionManager@1cdc4c27]; rollback [true]
14:46:32.406 [main] DEBUG com.epam.brest.course.dao.OrderDaoImplTest - test: getOrderById()
14:46:32.406 [main] DEBUG com.epam.brest.course.dao.OrderDaoImpl - getOrderById(1)
14:46:32.408 [main] INFO  org.springframework.test.context.transaction.TransactionContext - Rolled back transaction for test context [DefaultTestContext@5827af16 testClass = OrderDaoImplTest, testInstance = com.epam.brest.course.dao.OrderDaoImplTest@650eab8, testMethod = getOrderById@OrderDaoImplTest, testException = [null], mergedContextConfiguration = [MergedContextConfiguration@207ea13 testClass = OrderDaoImplTest, locations = '{classpath:test-db-spring.xml, classpath:dao-test.xml, classpath:dao.xml}', classes = '{}', contextInitializerClasses = '[]', activeProfiles = '{}', propertySourceLocations = '{}', propertySourceProperties = '{}', contextCustomizers = set[[empty]], contextLoader = 'org.springframework.test.context.support.DelegatingSmartContextLoader', parent = [null]]].
14:46:32.411 [main] INFO  org.springframework.test.context.transaction.TransactionContext - Began transaction (1) for test context [DefaultTestContext@5827af16 testClass = OrderDaoImplTest, testInstance = com.epam.brest.course.dao.OrderDaoImplTest@1e1d3956, testMethod = deleteOrderById@OrderDaoImplTest, testException = [null], mergedContextConfiguration = [MergedContextConfiguration@207ea13 testClass = OrderDaoImplTest, locations = '{classpath:test-db-spring.xml, classpath:dao-test.xml, classpath:dao.xml}', classes = '{}', contextInitializerClasses = '[]', activeProfiles = '{}', propertySourceLocations = '{}', propertySourceProperties = '{}', contextCustomizers = set[[empty]], contextLoader = 'org.springframework.test.context.support.DelegatingSmartContextLoader', parent = [null]]]; transaction manager [org.springframework.jdbc.datasource.DataSourceTransactionManager@1cdc4c27]; rollback [true]
14:46:32.412 [main] DEBUG com.epam.brest.course.dao.OrderDaoImplTest - test: deleteOrderById()
14:46:32.421 [main] DEBUG com.epam.brest.course.dao.OrderDaoImpl - addOrder(com.epam.brest.course.model.Order@65eefbfc)
14:46:32.422 [main] DEBUG com.epam.brest.course.dao.OrderDaoImpl - getAllOrders(null)
14:46:32.430 [main] DEBUG com.epam.brest.course.dao.OrderDaoImpl - deleteOrderById(10)
14:46:32.431 [main] DEBUG com.epam.brest.course.dao.OrderDaoImpl - getAllOrders(null)
14:46:32.439 [main] INFO  org.springframework.test.context.transaction.TransactionContext - Rolled back transaction for test context [DefaultTestContext@5827af16 testClass = OrderDaoImplTest, testInstance = com.epam.brest.course.dao.OrderDaoImplTest@1e1d3956, testMethod = deleteOrderById@OrderDaoImplTest, testException = [null], mergedContextConfiguration = [MergedContextConfiguration@207ea13 testClass = OrderDaoImplTest, locations = '{classpath:test-db-spring.xml, classpath:dao-test.xml, classpath:dao.xml}', classes = '{}', contextInitializerClasses = '[]', activeProfiles = '{}', propertySourceLocations = '{}', propertySourceProperties = '{}', contextCustomizers = set[[empty]], contextLoader = 'org.springframework.test.context.support.DelegatingSmartContextLoader', parent = [null]]].
14:46:32.442 [main] INFO  org.springframework.test.context.transaction.TransactionContext - Began transaction (1) for test context [DefaultTestContext@5827af16 testClass = OrderDaoImplTest, testInstance = com.epam.brest.course.dao.OrderDaoImplTest@4e28bdd1, testMethod = getAllOrderWithTruckCodeDto@OrderDaoImplTest, testException = [null], mergedContextConfiguration = [MergedContextConfiguration@207ea13 testClass = OrderDaoImplTest, locations = '{classpath:test-db-spring.xml, classpath:dao-test.xml, classpath:dao.xml}', classes = '{}', contextInitializerClasses = '[]', activeProfiles = '{}', propertySourceLocations = '{}', propertySourceProperties = '{}', contextCustomizers = set[[empty]], contextLoader = 'org.springframework.test.context.support.DelegatingSmartContextLoader', parent = [null]]]; transaction manager [org.springframework.jdbc.datasource.DataSourceTransactionManager@1cdc4c27]; rollback [true]
14:46:32.444 [main] DEBUG com.epam.brest.course.dao.OrderDaoImplTest - test: getAllOrderWithTruckCodeDto()
14:46:32.445 [main] DEBUG com.epam.brest.course.dao.OrderDaoImpl - getAllOrdersWithTruckCode()
14:46:32.453 [main] INFO  org.springframework.test.context.transaction.TransactionContext - Rolled back transaction for test context [DefaultTestContext@5827af16 testClass = OrderDaoImplTest, testInstance = com.epam.brest.course.dao.OrderDaoImplTest@4e28bdd1, testMethod = getAllOrderWithTruckCodeDto@OrderDaoImplTest, testException = [null], mergedContextConfiguration = [MergedContextConfiguration@207ea13 testClass = OrderDaoImplTest, locations = '{classpath:test-db-spring.xml, classpath:dao-test.xml, classpath:dao.xml}', classes = '{}', contextInitializerClasses = '[]', activeProfiles = '{}', propertySourceLocations = '{}', propertySourceProperties = '{}', contextCustomizers = set[[empty]], contextLoader = 'org.springframework.test.context.support.DelegatingSmartContextLoader', parent = [null]]].
Tests run: 6, Failures: 0, Errors: 0, Skipped: 0, Time elapsed: 0.192 sec - in com.epam.brest.course.dao.OrderDaoImplTest

Results :

Tests run: 15, Failures: 0, Errors: 0, Skipped: 0

[INFO]                                                                         
[INFO] ------------------------------------------------------------------------
[INFO] Building service-api 1.0-SNAPSHOT
[INFO] ------------------------------------------------------------------------
[INFO] 
[INFO] --- maven-checkstyle-plugin:3.0.0:check (validate) @ service-api ---
[INFO] Starting audit...
Audit done.
[INFO] 
[INFO] --- maven-resources-plugin:2.6:resources (default-resources) @ service-api ---
[INFO] Using 'UTF-8' encoding to copy filtered resources.
[INFO] skip non existing resourceDirectory /scratch/dginelli/workspace/repairnator-repairnator-experiments-Brest-Java-Course-2018-valentine-ezugu-370075586-20180423-144310-firstCommit/service-api/src/main/resources
[INFO] 
[INFO] --- maven-compiler-plugin:3.7.0:compile (default-compile) @ service-api ---
[INFO] Changes detected - recompiling the module!
[INFO] Compiling 3 source files to /scratch/dginelli/workspace/repairnator-repairnator-experiments-Brest-Java-Course-2018-valentine-ezugu-370075586-20180423-144310-firstCommit/service-api/target/classes
[INFO] 
[INFO] --- maven-resources-plugin:2.6:testResources (default-testResources) @ service-api ---
[INFO] Using 'UTF-8' encoding to copy filtered resources.
[INFO] skip non existing resourceDirectory /scratch/dginelli/workspace/repairnator-repairnator-experiments-Brest-Java-Course-2018-valentine-ezugu-370075586-20180423-144310-firstCommit/service-api/src/test/resources
[INFO] 
[INFO] --- maven-compiler-plugin:3.7.0:testCompile (default-testCompile) @ service-api ---
[INFO] No sources to compile
[INFO] 
[INFO] --- maven-surefire-plugin:2.16:test (default-test) @ service-api ---
[INFO] No tests to run.
[INFO]                                                                         
[INFO] ------------------------------------------------------------------------
[INFO] Building utility 1.0-SNAPSHOT
[INFO] ------------------------------------------------------------------------
[INFO] 
[INFO] --- maven-checkstyle-plugin:3.0.0:check (validate) @ utility ---
[INFO] Starting audit...
[ERROR] /scratch/dginelli/workspace/repairnator-repairnator-experiments-Brest-Java-Course-2018-valentine-ezugu-370075586-20180423-144310-firstCommit/utility/src/main/java/com/epam/brest/course/utility/config/MappingConfig.java:22:5: Method 'dozerBeanMapperFactoryBean' is not designed for extension - needs to be abstract, final or empty. [DesignForExtension]
[ERROR] /scratch/dginelli/workspace/repairnator-repairnator-experiments-Brest-Java-Course-2018-valentine-ezugu-370075586-20180423-144310-firstCommit/utility/src/main/java/com/epam/brest/course/utility/validator/OrderValidator.java:50: Line is longer than 80 characters (found 82). [LineLength]
[ERROR] /scratch/dginelli/workspace/repairnator-repairnator-experiments-Brest-Java-Course-2018-valentine-ezugu-370075586-20180423-144310-firstCommit/utility/src/main/java/com/epam/brest/course/utility/validator/OrderValidator.java:51: Line is longer than 80 characters (found 87). [LineLength]
[ERROR] /scratch/dginelli/workspace/repairnator-repairnator-experiments-Brest-Java-Course-2018-valentine-ezugu-370075586-20180423-144310-firstCommit/utility/src/main/java/com/epam/brest/course/utility/data/TruckWithAvgPetrolDto.java:35:5: Method 'getTruckId' is not designed for extension - needs to be abstract, final or empty. [DesignForExtension]
[ERROR] /scratch/dginelli/workspace/repairnator-repairnator-experiments-Brest-Java-Course-2018-valentine-ezugu-370075586-20180423-144310-firstCommit/utility/src/main/java/com/epam/brest/course/utility/data/TruckWithAvgPetrolDto.java:43:5: Method 'setTruckId' is not designed for extension - needs to be abstract, final or empty. [DesignForExtension]
[ERROR] /scratch/dginelli/workspace/repairnator-repairnator-experiments-Brest-Java-Course-2018-valentine-ezugu-370075586-20180423-144310-firstCommit/utility/src/main/java/com/epam/brest/course/utility/data/TruckWithAvgPetrolDto.java:43:28: Parameter truckId should be final. [FinalParameters]
[ERROR] /scratch/dginelli/workspace/repairnator-repairnator-experiments-Brest-Java-Course-2018-valentine-ezugu-370075586-20180423-144310-firstCommit/utility/src/main/java/com/epam/brest/course/utility/data/TruckWithAvgPetrolDto.java:43:36: 'truckId' hides a field. [HiddenField]
[ERROR] /scratch/dginelli/workspace/repairnator-repairnator-experiments-Brest-Java-Course-2018-valentine-ezugu-370075586-20180423-144310-firstCommit/utility/src/main/java/com/epam/brest/course/utility/data/TruckWithAvgPetrolDto.java:51: Expected an @return tag. [JavadocMethod]
[ERROR] /scratch/dginelli/workspace/repairnator-repairnator-experiments-Brest-Java-Course-2018-valentine-ezugu-370075586-20180423-144310-firstCommit/utility/src/main/java/com/epam/brest/course/utility/data/TruckWithAvgPetrolDto.java:51:5: Method 'getTruckCode' is not designed for extension - needs to be abstract, final or empty. [DesignForExtension]
[ERROR] /scratch/dginelli/workspace/repairnator-repairnator-experiments-Brest-Java-Course-2018-valentine-ezugu-370075586-20180423-144310-firstCommit/utility/src/main/java/com/epam/brest/course/utility/data/TruckWithAvgPetrolDto.java:59:5: Method 'setTruckCode' is not designed for extension - needs to be abstract, final or empty. [DesignForExtension]
[ERROR] /scratch/dginelli/workspace/repairnator-repairnator-experiments-Brest-Java-Course-2018-valentine-ezugu-370075586-20180423-144310-firstCommit/utility/src/main/java/com/epam/brest/course/utility/data/TruckWithAvgPetrolDto.java:59:30: Parameter truckCode should be final. [FinalParameters]
[ERROR] /scratch/dginelli/workspace/repairnator-repairnator-experiments-Brest-Java-Course-2018-valentine-ezugu-370075586-20180423-144310-firstCommit/utility/src/main/java/com/epam/brest/course/utility/data/TruckWithAvgPetrolDto.java:59:37: 'truckCode' hides a field. [HiddenField]
[ERROR] /scratch/dginelli/workspace/repairnator-repairnator-experiments-Brest-Java-Course-2018-valentine-ezugu-370075586-20180423-144310-firstCommit/utility/src/main/java/com/epam/brest/course/utility/data/TruckWithAvgPetrolDto.java:67: Expected an @return tag. [JavadocMethod]
[ERROR] /scratch/dginelli/workspace/repairnator-repairnator-experiments-Brest-Java-Course-2018-valentine-ezugu-370075586-20180423-144310-firstCommit/utility/src/main/java/com/epam/brest/course/utility/data/TruckWithAvgPetrolDto.java:67:5: Method 'getPurchasedDate' is not designed for extension - needs to be abstract, final or empty. [DesignForExtension]
[ERROR] /scratch/dginelli/workspace/repairnator-repairnator-experiments-Brest-Java-Course-2018-valentine-ezugu-370075586-20180423-144310-firstCommit/utility/src/main/java/com/epam/brest/course/utility/data/TruckWithAvgPetrolDto.java:75:5: Method 'setPurchasedDate' is not designed for extension - needs to be abstract, final or empty. [DesignForExtension]
[ERROR] /scratch/dginelli/workspace/repairnator-repairnator-experiments-Brest-Java-Course-2018-valentine-ezugu-370075586-20180423-144310-firstCommit/utility/src/main/java/com/epam/brest/course/utility/data/TruckWithAvgPetrolDto.java:75:34: Parameter purchasedDate should be final. [FinalParameters]
[ERROR] /scratch/dginelli/workspace/repairnator-repairnator-experiments-Brest-Java-Course-2018-valentine-ezugu-370075586-20180423-144310-firstCommit/utility/src/main/java/com/epam/brest/course/utility/data/TruckWithAvgPetrolDto.java:75:39: 'purchasedDate' hides a field. [HiddenField]
[ERROR] /scratch/dginelli/workspace/repairnator-repairnator-experiments-Brest-Java-Course-2018-valentine-ezugu-370075586-20180423-144310-firstCommit/utility/src/main/java/com/epam/brest/course/utility/data/TruckWithAvgPetrolDto.java:83: Expected an @return tag. [JavadocMethod]
[ERROR] /scratch/dginelli/workspace/repairnator-repairnator-experiments-Brest-Java-Course-2018-valentine-ezugu-370075586-20180423-144310-firstCommit/utility/src/main/java/com/epam/brest/course/utility/data/TruckWithAvgPetrolDto.java:83:5: Method 'getDescriptions' is not designed for extension - needs to be abstract, final or empty. [DesignForExtension]
[ERROR] /scratch/dginelli/workspace/repairnator-repairnator-experiments-Brest-Java-Course-2018-valentine-ezugu-370075586-20180423-144310-firstCommit/utility/src/main/java/com/epam/brest/course/utility/data/TruckWithAvgPetrolDto.java:91:5: Method 'setDescriptions' is not designed for extension - needs to be abstract, final or empty. [DesignForExtension]
[ERROR] /scratch/dginelli/workspace/repairnator-repairnator-experiments-Brest-Java-Course-2018-valentine-ezugu-370075586-20180423-144310-firstCommit/utility/src/main/java/com/epam/brest/course/utility/data/TruckWithAvgPetrolDto.java:91:33: Parameter descriptions should be final. [FinalParameters]
[ERROR] /scratch/dginelli/workspace/repairnator-repairnator-experiments-Brest-Java-Course-2018-valentine-ezugu-370075586-20180423-144310-firstCommit/utility/src/main/java/com/epam/brest/course/utility/data/TruckWithAvgPetrolDto.java:91:40: 'descriptions' hides a field. [HiddenField]
[ERROR] /scratch/dginelli/workspace/repairnator-repairnator-experiments-Brest-Java-Course-2018-valentine-ezugu-370075586-20180423-144310-firstCommit/utility/src/main/java/com/epam/brest/course/utility/data/TruckWithAvgPetrolDto.java:99:5: Method 'getAvgPerMonth' is not designed for extension - needs to be abstract, final or empty. [DesignForExtension]
[ERROR] /scratch/dginelli/workspace/repairnator-repairnator-experiments-Brest-Java-Course-2018-valentine-ezugu-370075586-20180423-144310-firstCommit/utility/src/main/java/com/epam/brest/course/utility/data/TruckWithAvgPetrolDto.java:107:5: Method 'setAvgPerMonth' is not designed for extension - needs to be abstract, final or empty. [DesignForExtension]
[ERROR] /scratch/dginelli/workspace/repairnator-repairnator-experiments-Brest-Java-Course-2018-valentine-ezugu-370075586-20180423-144310-firstCommit/utility/src/main/java/com/epam/brest/course/utility/data/TruckWithAvgPetrolDto.java:107:32: Parameter avgPerMonth should be final. [FinalParameters]
[ERROR] /scratch/dginelli/workspace/repairnator-repairnator-experiments-Brest-Java-Course-2018-valentine-ezugu-370075586-20180423-144310-firstCommit/utility/src/main/java/com/epam/brest/course/utility/data/TruckWithAvgPetrolDto.java:107:39: 'avgPerMonth' hides a field. [HiddenField]
[ERROR] /scratch/dginelli/workspace/repairnator-repairnator-experiments-Brest-Java-Course-2018-valentine-ezugu-370075586-20180423-144310-firstCommit/utility/src/main/java/com/epam/brest/course/utility/data/TruckDto.java:104:52: 'descriptions' hides a field. [HiddenField]
[ERROR] /scratch/dginelli/workspace/repairnator-repairnator-experiments-Brest-Java-Course-2018-valentine-ezugu-370075586-20180423-144310-firstCommit/utility/src/main/java/com/epam/brest/course/utility/data/TruckDto.java:112:5: Method 'getAvgPerMonth' is not designed for extension - needs to be abstract, final or empty. [DesignForExtension]
[ERROR] /scratch/dginelli/workspace/repairnator-repairnator-experiments-Brest-Java-Course-2018-valentine-ezugu-370075586-20180423-144310-firstCommit/utility/src/main/java/com/epam/brest/course/utility/data/TruckDto.java:120:5: Method 'setAvgPerMonth' is not designed for extension - needs to be abstract, final or empty. [DesignForExtension]
[ERROR] /scratch/dginelli/workspace/repairnator-repairnator-experiments-Brest-Java-Course-2018-valentine-ezugu-370075586-20180423-144310-firstCommit/utility/src/main/java/com/epam/brest/course/utility/data/TruckDto.java:120:32: Parameter avgPerMonth should be final. [FinalParameters]
[ERROR] /scratch/dginelli/workspace/repairnator-repairnator-experiments-Brest-Java-Course-2018-valentine-ezugu-370075586-20180423-144310-firstCommit/utility/src/main/java/com/epam/brest/course/utility/data/TruckDto.java:120:39: 'avgPerMonth' hides a field. [HiddenField]
[ERROR] /scratch/dginelli/workspace/repairnator-repairnator-experiments-Brest-Java-Course-2018-valentine-ezugu-370075586-20180423-144310-firstCommit/utility/src/main/java/com/epam/brest/course/utility/data/TruckLiteDto.java:8: Missing a Javadoc comment. [JavadocType]
[ERROR] /scratch/dginelli/workspace/repairnator-repairnator-experiments-Brest-Java-Course-2018-valentine-ezugu-370075586-20180423-144310-firstCommit/utility/src/main/java/com/epam/brest/course/utility/data/TruckLiteDto.java:24:5: Missing a Javadoc comment. [JavadocMethod]
[ERROR] /scratch/dginelli/workspace/repairnator-repairnator-experiments-Brest-Java-Course-2018-valentine-ezugu-370075586-20180423-144310-firstCommit/utility/src/main/java/com/epam/brest/course/utility/data/TruckLiteDto.java:32:5: Method 'getTruckId' is not designed for extension - needs to be abstract, final or empty. [DesignForExtension]
[ERROR] /scratch/dginelli/workspace/repairnator-repairnator-experiments-Brest-Java-Course-2018-valentine-ezugu-370075586-20180423-144310-firstCommit/utility/src/main/java/com/epam/brest/course/utility/data/TruckLiteDto.java:32:5: Missing a Javadoc comment. [JavadocMethod]
[ERROR] /scratch/dginelli/workspace/repairnator-repairnator-experiments-Brest-Java-Course-2018-valentine-ezugu-370075586-20180423-144310-firstCommit/utility/src/main/java/com/epam/brest/course/utility/data/TruckLiteDto.java:36:5: Method 'setTruckId' is not designed for extension - needs to be abstract, final or empty. [DesignForExtension]
[ERROR] /scratch/dginelli/workspace/repairnator-repairnator-experiments-Brest-Java-Course-2018-valentine-ezugu-370075586-20180423-144310-firstCommit/utility/src/main/java/com/epam/brest/course/utility/data/TruckLiteDto.java:36:5: Missing a Javadoc comment. [JavadocMethod]
[ERROR] /scratch/dginelli/workspace/repairnator-repairnator-experiments-Brest-Java-Course-2018-valentine-ezugu-370075586-20180423-144310-firstCommit/utility/src/main/java/com/epam/brest/course/utility/data/TruckLiteDto.java:36:28: Parameter truckId should be final. [FinalParameters]
[ERROR] /scratch/dginelli/workspace/repairnator-repairnator-experiments-Brest-Java-Course-2018-valentine-ezugu-370075586-20180423-144310-firstCommit/utility/src/main/java/com/epam/brest/course/utility/data/TruckLiteDto.java:36:36: 'truckId' hides a field. [HiddenField]
[ERROR] /scratch/dginelli/workspace/repairnator-repairnator-experiments-Brest-Java-Course-2018-valentine-ezugu-370075586-20180423-144310-firstCommit/utility/src/main/java/com/epam/brest/course/utility/data/TruckLiteDto.java:40:5: Method 'getTruckCode' is not designed for extension - needs to be abstract, final or empty. [DesignForExtension]
[ERROR] /scratch/dginelli/workspace/repairnator-repairnator-experiments-Brest-Java-Course-2018-valentine-ezugu-370075586-20180423-144310-firstCommit/utility/src/main/java/com/epam/brest/course/utility/data/TruckLiteDto.java:40:5: Missing a Javadoc comment. [JavadocMethod]
[ERROR] /scratch/dginelli/workspace/repairnator-repairnator-experiments-Brest-Java-Course-2018-valentine-ezugu-370075586-20180423-144310-firstCommit/utility/src/main/java/com/epam/brest/course/utility/data/TruckLiteDto.java:44:5: Method 'setTruckCode' is not designed for extension - needs to be abstract, final or empty. [DesignForExtension]
[ERROR] /scratch/dginelli/workspace/repairnator-repairnator-experiments-Brest-Java-Course-2018-valentine-ezugu-370075586-20180423-144310-firstCommit/utility/src/main/java/com/epam/brest/course/utility/data/TruckLiteDto.java:44:5: Missing a Javadoc comment. [JavadocMethod]
[ERROR] /scratch/dginelli/workspace/repairnator-repairnator-experiments-Brest-Java-Course-2018-valentine-ezugu-370075586-20180423-144310-firstCommit/utility/src/main/java/com/epam/brest/course/utility/data/TruckLiteDto.java:44:30: Parameter truckCode should be final. [FinalParameters]
[ERROR] /scratch/dginelli/workspace/repairnator-repairnator-experiments-Brest-Java-Course-2018-valentine-ezugu-370075586-20180423-144310-firstCommit/utility/src/main/java/com/epam/brest/course/utility/data/TruckLiteDto.java:44:37: 'truckCode' hides a field. [HiddenField]
[ERROR] /scratch/dginelli/workspace/repairnator-repairnator-experiments-Brest-Java-Course-2018-valentine-ezugu-370075586-20180423-144310-firstCommit/utility/src/main/java/com/epam/brest/course/utility/data/TruckLiteDto.java:48:5: Method 'getPurchasedDate' is not designed for extension - needs to be abstract, final or empty. [DesignForExtension]
[ERROR] /scratch/dginelli/workspace/repairnator-repairnator-experiments-Brest-Java-Course-2018-valentine-ezugu-370075586-20180423-144310-firstCommit/utility/src/main/java/com/epam/brest/course/utility/data/TruckLiteDto.java:48:5: Missing a Javadoc comment. [JavadocMethod]
[ERROR] /scratch/dginelli/workspace/repairnator-repairnator-experiments-Brest-Java-Course-2018-valentine-ezugu-370075586-20180423-144310-firstCommit/utility/src/main/java/com/epam/brest/course/utility/data/TruckLiteDto.java:52:5: Method 'setPurchasedDate' is not designed for extension - needs to be abstract, final or empty. [DesignForExtension]
[ERROR] /scratch/dginelli/workspace/repairnator-repairnator-experiments-Brest-Java-Course-2018-valentine-ezugu-370075586-20180423-144310-firstCommit/utility/src/main/java/com/epam/brest/course/utility/data/TruckLiteDto.java:52:5: Missing a Javadoc comment. [JavadocMethod]
[ERROR] /scratch/dginelli/workspace/repairnator-repairnator-experiments-Brest-Java-Course-2018-valentine-ezugu-370075586-20180423-144310-firstCommit/utility/src/main/java/com/epam/brest/course/utility/data/TruckLiteDto.java:52:34: Parameter purchasedDate should be final. [FinalParameters]
[ERROR] /scratch/dginelli/workspace/repairnator-repairnator-experiments-Brest-Java-Course-2018-valentine-ezugu-370075586-20180423-144310-firstCommit/utility/src/main/java/com/epam/brest/course/utility/data/TruckLiteDto.java:52:39: 'purchasedDate' hides a field. [HiddenField]
[ERROR] /scratch/dginelli/workspace/repairnator-repairnator-experiments-Brest-Java-Course-2018-valentine-ezugu-370075586-20180423-144310-firstCommit/utility/src/main/java/com/epam/brest/course/utility/data/TruckLiteDto.java:56:5: Method 'getDescriptions' is not designed for extension - needs to be abstract, final or empty. [DesignForExtension]
[ERROR] /scratch/dginelli/workspace/repairnator-repairnator-experiments-Brest-Java-Course-2018-valentine-ezugu-370075586-20180423-144310-firstCommit/utility/src/main/java/com/epam/brest/course/utility/data/TruckLiteDto.java:56:5: Missing a Javadoc comment. [JavadocMethod]
[ERROR] /scratch/dginelli/workspace/repairnator-repairnator-experiments-Brest-Java-Course-2018-valentine-ezugu-370075586-20180423-144310-firstCommit/utility/src/main/java/com/epam/brest/course/utility/data/TruckLiteDto.java:60:5: Method 'setDescriptions' is not designed for extension - needs to be abstract, final or empty. [DesignForExtension]
[ERROR] /scratch/dginelli/workspace/repairnator-repairnator-experiments-Brest-Java-Course-2018-valentine-ezugu-370075586-20180423-144310-firstCommit/utility/src/main/java/com/epam/brest/course/utility/data/TruckLiteDto.java:60:5: Missing a Javadoc comment. [JavadocMethod]
[ERROR] /scratch/dginelli/workspace/repairnator-repairnator-experiments-Brest-Java-Course-2018-valentine-ezugu-370075586-20180423-144310-firstCommit/utility/src/main/java/com/epam/brest/course/utility/data/TruckLiteDto.java:60:33: Parameter descriptions should be final. [FinalParameters]
[ERROR] /scratch/dginelli/workspace/repairnator-repairnator-experiments-Brest-Java-Course-2018-valentine-ezugu-370075586-20180423-144310-firstCommit/utility/src/main/java/com/epam/brest/course/utility/data/TruckLiteDto.java:60:40: 'descriptions' hides a field. [HiddenField]
[ERROR] /scratch/dginelli/workspace/repairnator-repairnator-experiments-Brest-Java-Course-2018-valentine-ezugu-370075586-20180423-144310-firstCommit/utility/src/main/java/com/epam/brest/course/utility/data/TruckLiteDto.java:64:5: Method 'toString' is not designed for extension - needs to be abstract, final or empty. [DesignForExtension]
[ERROR] /scratch/dginelli/workspace/repairnator-repairnator-experiments-Brest-Java-Course-2018-valentine-ezugu-370075586-20180423-144310-firstCommit/utility/src/main/java/com/epam/brest/course/utility/data/TruckLiteDto.java:66:32: '+' should be on a new line. [OperatorWrap]
Audit done.
[INFO] There are 59 errors reported by Checkstyle 6.18 with sun_checks.xml ruleset.
[ERROR] src/main/java/com/epam/brest/course/utility/config/MappingConfig.java:[22,5] (design) DesignForExtension: Method 'dozerBeanMapperFactoryBean' is not designed for extension - needs to be abstract, final or empty.
[ERROR] src/main/java/com/epam/brest/course/utility/validator/OrderValidator.java:[50] (sizes) LineLength: Line is longer than 80 characters (found 82).
[ERROR] src/main/java/com/epam/brest/course/utility/validator/OrderValidator.java:[51] (sizes) LineLength: Line is longer than 80 characters (found 87).
[ERROR] src/main/java/com/epam/brest/course/utility/data/TruckWithAvgPetrolDto.java:[35,5] (design) DesignForExtension: Method 'getTruckId' is not designed for extension - needs to be abstract, final or empty.
[ERROR] src/main/java/com/epam/brest/course/utility/data/TruckWithAvgPetrolDto.java:[43,5] (design) DesignForExtension: Method 'setTruckId' is not designed for extension - needs to be abstract, final or empty.
[ERROR] src/main/java/com/epam/brest/course/utility/data/TruckWithAvgPetrolDto.java:[43,28] (misc) FinalParameters: Parameter truckId should be final.
[ERROR] src/main/java/com/epam/brest/course/utility/data/TruckWithAvgPetrolDto.java:[43,36] (coding) HiddenField: 'truckId' hides a field.
[ERROR] src/main/java/com/epam/brest/course/utility/data/TruckWithAvgPetrolDto.java:[51] (javadoc) JavadocMethod: Expected an @return tag.
[ERROR] src/main/java/com/epam/brest/course/utility/data/TruckWithAvgPetrolDto.java:[51,5] (design) DesignForExtension: Method 'getTruckCode' is not designed for extension - needs to be abstract, final or empty.
[ERROR] src/main/java/com/epam/brest/course/utility/data/TruckWithAvgPetrolDto.java:[59,5] (design) DesignForExtension: Method 'setTruckCode' is not designed for extension - needs to be abstract, final or empty.
[ERROR] src/main/java/com/epam/brest/course/utility/data/TruckWithAvgPetrolDto.java:[59,30] (misc) FinalParameters: Parameter truckCode should be final.
[ERROR] src/main/java/com/epam/brest/course/utility/data/TruckWithAvgPetrolDto.java:[59,37] (coding) HiddenField: 'truckCode' hides a field.
[ERROR] src/main/java/com/epam/brest/course/utility/data/TruckWithAvgPetrolDto.java:[67] (javadoc) JavadocMethod: Expected an @return tag.
[ERROR] src/main/java/com/epam/brest/course/utility/data/TruckWithAvgPetrolDto.java:[67,5] (design) DesignForExtension: Method 'getPurchasedDate' is not designed for extension - needs to be abstract, final or empty.
[ERROR] src/main/java/com/epam/brest/course/utility/data/TruckWithAvgPetrolDto.java:[75,5] (design) DesignForExtension: Method 'setPurchasedDate' is not designed for extension - needs to be abstract, final or empty.
[ERROR] src/main/java/com/epam/brest/course/utility/data/TruckWithAvgPetrolDto.java:[75,34] (misc) FinalParameters: Parameter purchasedDate should be final.
[ERROR] src/main/java/com/epam/brest/course/utility/data/TruckWithAvgPetrolDto.java:[75,39] (coding) HiddenField: 'purchasedDate' hides a field.
[ERROR] src/main/java/com/epam/brest/course/utility/data/TruckWithAvgPetrolDto.java:[83] (javadoc) JavadocMethod: Expected an @return tag.
[ERROR] src/main/java/com/epam/brest/course/utility/data/TruckWithAvgPetrolDto.java:[83,5] (design) DesignForExtension: Method 'getDescriptions' is not designed for extension - needs to be abstract, final or empty.
[ERROR] src/main/java/com/epam/brest/course/utility/data/TruckWithAvgPetrolDto.java:[91,5] (design) DesignForExtension: Method 'setDescriptions' is not designed for extension - needs to be abstract, final or empty.
[ERROR] src/main/java/com/epam/brest/course/utility/data/TruckWithAvgPetrolDto.java:[91,33] (misc) FinalParameters: Parameter descriptions should be final.
[ERROR] src/main/java/com/epam/brest/course/utility/data/TruckWithAvgPetrolDto.java:[91,40] (coding) HiddenField: 'descriptions' hides a field.
[ERROR] src/main/java/com/epam/brest/course/utility/data/TruckWithAvgPetrolDto.java:[99,5] (design) DesignForExtension: Method 'getAvgPerMonth' is not designed for extension - needs to be abstract, final or empty.
[ERROR] src/main/java/com/epam/brest/course/utility/data/TruckWithAvgPetrolDto.java:[107,5] (design) DesignForExtension: Method 'setAvgPerMonth' is not designed for extension - needs to be abstract, final or empty.
[ERROR] src/main/java/com/epam/brest/course/utility/data/TruckWithAvgPetrolDto.java:[107,32] (misc) FinalParameters: Parameter avgPerMonth should be final.
[ERROR] src/main/java/com/epam/brest/course/utility/data/TruckWithAvgPetrolDto.java:[107,39] (coding) HiddenField: 'avgPerMonth' hides a field.
[ERROR] src/main/java/com/epam/brest/course/utility/data/TruckDto.java:[104,52] (coding) HiddenField: 'descriptions' hides a field.
[ERROR] src/main/java/com/epam/brest/course/utility/data/TruckDto.java:[112,5] (design) DesignForExtension: Method 'getAvgPerMonth' is not designed for extension - needs to be abstract, final or empty.
[ERROR] src/main/java/com/epam/brest/course/utility/data/TruckDto.java:[120,5] (design) DesignForExtension: Method 'setAvgPerMonth' is not designed for extension - needs to be abstract, final or empty.
[ERROR] src/main/java/com/epam/brest/course/utility/data/TruckDto.java:[120,32] (misc) FinalParameters: Parameter avgPerMonth should be final.
[ERROR] src/main/java/com/epam/brest/course/utility/data/TruckDto.java:[120,39] (coding) HiddenField: 'avgPerMonth' hides a field.
[ERROR] src/main/java/com/epam/brest/course/utility/data/TruckLiteDto.java:[8] (javadoc) JavadocType: Missing a Javadoc comment.
[ERROR] src/main/java/com/epam/brest/course/utility/data/TruckLiteDto.java:[24,5] (javadoc) JavadocMethod: Missing a Javadoc comment.
[ERROR] src/main/java/com/epam/brest/course/utility/data/TruckLiteDto.java:[32,5] (design) DesignForExtension: Method 'getTruckId' is not designed for extension - needs to be abstract, final or empty.
[ERROR] src/main/java/com/epam/brest/course/utility/data/TruckLiteDto.java:[32,5] (javadoc) JavadocMethod: Missing a Javadoc comment.
[ERROR] src/main/java/com/epam/brest/course/utility/data/TruckLiteDto.java:[36,5] (design) DesignForExtension: Method 'setTruckId' is not designed for extension - needs to be abstract, final or empty.
[ERROR] src/main/java/com/epam/brest/course/utility/data/TruckLiteDto.java:[36,5] (javadoc) JavadocMethod: Missing a Javadoc comment.
[ERROR] src/main/java/com/epam/brest/course/utility/data/TruckLiteDto.java:[36,28] (misc) FinalParameters: Parameter truckId should be final.
[ERROR] src/main/java/com/epam/brest/course/utility/data/TruckLiteDto.java:[36,36] (coding) HiddenField: 'truckId' hides a field.
[ERROR] src/main/java/com/epam/brest/course/utility/data/TruckLiteDto.java:[40,5] (design) DesignForExtension: Method 'getTruckCode' is not designed for extension - needs to be abstract, final or empty.
[ERROR] src/main/java/com/epam/brest/course/utility/data/TruckLiteDto.java:[40,5] (javadoc) JavadocMethod: Missing a Javadoc comment.
[ERROR] src/main/java/com/epam/brest/course/utility/data/TruckLiteDto.java:[44,5] (design) DesignForExtension: Method 'setTruckCode' is not designed for extension - needs to be abstract, final or empty.
[ERROR] src/main/java/com/epam/brest/course/utility/data/TruckLiteDto.java:[44,5] (javadoc) JavadocMethod: Missing a Javadoc comment.
[ERROR] src/main/java/com/epam/brest/course/utility/data/TruckLiteDto.java:[44,30] (misc) FinalParameters: Parameter truckCode should be final.
[ERROR] src/main/java/com/epam/brest/course/utility/data/TruckLiteDto.java:[44,37] (coding) HiddenField: 'truckCode' hides a field.
[ERROR] src/main/java/com/epam/brest/course/utility/data/TruckLiteDto.java:[48,5] (design) DesignForExtension: Method 'getPurchasedDate' is not designed for extension - needs to be abstract, final or empty.
[ERROR] src/main/java/com/epam/brest/course/utility/data/TruckLiteDto.java:[48,5] (javadoc) JavadocMethod: Missing a Javadoc comment.
[ERROR] src/main/java/com/epam/brest/course/utility/data/TruckLiteDto.java:[52,5] (design) DesignForExtension: Method 'setPurchasedDate' is not designed for extension - needs to be abstract, final or empty.
[ERROR] src/main/java/com/epam/brest/course/utility/data/TruckLiteDto.java:[52,5] (javadoc) JavadocMethod: Missing a Javadoc comment.
[ERROR] src/main/java/com/epam/brest/course/utility/data/TruckLiteDto.java:[52,34] (misc) FinalParameters: Parameter purchasedDate should be final.
[ERROR] src/main/java/com/epam/brest/course/utility/data/TruckLiteDto.java:[52,39] (coding) HiddenField: 'purchasedDate' hides a field.
[ERROR] src/main/java/com/epam/brest/course/utility/data/TruckLiteDto.java:[56,5] (design) DesignForExtension: Method 'getDescriptions' is not designed for extension - needs to be abstract, final or empty.
[ERROR] src/main/java/com/epam/brest/course/utility/data/TruckLiteDto.java:[56,5] (javadoc) JavadocMethod: Missing a Javadoc comment.
[ERROR] src/main/java/com/epam/brest/course/utility/data/TruckLiteDto.java:[60,5] (design) DesignForExtension: Method 'setDescriptions' is not designed for extension - needs to be abstract, final or empty.
[ERROR] src/main/java/com/epam/brest/course/utility/data/TruckLiteDto.java:[60,5] (javadoc) JavadocMethod: Missing a Javadoc comment.
[ERROR] src/main/java/com/epam/brest/course/utility/data/TruckLiteDto.java:[60,33] (misc) FinalParameters: Parameter descriptions should be final.
[ERROR] src/main/java/com/epam/brest/course/utility/data/TruckLiteDto.java:[60,40] (coding) HiddenField: 'descriptions' hides a field.
[ERROR] src/main/java/com/epam/brest/course/utility/data/TruckLiteDto.java:[64,5] (design) DesignForExtension: Method 'toString' is not designed for extension - needs to be abstract, final or empty.
[ERROR] src/main/java/com/epam/brest/course/utility/data/TruckLiteDto.java:[66,32] (whitespace) OperatorWrap: '+' should be on a new line.
[WARNING] checkstyle:check violations detected but failOnViolation set to false
[INFO] 
[INFO] --- maven-resources-plugin:2.6:resources (default-resources) @ utility ---
[INFO] Using 'UTF-8' encoding to copy filtered resources.
[INFO] Copying 2 resources
[INFO] 
[INFO] --- maven-compiler-plugin:3.7.0:compile (default-compile) @ utility ---
[INFO] Changes detected - recompiling the module!
[INFO] Compiling 14 source files to /scratch/dginelli/workspace/repairnator-repairnator-experiments-Brest-Java-Course-2018-valentine-ezugu-370075586-20180423-144310-firstCommit/utility/target/classes
[INFO] 
[INFO] --- maven-resources-plugin:2.6:testResources (default-testResources) @ utility ---
[INFO] Using 'UTF-8' encoding to copy filtered resources.
[INFO] skip non existing resourceDirectory /scratch/dginelli/workspace/repairnator-repairnator-experiments-Brest-Java-Course-2018-valentine-ezugu-370075586-20180423-144310-firstCommit/utility/src/test/resources
[INFO] 
[INFO] --- maven-compiler-plugin:3.7.0:testCompile (default-testCompile) @ utility ---
[INFO] No sources to compile
[INFO] 
[INFO] --- maven-surefire-plugin:2.16:test (default-test) @ utility ---
[INFO] No tests to run.
[INFO]                                                                         
[INFO] ------------------------------------------------------------------------
[INFO] Building service 1.0-SNAPSHOT
[INFO] ------------------------------------------------------------------------
[INFO] 
[INFO] --- maven-checkstyle-plugin:3.0.0:check (validate) @ service ---
[INFO] Starting audit...
Audit done.
[INFO] 
[INFO] --- maven-resources-plugin:2.6:resources (default-resources) @ service ---
[INFO] Using 'UTF-8' encoding to copy filtered resources.
[INFO] skip non existing resourceDirectory /scratch/dginelli/workspace/repairnator-repairnator-experiments-Brest-Java-Course-2018-valentine-ezugu-370075586-20180423-144310-firstCommit/service/src/main/resources
[INFO] 
[INFO] --- maven-compiler-plugin:3.7.0:compile (default-compile) @ service ---
[INFO] Changes detected - recompiling the module!
[INFO] Compiling 3 source files to /scratch/dginelli/workspace/repairnator-repairnator-experiments-Brest-Java-Course-2018-valentine-ezugu-370075586-20180423-144310-firstCommit/service/target/classes
[INFO] 
[INFO] --- maven-resources-plugin:2.6:testResources (default-testResources) @ service ---
[INFO] Using 'UTF-8' encoding to copy filtered resources.
[INFO] Copying 2 resources
[INFO] 
[INFO] --- maven-compiler-plugin:3.7.0:testCompile (default-testCompile) @ service ---
[INFO] Nothing to compile - all classes are up to date
[INFO] 
[INFO] --- maven-surefire-plugin:2.16:test (default-test) @ service ---
[INFO] Surefire report directory: /scratch/dginelli/workspace/repairnator-repairnator-experiments-Brest-Java-Course-2018-valentine-ezugu-370075586-20180423-144310-firstCommit/service/target/surefire-reports

-------------------------------------------------------
 T E S T S
-------------------------------------------------------
Running com.epam.brest.course.service.OrderServiceMockTest
14:46:37.057 [main] INFO  org.springframework.test.context.support.DefaultTestContextBootstrapper - Loaded default TestExecutionListener class names from location [META-INF/spring.factories]: [org.springframework.test.context.web.ServletTestExecutionListener, org.springframework.test.context.support.DirtiesContextBeforeModesTestExecutionListener, org.springframework.test.context.support.DependencyInjectionTestExecutionListener, org.springframework.test.context.support.DirtiesContextTestExecutionListener, org.springframework.test.context.transaction.TransactionalTestExecutionListener, org.springframework.test.context.jdbc.SqlScriptsTestExecutionListener]
14:46:37.076 [main] INFO  org.springframework.test.context.support.DefaultTestContextBootstrapper - Using TestExecutionListeners: [org.springframework.test.context.support.DirtiesContextBeforeModesTestExecutionListener@9225652, org.springframework.test.context.support.DependencyInjectionTestExecutionListener@654f0d9c, org.springframework.test.context.support.DirtiesContextTestExecutionListener@6a400542, org.springframework.test.context.transaction.TransactionalTestExecutionListener@6580cfdd, org.springframework.test.context.jdbc.SqlScriptsTestExecutionListener@7e0b85f9]
14:46:37.254 [main] INFO  org.springframework.context.support.GenericApplicationContext - Refreshing org.springframework.context.support.GenericApplicationContext@123ef382: startup date [Sat Feb 15 14:46:37 CET 2020]; root of context hierarchy
14:46:37.764 [main] DEBUG com.epam.brest.course.service.OrderServiceMockTest - test: addOrder()
14:46:37.775 [main] DEBUG com.epam.brest.course.service.OrderServiceImpl - addOrder(com.epam.brest.course.model.Order@982d4a65)
14:46:37.788 [main] DEBUG com.epam.brest.course.service.OrderServiceImpl - addOrder(com.epam.brest.course.model.Order@bb9f7c93)
14:46:37.810 [main] DEBUG com.epam.brest.course.service.OrderServiceMockTest - test: findOneOrder_ThrowsIllegalArgs()
14:46:37.820 [main] DEBUG com.epam.brest.course.service.OrderServiceMockTest - test: getOrderById()
14:46:37.820 [main] DEBUG com.epam.brest.course.service.OrderServiceImpl - getOrderById(15)
14:46:37.822 [main] DEBUG com.epam.brest.course.service.OrderServiceMockTest - test: deleteOrderById()
14:46:37.823 [main] DEBUG com.epam.brest.course.service.OrderServiceImpl - deleteOrderById(15)
14:46:37.836 [main] DEBUG com.epam.brest.course.service.OrderServiceMockTest - test: getAllOrdersWithTruckCode()
14:46:37.837 [main] DEBUG com.epam.brest.course.service.OrderServiceImpl - getAllOrdersWithTruckCode()
14:46:37.839 [main] DEBUG com.epam.brest.course.service.OrderServiceMockTest - test: getOrders()
14:46:37.840 [main] DEBUG com.epam.brest.course.service.OrderServiceImpl - getAllOrders()
14:46:37.841 [main] DEBUG com.epam.brest.course.service.OrderServiceMockTest - test: illegalArgumentInDelete()
14:46:37.841 [main] DEBUG com.epam.brest.course.service.OrderServiceImpl - deleteOrderById(null)
14:46:37.844 [main] DEBUG com.epam.brest.course.service.OrderServiceMockTest - test: getOrdersWithDates()
14:46:37.852 [main] DEBUG com.epam.brest.course.service.OrderServiceImpl - getAllOrders()
14:46:37.855 [main] DEBUG com.epam.brest.course.service.OrderServiceMockTest - test: updateAnOrder()
14:46:37.855 [main] DEBUG com.epam.brest.course.service.OrderServiceImpl - updateOrder(com.epam.brest.course.model.Order@3ea81342)
Tests run: 10, Failures: 0, Errors: 0, Skipped: 0, Time elapsed: 1.899 sec - in com.epam.brest.course.service.OrderServiceMockTest
Running com.epam.brest.course.service.OrderServiceImplTest
14:46:37.866 [main] INFO  org.springframework.test.context.support.DefaultTestContextBootstrapper - Loaded default TestExecutionListener class names from location [META-INF/spring.factories]: [org.springframework.test.context.web.ServletTestExecutionListener, org.springframework.test.context.support.DirtiesContextBeforeModesTestExecutionListener, org.springframework.test.context.support.DependencyInjectionTestExecutionListener, org.springframework.test.context.support.DirtiesContextTestExecutionListener, org.springframework.test.context.transaction.TransactionalTestExecutionListener, org.springframework.test.context.jdbc.SqlScriptsTestExecutionListener]
14:46:37.867 [main] INFO  org.springframework.test.context.support.DefaultTestContextBootstrapper - Using TestExecutionListeners: [org.springframework.test.context.support.DirtiesContextBeforeModesTestExecutionListener@4066c471, org.springframework.test.context.support.DependencyInjectionTestExecutionListener@2b175c00, org.springframework.test.context.support.DirtiesContextTestExecutionListener@3eb81efb, org.springframework.test.context.transaction.TransactionalTestExecutionListener@1ae8bcbc, org.springframework.test.context.jdbc.SqlScriptsTestExecutionListener@6cdba6dc]
14:46:37.883 [main] INFO  org.springframework.beans.factory.xml.XmlBeanDefinitionReader - Loading XML bean definitions from class path resource [test-db-spring.xml]
14:46:38.081 [main] INFO  org.springframework.beans.factory.xml.XmlBeanDefinitionReader - Loading XML bean definitions from class path resource [bean-test.xml]
14:46:38.228 [main] INFO  org.springframework.beans.factory.xml.XmlBeanDefinitionReader - Loading XML bean definitions from class path resource [test-db-spring.xml]
14:46:38.272 [main] INFO  org.springframework.beans.factory.xml.XmlBeanDefinitionReader - Loading XML bean definitions from class path resource [dao.xml]
14:46:38.310 [main] INFO  org.springframework.context.support.GenericApplicationContext - Refreshing org.springframework.context.support.GenericApplicationContext@7d3d101b: startup date [Sat Feb 15 14:46:38 CET 2020]; root of context hierarchy
14:46:38.443 [main] INFO  org.springframework.jdbc.datasource.DriverManagerDataSource - Loaded JDBC driver: org.h2.Driver
14:46:38.744 [main] INFO  org.springframework.jdbc.datasource.init.ScriptUtils - Executing SQL script from class path resource [create-tables.sql]
14:46:38.797 [main] INFO  org.springframework.jdbc.datasource.init.ScriptUtils - Executed SQL script from class path resource [create-tables.sql] in 51 ms.
14:46:38.798 [main] INFO  org.springframework.jdbc.datasource.init.ScriptUtils - Executing SQL script from class path resource [data-script.sql]
14:46:38.817 [main] INFO  org.springframework.jdbc.datasource.init.ScriptUtils - Executed SQL script from class path resource [data-script.sql] in 19 ms.
14:46:38.994 [main] INFO  org.springframework.jdbc.datasource.init.ScriptUtils - Executing SQL script from class path resource [create-tables.sql]
14:46:39.014 [main] INFO  org.springframework.jdbc.datasource.init.ScriptUtils - Executed SQL script from class path resource [create-tables.sql] in 19 ms.
14:46:39.015 [main] INFO  org.springframework.jdbc.datasource.init.ScriptUtils - Executing SQL script from class path resource [data-script.sql]
14:46:39.020 [main] INFO  org.springframework.jdbc.datasource.init.ScriptUtils - Executed SQL script from class path resource [data-script.sql] in 4 ms.
14:46:39.833 [main] INFO  org.springframework.test.context.transaction.TransactionContext - Began transaction (1) for test context [DefaultTestContext@388ba540 testClass = OrderServiceImplTest, testInstance = com.epam.brest.course.service.OrderServiceImplTest@47605f2f, testMethod = updateOrder@OrderServiceImplTest, testException = [null], mergedContextConfiguration = [MergedContextConfiguration@590c73d3 testClass = OrderServiceImplTest, locations = '{classpath:test-db-spring.xml, classpath:bean-test.xml, classpath:dao.xml}', classes = '{}', contextInitializerClasses = '[]', activeProfiles = '{}', propertySourceLocations = '{}', propertySourceProperties = '{}', contextCustomizers = set[[empty]], contextLoader = 'org.springframework.test.context.support.DelegatingSmartContextLoader', parent = [null]]]; transaction manager [org.springframework.jdbc.datasource.DataSourceTransactionManager@2ece4966]; rollback [true]
14:46:39.839 [main] DEBUG com.epam.brest.course.service.OrderServiceImplTest - test: updateOrder()
14:46:39.839 [main] DEBUG com.epam.brest.course.service.OrderServiceImpl - getOrderById(1)
14:46:39.840 [main] DEBUG com.epam.brest.course.dao.OrderDaoImpl - getOrderById(1)
14:46:39.937 [main] DEBUG com.epam.brest.course.service.OrderServiceImpl - updateOrder(com.epam.brest.course.model.Order@957d4c5c)
14:46:39.938 [main] DEBUG com.epam.brest.course.dao.OrderDaoImpl - updateOrder(com.epam.brest.course.model.Order@957d4c5c)
14:46:39.941 [main] DEBUG com.epam.brest.course.service.OrderServiceImpl - getOrderById(1)
14:46:39.941 [main] DEBUG com.epam.brest.course.dao.OrderDaoImpl - getOrderById(1)
14:46:39.951 [main] INFO  org.springframework.test.context.transaction.TransactionContext - Rolled back transaction for test context [DefaultTestContext@388ba540 testClass = OrderServiceImplTest, testInstance = com.epam.brest.course.service.OrderServiceImplTest@47605f2f, testMethod = updateOrder@OrderServiceImplTest, testException = [null], mergedContextConfiguration = [MergedContextConfiguration@590c73d3 testClass = OrderServiceImplTest, locations = '{classpath:test-db-spring.xml, classpath:bean-test.xml, classpath:dao.xml}', classes = '{}', contextInitializerClasses = '[]', activeProfiles = '{}', propertySourceLocations = '{}', propertySourceProperties = '{}', contextCustomizers = set[[empty]], contextLoader = 'org.springframework.test.context.support.DelegatingSmartContextLoader', parent = [null]]].
14:46:39.953 [main] INFO  org.springframework.test.context.transaction.TransactionContext - Began transaction (1) for test context [DefaultTestContext@388ba540 testClass = OrderServiceImplTest, testInstance = com.epam.brest.course.service.OrderServiceImplTest@59d2103b, testMethod = getAllTrucksWithAvg@OrderServiceImplTest, testException = [null], mergedContextConfiguration = [MergedContextConfiguration@590c73d3 testClass = OrderServiceImplTest, locations = '{classpath:test-db-spring.xml, classpath:bean-test.xml, classpath:dao.xml}', classes = '{}', contextInitializerClasses = '[]', activeProfiles = '{}', propertySourceLocations = '{}', propertySourceProperties = '{}', contextCustomizers = set[[empty]], contextLoader = 'org.springframework.test.context.support.DelegatingSmartContextLoader', parent = [null]]]; transaction manager [org.springframework.jdbc.datasource.DataSourceTransactionManager@2ece4966]; rollback [true]
14:46:39.954 [main] DEBUG com.epam.brest.course.service.OrderServiceImplTest - test: getAllTrucksWithAvg()
14:46:39.954 [main] DEBUG com.epam.brest.course.service.OrderServiceImpl - getAllOrdersWithTruckCode()
14:46:39.954 [main] DEBUG com.epam.brest.course.dao.OrderDaoImpl - getAllOrdersWithTruckCode()
14:46:39.963 [main] INFO  org.springframework.test.context.transaction.TransactionContext - Rolled back transaction for test context [DefaultTestContext@388ba540 testClass = OrderServiceImplTest, testInstance = com.epam.brest.course.service.OrderServiceImplTest@59d2103b, testMethod = getAllTrucksWithAvg@OrderServiceImplTest, testException = [null], mergedContextConfiguration = [MergedContextConfiguration@590c73d3 testClass = OrderServiceImplTest, locations = '{classpath:test-db-spring.xml, classpath:bean-test.xml, classpath:dao.xml}', classes = '{}', contextInitializerClasses = '[]', activeProfiles = '{}', propertySourceLocations = '{}', propertySourceProperties = '{}', contextCustomizers = set[[empty]], contextLoader = 'org.springframework.test.context.support.DelegatingSmartContextLoader', parent = [null]]].
14:46:39.969 [main] INFO  org.springframework.test.context.transaction.TransactionContext - Began transaction (1) for test context [DefaultTestContext@388ba540 testClass = OrderServiceImplTest, testInstance = com.epam.brest.course.service.OrderServiceImplTest@7db82169, testMethod = getOrderById@OrderServiceImplTest, testException = [null], mergedContextConfiguration = [MergedContextConfiguration@590c73d3 testClass = OrderServiceImplTest, locations = '{classpath:test-db-spring.xml, classpath:bean-test.xml, classpath:dao.xml}', classes = '{}', contextInitializerClasses = '[]', activeProfiles = '{}', propertySourceLocations = '{}', propertySourceProperties = '{}', contextCustomizers = set[[empty]], contextLoader = 'org.springframework.test.context.support.DelegatingSmartContextLoader', parent = [null]]]; transaction manager [org.springframework.jdbc.datasource.DataSourceTransactionManager@2ece4966]; rollback [true]
14:46:39.969 [main] DEBUG com.epam.brest.course.service.OrderServiceImplTest - test: getOrderById()
14:46:39.970 [main] DEBUG com.epam.brest.course.service.OrderServiceImpl - addOrder(com.epam.brest.course.model.Order@5722c0d3)
14:46:39.973 [main] DEBUG com.epam.brest.course.dao.OrderDaoImpl - addOrder(com.epam.brest.course.model.Order@5722c0d3)
14:46:39.984 [main] DEBUG com.epam.brest.course.service.OrderServiceImpl - getOrderById(8)
14:46:39.984 [main] DEBUG com.epam.brest.course.dao.OrderDaoImpl - getOrderById(8)
14:46:40.003 [main] INFO  org.springframework.test.context.transaction.TransactionContext - Rolled back transaction for test context [DefaultTestContext@388ba540 testClass = OrderServiceImplTest, testInstance = com.epam.brest.course.service.OrderServiceImplTest@7db82169, testMethod = getOrderById@OrderServiceImplTest, testException = [null], mergedContextConfiguration = [MergedContextConfiguration@590c73d3 testClass = OrderServiceImplTest, locations = '{classpath:test-db-spring.xml, classpath:bean-test.xml, classpath:dao.xml}', classes = '{}', contextInitializerClasses = '[]', activeProfiles = '{}', propertySourceLocations = '{}', propertySourceProperties = '{}', contextCustomizers = set[[empty]], contextLoader = 'org.springframework.test.context.support.DelegatingSmartContextLoader', parent = [null]]].
14:46:40.016 [main] INFO  org.springframework.test.context.transaction.TransactionContext - Began transaction (1) for test context [DefaultTestContext@388ba540 testClass = OrderServiceImplTest, testInstance = com.epam.brest.course.service.OrderServiceImplTest@18f20260, testMethod = deleteOrderByIdWithNull@OrderServiceImplTest, testException = [null], mergedContextConfiguration = [MergedContextConfiguration@590c73d3 testClass = OrderServiceImplTest, locations = '{classpath:test-db-spring.xml, classpath:bean-test.xml, classpath:dao.xml}', classes = '{}', contextInitializerClasses = '[]', activeProfiles = '{}', propertySourceLocations = '{}', propertySourceProperties = '{}', contextCustomizers = set[[empty]], contextLoader = 'org.springframework.test.context.support.DelegatingSmartContextLoader', parent = [null]]]; transaction manager [org.springframework.jdbc.datasource.DataSourceTransactionManager@2ece4966]; rollback [true]
14:46:40.016 [main] DEBUG com.epam.brest.course.service.OrderServiceImplTest - test: deleteById()
14:46:40.016 [main] DEBUG com.epam.brest.course.service.OrderServiceImpl - deleteOrderById(null)
14:46:40.016 [main] INFO  org.springframework.test.context.transaction.TransactionContext - Rolled back transaction for test context [DefaultTestContext@388ba540 testClass = OrderServiceImplTest, testInstance = com.epam.brest.course.service.OrderServiceImplTest@18f20260, testMethod = deleteOrderByIdWithNull@OrderServiceImplTest, testException = [null], mergedContextConfiguration = [MergedContextConfiguration@590c73d3 testClass = OrderServiceImplTest, locations = '{classpath:test-db-spring.xml, classpath:bean-test.xml, classpath:dao.xml}', classes = '{}', contextInitializerClasses = '[]', activeProfiles = '{}', propertySourceLocations = '{}', propertySourceProperties = '{}', contextCustomizers = set[[empty]], contextLoader = 'org.springframework.test.context.support.DelegatingSmartContextLoader', parent = [null]]].
14:46:40.018 [main] INFO  org.springframework.test.context.transaction.TransactionContext - Began transaction (1) for test context [DefaultTestContext@388ba540 testClass = OrderServiceImplTest, testInstance = com.epam.brest.course.service.OrderServiceImplTest@7a48e6e2, testMethod = saveOrder@OrderServiceImplTest, testException = [null], mergedContextConfiguration = [MergedContextConfiguration@590c73d3 testClass = OrderServiceImplTest, locations = '{classpath:test-db-spring.xml, classpath:bean-test.xml, classpath:dao.xml}', classes = '{}', contextInitializerClasses = '[]', activeProfiles = '{}', propertySourceLocations = '{}', propertySourceProperties = '{}', contextCustomizers = set[[empty]], contextLoader = 'org.springframework.test.context.support.DelegatingSmartContextLoader', parent = [null]]]; transaction manager [org.springframework.jdbc.datasource.DataSourceTransactionManager@2ece4966]; rollback [true]
14:46:40.018 [main] DEBUG com.epam.brest.course.service.OrderServiceImplTest - test: saveOrder()
14:46:40.018 [main] DEBUG com.epam.brest.course.service.OrderServiceImpl - getAllOrders()
14:46:40.018 [main] DEBUG com.epam.brest.course.dao.OrderDaoImpl - getAllOrders(null)
14:46:40.028 [main] DEBUG com.epam.brest.course.service.OrderServiceImpl - addOrder(com.epam.brest.course.model.Order@57233532)
14:46:40.031 [main] DEBUG com.epam.brest.course.dao.OrderDaoImpl - addOrder(com.epam.brest.course.model.Order@57233532)
14:46:40.032 [main] DEBUG com.epam.brest.course.service.OrderServiceImpl - getAllOrders()
14:46:40.033 [main] DEBUG com.epam.brest.course.dao.OrderDaoImpl - getAllOrders(null)
14:46:40.045 [main] INFO  org.springframework.test.context.transaction.TransactionContext - Rolled back transaction for test context [DefaultTestContext@388ba540 testClass = OrderServiceImplTest, testInstance = com.epam.brest.course.service.OrderServiceImplTest@7a48e6e2, testMethod = saveOrder@OrderServiceImplTest, testException = [null], mergedContextConfiguration = [MergedContextConfiguration@590c73d3 testClass = OrderServiceImplTest, locations = '{classpath:test-db-spring.xml, classpath:bean-test.xml, classpath:dao.xml}', classes = '{}', contextInitializerClasses = '[]', activeProfiles = '{}', propertySourceLocations = '{}', propertySourceProperties = '{}', contextCustomizers = set[[empty]], contextLoader = 'org.springframework.test.context.support.DelegatingSmartContextLoader', parent = [null]]].
14:46:40.054 [main] INFO  org.springframework.test.context.transaction.TransactionContext - Began transaction (1) for test context [DefaultTestContext@388ba540 testClass = OrderServiceImplTest, testInstance = com.epam.brest.course.service.OrderServiceImplTest@4052274f, testMethod = deleteOrderById@OrderServiceImplTest, testException = [null], mergedContextConfiguration = [MergedContextConfiguration@590c73d3 testClass = OrderServiceImplTest, locations = '{classpath:test-db-spring.xml, classpath:bean-test.xml, classpath:dao.xml}', classes = '{}', contextInitializerClasses = '[]', activeProfiles = '{}', propertySourceLocations = '{}', propertySourceProperties = '{}', contextCustomizers = set[[empty]], contextLoader = 'org.springframework.test.context.support.DelegatingSmartContextLoader', parent = [null]]]; transaction manager [org.springframework.jdbc.datasource.DataSourceTransactionManager@2ece4966]; rollback [true]
14:46:40.054 [main] DEBUG com.epam.brest.course.service.OrderServiceImplTest - test: deleteById()
14:46:40.054 [main] DEBUG com.epam.brest.course.service.OrderServiceImpl - getAllOrders()
14:46:40.055 [main] DEBUG com.epam.brest.course.dao.OrderDaoImpl - getAllOrders(null)
14:46:40.066 [main] DEBUG com.epam.brest.course.service.OrderServiceImpl - deleteOrderById(1)
14:46:40.067 [main] DEBUG com.epam.brest.course.dao.OrderDaoImpl - deleteOrderById(1)
14:46:40.068 [main] DEBUG com.epam.brest.course.service.OrderServiceImpl - getAllOrders()
14:46:40.070 [main] DEBUG com.epam.brest.course.dao.OrderDaoImpl - getAllOrders(null)
14:46:40.073 [main] INFO  org.springframework.test.context.transaction.TransactionContext - Rolled back transaction for test context [DefaultTestContext@388ba540 testClass = OrderServiceImplTest, testInstance = com.epam.brest.course.service.OrderServiceImplTest@4052274f, testMethod = deleteOrderById@OrderServiceImplTest, testException = [null], mergedContextConfiguration = [MergedContextConfiguration@590c73d3 testClass = OrderServiceImplTest, locations = '{classpath:test-db-spring.xml, classpath:bean-test.xml, classpath:dao.xml}', classes = '{}', contextInitializerClasses = '[]', activeProfiles = '{}', propertySourceLocations = '{}', propertySourceProperties = '{}', contextCustomizers = set[[empty]], contextLoader = 'org.springframework.test.context.support.DelegatingSmartContextLoader', parent = [null]]].
Tests run: 6, Failures: 0, Errors: 0, Skipped: 0, Time elapsed: 2.217 sec - in com.epam.brest.course.service.OrderServiceImplTest
Running com.epam.brest.course.service.TruckServiceMockTest
14:46:40.090 [main] INFO  org.springframework.test.context.support.DefaultTestContextBootstrapper - Loaded default TestExecutionListener class names from location [META-INF/spring.factories]: [org.springframework.test.context.web.ServletTestExecutionListener, org.springframework.test.context.support.DirtiesContextBeforeModesTestExecutionListener, org.springframework.test.context.support.DependencyInjectionTestExecutionListener, org.springframework.test.context.support.DirtiesContextTestExecutionListener, org.springframework.test.context.transaction.TransactionalTestExecutionListener, org.springframework.test.context.jdbc.SqlScriptsTestExecutionListener]
14:46:40.091 [main] INFO  org.springframework.test.context.support.DefaultTestContextBootstrapper - Using TestExecutionListeners: [org.springframework.test.context.support.DirtiesContextBeforeModesTestExecutionListener@64beebb7, org.springframework.test.context.support.DependencyInjectionTestExecutionListener@7813cb11, org.springframework.test.context.support.DirtiesContextTestExecutionListener@bcec031, org.springframework.test.context.transaction.TransactionalTestExecutionListener@21005f6c, org.springframework.test.context.jdbc.SqlScriptsTestExecutionListener@32f0fba8]
14:46:40.095 [main] INFO  org.springframework.context.support.GenericApplicationContext - Refreshing org.springframework.context.support.GenericApplicationContext@545de5a4: startup date [Sat Feb 15 14:46:40 CET 2020]; root of context hierarchy
14:46:40.163 [main] DEBUG com.epam.brest.course.service.TruckServiceMockTest - test: deleteTruck()
14:46:40.169 [main] DEBUG com.epam.brest.course.service.TruckServiceImpl - deleteTruckById(12)
14:46:40.171 [main] DEBUG com.epam.brest.course.service.TruckServiceMockTest - test: findOneTruck_ThrowsIllegalArgs()
14:46:40.172 [main] DEBUG com.epam.brest.course.service.TruckServiceImpl - getTruckById(null)
14:46:40.173 [main] DEBUG com.epam.brest.course.service.TruckServiceMockTest - test: saveTruck()
14:46:40.173 [main] DEBUG com.epam.brest.course.service.TruckServiceImpl - addTruck(Truck{truckId=32, truckCode='BY2442', purchasedDate=null, descriptions='NEW TRUCK'})
14:46:40.174 [main] DEBUG com.epam.brest.course.service.TruckServiceMockTest - test: getTrucks()
14:46:40.175 [main] DEBUG com.epam.brest.course.service.TruckServiceImpl - getAllTrucks()
14:46:40.176 [main] DEBUG com.epam.brest.course.service.TruckServiceMockTest - test: updateAnExistingTruck()
14:46:40.178 [main] DEBUG com.epam.brest.course.service.TruckServiceImpl - updateTruck(Truck{truckId=32, truckCode='BY9099', purchasedDate=null, descriptions='NEW TRUCK'})
14:46:40.181 [main] DEBUG com.epam.brest.course.service.TruckServiceMockTest - test: getTruckById()
14:46:40.182 [main] DEBUG com.epam.brest.course.service.TruckServiceImpl - getTruckById(12)
Tests run: 6, Failures: 0, Errors: 0, Skipped: 0, Time elapsed: 0.104 sec - in com.epam.brest.course.service.TruckServiceMockTest
Running com.epam.brest.course.service.TruckServiceImplTest
14:46:40.190 [main] INFO  org.springframework.test.context.support.DefaultTestContextBootstrapper - Loaded default TestExecutionListener class names from location [META-INF/spring.factories]: [org.springframework.test.context.web.ServletTestExecutionListener, org.springframework.test.context.support.DirtiesContextBeforeModesTestExecutionListener, org.springframework.test.context.support.DependencyInjectionTestExecutionListener, org.springframework.test.context.support.DirtiesContextTestExecutionListener, org.springframework.test.context.transaction.TransactionalTestExecutionListener, org.springframework.test.context.jdbc.SqlScriptsTestExecutionListener]
14:46:40.198 [main] INFO  org.springframework.test.context.support.DefaultTestContextBootstrapper - Using TestExecutionListeners: [org.springframework.test.context.support.DirtiesContextBeforeModesTestExecutionListener@44c79f32, org.springframework.test.context.support.DependencyInjectionTestExecutionListener@7fcbe147, org.springframework.test.context.support.DirtiesContextTestExecutionListener@235f4c10, org.springframework.test.context.transaction.TransactionalTestExecutionListener@743cb8e0, org.springframework.test.context.jdbc.SqlScriptsTestExecutionListener@c7a975a]
14:46:40.204 [main] INFO  org.springframework.beans.factory.xml.XmlBeanDefinitionReader - Loading XML bean definitions from class path resource [dao.xml]
14:46:40.247 [main] INFO  org.springframework.beans.factory.xml.XmlBeanDefinitionReader - Loading XML bean definitions from class path resource [bean-test.xml]
14:46:40.315 [main] INFO  org.springframework.beans.factory.xml.XmlBeanDefinitionReader - Loading XML bean definitions from class path resource [test-db-spring.xml]
14:46:40.350 [main] INFO  org.springframework.beans.factory.xml.XmlBeanDefinitionReader - Loading XML bean definitions from class path resource [test-db-spring.xml]
14:46:40.373 [main] INFO  org.springframework.context.support.GenericApplicationContext - Refreshing org.springframework.context.support.GenericApplicationContext@2c1b9e4b: startup date [Sat Feb 15 14:46:40 CET 2020]; root of context hierarchy
14:46:40.434 [main] INFO  org.springframework.jdbc.datasource.DriverManagerDataSource - Loaded JDBC driver: org.h2.Driver
14:46:40.485 [main] INFO  org.springframework.jdbc.datasource.init.ScriptUtils - Executing SQL script from class path resource [create-tables.sql]
14:46:40.491 [main] INFO  org.springframework.jdbc.datasource.init.ScriptUtils - Executed SQL script from class path resource [create-tables.sql] in 6 ms.
14:46:40.500 [main] INFO  org.springframework.jdbc.datasource.init.ScriptUtils - Executing SQL script from class path resource [data-script.sql]
14:46:40.507 [main] INFO  org.springframework.jdbc.datasource.init.ScriptUtils - Executed SQL script from class path resource [data-script.sql] in 6 ms.
14:46:40.529 [main] INFO  org.springframework.jdbc.datasource.init.ScriptUtils - Executing SQL script from class path resource [create-tables.sql]
14:46:40.548 [main] INFO  org.springframework.jdbc.datasource.init.ScriptUtils - Executed SQL script from class path resource [create-tables.sql] in 18 ms.
14:46:40.548 [main] INFO  org.springframework.jdbc.datasource.init.ScriptUtils - Executing SQL script from class path resource [data-script.sql]
14:46:40.552 [main] INFO  org.springframework.jdbc.datasource.init.ScriptUtils - Executed SQL script from class path resource [data-script.sql] in 4 ms.
14:46:40.566 [main] INFO  org.springframework.test.context.transaction.TransactionContext - Began transaction (1) for test context [DefaultTestContext@290b1b2e testClass = TruckServiceImplTest, testInstance = com.epam.brest.course.service.TruckServiceImplTest@47874b25, testMethod = deleteTruckWithValidId@TruckServiceImplTest, testException = [null], mergedContextConfiguration = [MergedContextConfiguration@72e34f77 testClass = TruckServiceImplTest, locations = '{classpath:dao.xml, classpath:bean-test.xml, classpath:test-db-spring.xml}', classes = '{}', contextInitializerClasses = '[]', activeProfiles = '{}', propertySourceLocations = '{}', propertySourceProperties = '{}', contextCustomizers = set[[empty]], contextLoader = 'org.springframework.test.context.support.DelegatingSmartContextLoader', parent = [null]]]; transaction manager [org.springframework.jdbc.datasource.DataSourceTransactionManager@33617539]; rollback [true]
14:46:40.567 [main] DEBUG com.epam.brest.course.service.TruckServiceImplTest - test: deleteTruckWithValidId()
14:46:40.567 [main] DEBUG com.epam.brest.course.service.TruckServiceImpl - getAllTrucks()
14:46:40.567 [main] DEBUG com.epam.brest.course.dao.TruckDaoImpl - getAllTrucks()
14:46:40.580 [main] DEBUG com.epam.brest.course.service.TruckServiceImpl - deleteTruckById(1)
14:46:40.581 [main] DEBUG com.epam.brest.course.dao.TruckDaoImpl - deleteTruckById(1)
14:46:40.583 [main] DEBUG com.epam.brest.course.service.TruckServiceImpl - getAllTrucks()
14:46:40.583 [main] DEBUG com.epam.brest.course.dao.TruckDaoImpl - getAllTrucks()
14:46:40.588 [main] INFO  org.springframework.test.context.transaction.TransactionContext - Rolled back transaction for test context [DefaultTestContext@290b1b2e testClass = TruckServiceImplTest, testInstance = com.epam.brest.course.service.TruckServiceImplTest@47874b25, testMethod = deleteTruckWithValidId@TruckServiceImplTest, testException = [null], mergedContextConfiguration = [MergedContextConfiguration@72e34f77 testClass = TruckServiceImplTest, locations = '{classpath:dao.xml, classpath:bean-test.xml, classpath:test-db-spring.xml}', classes = '{}', contextInitializerClasses = '[]', activeProfiles = '{}', propertySourceLocations = '{}', propertySourceProperties = '{}', contextCustomizers = set[[empty]], contextLoader = 'org.springframework.test.context.support.DelegatingSmartContextLoader', parent = [null]]].
14:46:40.591 [main] INFO  org.springframework.test.context.transaction.TransactionContext - Began transaction (1) for test context [DefaultTestContext@290b1b2e testClass = TruckServiceImplTest, testInstance = com.epam.brest.course.service.TruckServiceImplTest@5db4c359, testMethod = updateTruck@TruckServiceImplTest, testException = [null], mergedContextConfiguration = [MergedContextConfiguration@72e34f77 testClass = TruckServiceImplTest, locations = '{classpath:dao.xml, classpath:bean-test.xml, classpath:test-db-spring.xml}', classes = '{}', contextInitializerClasses = '[]', activeProfiles = '{}', propertySourceLocations = '{}', propertySourceProperties = '{}', contextCustomizers = set[[empty]], contextLoader = 'org.springframework.test.context.support.DelegatingSmartContextLoader', parent = [null]]]; transaction manager [org.springframework.jdbc.datasource.DataSourceTransactionManager@33617539]; rollback [true]
14:46:40.592 [main] DEBUG com.epam.brest.course.service.TruckServiceImplTest - test: updateTruck()
14:46:40.592 [main] DEBUG com.epam.brest.course.service.TruckServiceImpl - getTruckById(1)
14:46:40.595 [main] DEBUG com.epam.brest.course.dao.TruckDaoImpl - getTruckById(1)
14:46:40.784 [main] DEBUG com.epam.brest.course.service.TruckServiceImpl - updateTruck(Truck{truckId=1, truckCode='BY2994', purchasedDate=Sun Feb 01 00:00:00 CET 2004, descriptions='BMW TRUCK'})
14:46:40.785 [main] DEBUG com.epam.brest.course.service.TruckServiceImpl - getTruckById(1)
14:46:40.785 [main] DEBUG com.epam.brest.course.dao.TruckDaoImpl - getTruckById(1)
14:46:40.789 [main] INFO  org.springframework.test.context.transaction.TransactionContext - Rolled back transaction for test context [DefaultTestContext@290b1b2e testClass = TruckServiceImplTest, testInstance = com.epam.brest.course.service.TruckServiceImplTest@5db4c359, testMethod = updateTruck@TruckServiceImplTest, testException = [null], mergedContextConfiguration = [MergedContextConfiguration@72e34f77 testClass = TruckServiceImplTest, locations = '{classpath:dao.xml, classpath:bean-test.xml, classpath:test-db-spring.xml}', classes = '{}', contextInitializerClasses = '[]', activeProfiles = '{}', propertySourceLocations = '{}', propertySourceProperties = '{}', contextCustomizers = set[[empty]], contextLoader = 'org.springframework.test.context.support.DelegatingSmartContextLoader', parent = [null]]].
14:46:40.792 [main] INFO  org.springframework.test.context.transaction.TransactionContext - Began transaction (1) for test context [DefaultTestContext@290b1b2e testClass = TruckServiceImplTest, testInstance = com.epam.brest.course.service.TruckServiceImplTest@5ca17ab0, testMethod = addNewTruck@TruckServiceImplTest, testException = [null], mergedContextConfiguration = [MergedContextConfiguration@72e34f77 testClass = TruckServiceImplTest, locations = '{classpath:dao.xml, classpath:bean-test.xml, classpath:test-db-spring.xml}', classes = '{}', contextInitializerClasses = '[]', activeProfiles = '{}', propertySourceLocations = '{}', propertySourceProperties = '{}', contextCustomizers = set[[empty]], contextLoader = 'org.springframework.test.context.support.DelegatingSmartContextLoader', parent = [null]]]; transaction manager [org.springframework.jdbc.datasource.DataSourceTransactionManager@33617539]; rollback [true]
14:46:40.793 [main] DEBUG com.epam.brest.course.service.TruckServiceImplTest - test: addNewTruck()
14:46:40.794 [main] DEBUG com.epam.brest.course.service.TruckServiceImpl - addTruck(Truck{truckId=null, truckCode='BY9000', purchasedDate=Mon Jan 01 00:00:00 CET 2007, descriptions='TESLA-BUS'})
14:46:40.794 [main] DEBUG com.epam.brest.course.dao.TruckDaoImpl - addTruck(Truck{truckId=null, truckCode='BY9000', purchasedDate=Mon Jan 01 00:00:00 CET 2007, descriptions='TESLA-BUS'})
14:46:40.796 [main] DEBUG com.epam.brest.course.service.TruckServiceImpl - getTruckById(7)
14:46:40.796 [main] DEBUG com.epam.brest.course.dao.TruckDaoImpl - getTruckById(7)
14:46:40.799 [main] INFO  org.springframework.test.context.transaction.TransactionContext - Rolled back transaction for test context [DefaultTestContext@290b1b2e testClass = TruckServiceImplTest, testInstance = com.epam.brest.course.service.TruckServiceImplTest@5ca17ab0, testMethod = addNewTruck@TruckServiceImplTest, testException = [null], mergedContextConfiguration = [MergedContextConfiguration@72e34f77 testClass = TruckServiceImplTest, locations = '{classpath:dao.xml, classpath:bean-test.xml, classpath:test-db-spring.xml}', classes = '{}', contextInitializerClasses = '[]', activeProfiles = '{}', propertySourceLocations = '{}', propertySourceProperties = '{}', contextCustomizers = set[[empty]], contextLoader = 'org.springframework.test.context.support.DelegatingSmartContextLoader', parent = [null]]].
14:46:40.809 [main] INFO  org.springframework.test.context.transaction.TransactionContext - Began transaction (1) for test context [DefaultTestContext@290b1b2e testClass = TruckServiceImplTest, testInstance = com.epam.brest.course.service.TruckServiceImplTest@7d373bcf, testMethod = getTruckById@TruckServiceImplTest, testException = [null], mergedContextConfiguration = [MergedContextConfiguration@72e34f77 testClass = TruckServiceImplTest, locations = '{classpath:dao.xml, classpath:bean-test.xml, classpath:test-db-spring.xml}', classes = '{}', contextInitializerClasses = '[]', activeProfiles = '{}', propertySourceLocations = '{}', propertySourceProperties = '{}', contextCustomizers = set[[empty]], contextLoader = 'org.springframework.test.context.support.DelegatingSmartContextLoader', parent = [null]]]; transaction manager [org.springframework.jdbc.datasource.DataSourceTransactionManager@33617539]; rollback [true]
14:46:40.813 [main] DEBUG com.epam.brest.course.service.TruckServiceImplTest - test: getTruckById()
14:46:40.814 [main] DEBUG com.epam.brest.course.service.TruckServiceImpl - getTruckById(1)
14:46:40.814 [main] DEBUG com.epam.brest.course.dao.TruckDaoImpl - getTruckById(1)
14:46:40.818 [main] INFO  org.springframework.test.context.transaction.TransactionContext - Rolled back transaction for test context [DefaultTestContext@290b1b2e testClass = TruckServiceImplTest, testInstance = com.epam.brest.course.service.TruckServiceImplTest@7d373bcf, testMethod = getTruckById@TruckServiceImplTest, testException = [null], mergedContextConfiguration = [MergedContextConfiguration@72e34f77 testClass = TruckServiceImplTest, locations = '{classpath:dao.xml, classpath:bean-test.xml, classpath:test-db-spring.xml}', classes = '{}', contextInitializerClasses = '[]', activeProfiles = '{}', propertySourceLocations = '{}', propertySourceProperties = '{}', contextCustomizers = set[[empty]], contextLoader = 'org.springframework.test.context.support.DelegatingSmartContextLoader', parent = [null]]].
14:46:40.821 [main] INFO  org.springframework.test.context.transaction.TransactionContext - Began transaction (1) for test context [DefaultTestContext@290b1b2e testClass = TruckServiceImplTest, testInstance = com.epam.brest.course.service.TruckServiceImplTest@4a9419d7, testMethod = getTruckCollection@TruckServiceImplTest, testException = [null], mergedContextConfiguration = [MergedContextConfiguration@72e34f77 testClass = TruckServiceImplTest, locations = '{classpath:dao.xml, classpath:bean-test.xml, classpath:test-db-spring.xml}', classes = '{}', contextInitializerClasses = '[]', activeProfiles = '{}', propertySourceLocations = '{}', propertySourceProperties = '{}', contextCustomizers = set[[empty]], contextLoader = 'org.springframework.test.context.support.DelegatingSmartContextLoader', parent = [null]]]; transaction manager [org.springframework.jdbc.datasource.DataSourceTransactionManager@33617539]; rollback [true]
14:46:40.821 [main] DEBUG com.epam.brest.course.service.TruckServiceImplTest - test: getTruckCollection()
14:46:40.822 [main] DEBUG com.epam.brest.course.service.TruckServiceImpl - getAllTrucks()
14:46:40.836 [main] DEBUG com.epam.brest.course.dao.TruckDaoImpl - getAllTrucks()
14:46:40.841 [main] INFO  org.springframework.test.context.transaction.TransactionContext - Rolled back transaction for test context [DefaultTestContext@290b1b2e testClass = TruckServiceImplTest, testInstance = com.epam.brest.course.service.TruckServiceImplTest@4a9419d7, testMethod = getTruckCollection@TruckServiceImplTest, testException = [null], mergedContextConfiguration = [MergedContextConfiguration@72e34f77 testClass = TruckServiceImplTest, locations = '{classpath:dao.xml, classpath:bean-test.xml, classpath:test-db-spring.xml}', classes = '{}', contextInitializerClasses = '[]', activeProfiles = '{}', propertySourceLocations = '{}', propertySourceProperties = '{}', contextCustomizers = set[[empty]], contextLoader = 'org.springframework.test.context.support.DelegatingSmartContextLoader', parent = [null]]].
14:46:40.842 [main] INFO  org.springframework.test.context.transaction.TransactionContext - Began transaction (1) for test context [DefaultTestContext@290b1b2e testClass = TruckServiceImplTest, testInstance = com.epam.brest.course.service.TruckServiceImplTest@21a5fd96, testMethod = deleteTruckById@TruckServiceImplTest, testException = [null], mergedContextConfiguration = [MergedContextConfiguration@72e34f77 testClass = TruckServiceImplTest, locations = '{classpath:dao.xml, classpath:bean-test.xml, classpath:test-db-spring.xml}', classes = '{}', contextInitializerClasses = '[]', activeProfiles = '{}', propertySourceLocations = '{}', propertySourceProperties = '{}', contextCustomizers = set[[empty]], contextLoader = 'org.springframework.test.context.support.DelegatingSmartContextLoader', parent = [null]]]; transaction manager [org.springframework.jdbc.datasource.DataSourceTransactionManager@33617539]; rollback [true]
14:46:40.843 [main] DEBUG com.epam.brest.course.service.TruckServiceImplTest - test: deleteTruckById()
14:46:40.843 [main] DEBUG com.epam.brest.course.service.TruckServiceImpl - deleteTruckById(null)
14:46:40.843 [main] INFO  org.springframework.test.context.transaction.TransactionContext - Rolled back transaction for test context [DefaultTestContext@290b1b2e testClass = TruckServiceImplTest, testInstance = com.epam.brest.course.service.TruckServiceImplTest@21a5fd96, testMethod = deleteTruckById@TruckServiceImplTest, testException = [null], mergedContextConfiguration = [MergedContextConfiguration@72e34f77 testClass = TruckServiceImplTest, locations = '{classpath:dao.xml, classpath:bean-test.xml, classpath:test-db-spring.xml}', classes = '{}', contextInitializerClasses = '[]', activeProfiles = '{}', propertySourceLocations = '{}', propertySourceProperties = '{}', contextCustomizers = set[[empty]], contextLoader = 'org.springframework.test.context.support.DelegatingSmartContextLoader', parent = [null]]].
Tests run: 6, Failures: 0, Errors: 0, Skipped: 0, Time elapsed: 0.656 sec - in com.epam.brest.course.service.TruckServiceImplTest
14:46:40.882 [Thread-4] INFO  org.springframework.context.support.GenericApplicationContext - Closing org.springframework.context.support.GenericApplicationContext@545de5a4: startup date [Sat Feb 15 14:46:40 CET 2020]; root of context hierarchy
14:46:40.893 [Thread-1] INFO  org.springframework.context.support.GenericApplicationContext - Closing org.springframework.context.support.GenericApplicationContext@123ef382: startup date [Sat Feb 15 14:46:37 CET 2020]; root of context hierarchy
14:46:40.903 [Thread-3] INFO  org.springframework.context.support.GenericApplicationContext - Closing org.springframework.context.support.GenericApplicationContext@7d3d101b: startup date [Sat Feb 15 14:46:38 CET 2020]; root of context hierarchy

Results :

Tests run: 28, Failures: 0, Errors: 0, Skipped: 0

[INFO]                                                                         
[INFO] ------------------------------------------------------------------------
[INFO] Building rest-producer 1.0-SNAPSHOT
[INFO] ------------------------------------------------------------------------
[INFO] 
[INFO] --- maven-checkstyle-plugin:3.0.0:check (validate) @ rest-producer ---
[INFO] Starting audit...
[ERROR] /scratch/dginelli/workspace/repairnator-repairnator-experiments-Brest-Java-Course-2018-valentine-ezugu-370075586-20180423-144310-firstCommit/rest-producer/src/main/java/com/epam/brest/course/rest/errorhandling/RestErrorHandler.java:14: Using the '.*' form of import should be avoided - org.springframework.web.bind.annotation.*. [AvoidStarImport]
[ERROR] /scratch/dginelli/workspace/repairnator-repairnator-experiments-Brest-Java-Course-2018-valentine-ezugu-370075586-20180423-144310-firstCommit/rest-producer/src/main/java/com/epam/brest/course/rest/errorhandling/RestErrorHandler.java:54: Line is longer than 80 characters (found 91). [LineLength]
[ERROR] /scratch/dginelli/workspace/repairnator-repairnator-experiments-Brest-Java-Course-2018-valentine-ezugu-370075586-20180423-144310-firstCommit/rest-producer/src/main/java/com/epam/brest/course/rest/errorhandling/RestErrorHandler.java:60:5: Missing a Javadoc comment. [JavadocMethod]
[ERROR] /scratch/dginelli/workspace/repairnator-repairnator-experiments-Brest-Java-Course-2018-valentine-ezugu-370075586-20180423-144310-firstCommit/rest-producer/src/main/java/com/epam/brest/course/rest/errorhandling/RestErrorHandler.java:62:23: '(' is followed by whitespace. [ParenPad]
[ERROR] /scratch/dginelli/workspace/repairnator-repairnator-experiments-Brest-Java-Course-2018-valentine-ezugu-370075586-20180423-144310-firstCommit/rest-producer/src/main/java/com/epam/brest/course/rest/errorhandling/RestErrorHandler.java:81:5: Missing a Javadoc comment. [JavadocMethod]
[ERROR] /scratch/dginelli/workspace/repairnator-repairnator-experiments-Brest-Java-Course-2018-valentine-ezugu-370075586-20180423-144310-firstCommit/rest-producer/src/main/java/com/epam/brest/course/rest/errorhandling/RestErrorHandler.java:83:43: '(' is followed by whitespace. [ParenPad]
[ERROR] /scratch/dginelli/workspace/repairnator-repairnator-experiments-Brest-Java-Course-2018-valentine-ezugu-370075586-20180423-144310-firstCommit/rest-producer/src/main/java/com/epam/brest/course/rest/errorhandling/RestErrorHandler.java:83:43: ')' is preceded with whitespace. [ParenPad]
[ERROR] /scratch/dginelli/workspace/repairnator-repairnator-experiments-Brest-Java-Course-2018-valentine-ezugu-370075586-20180423-144310-firstCommit/rest-producer/src/main/java/com/epam/brest/course/rest/errorhandling/RestErrorHandler.java:101:67: '(' is preceded with whitespace. [MethodParamPad]
[ERROR] /scratch/dginelli/workspace/repairnator-repairnator-experiments-Brest-Java-Course-2018-valentine-ezugu-370075586-20180423-144310-firstCommit/rest-producer/src/main/java/com/epam/brest/course/rest/errorhandling/RestErrorHandler.java:117: Line is longer than 80 characters (found 83). [LineLength]
[ERROR] /scratch/dginelli/workspace/repairnator-repairnator-experiments-Brest-Java-Course-2018-valentine-ezugu-370075586-20180423-144310-firstCommit/rest-producer/src/main/java/com/epam/brest/course/rest/TruckRestController.java:17: Using the '.*' form of import should be avoided - org.springframework.web.bind.annotation.*. [AvoidStarImport]
[ERROR] /scratch/dginelli/workspace/repairnator-repairnator-experiments-Brest-Java-Course-2018-valentine-ezugu-370075586-20180423-144310-firstCommit/rest-producer/src/main/java/com/epam/brest/course/rest/OrderRestController.java:17: Using the '.*' form of import should be avoided - org.springframework.web.bind.annotation.*. [AvoidStarImport]
[ERROR] /scratch/dginelli/workspace/repairnator-repairnator-experiments-Brest-Java-Course-2018-valentine-ezugu-370075586-20180423-144310-firstCommit/rest-producer/src/main/resources/messages/messages.properties:0: File does not end with a newline. [NewlineAtEndOfFile]
Audit done.
[INFO] There are 12 errors reported by Checkstyle 6.18 with sun_checks.xml ruleset.
[ERROR] src/main/java/com/epam/brest/course/rest/errorhandling/RestErrorHandler.java:[14] (imports) AvoidStarImport: Using the '.*' form of import should be avoided - org.springframework.web.bind.annotation.*.
[ERROR] src/main/java/com/epam/brest/course/rest/errorhandling/RestErrorHandler.java:[54] (sizes) LineLength: Line is longer than 80 characters (found 91).
[ERROR] src/main/java/com/epam/brest/course/rest/errorhandling/RestErrorHandler.java:[60,5] (javadoc) JavadocMethod: Missing a Javadoc comment.
[ERROR] src/main/java/com/epam/brest/course/rest/errorhandling/RestErrorHandler.java:[62,23] (whitespace) ParenPad: '(' is followed by whitespace.
[ERROR] src/main/java/com/epam/brest/course/rest/errorhandling/RestErrorHandler.java:[81,5] (javadoc) JavadocMethod: Missing a Javadoc comment.
[ERROR] src/main/java/com/epam/brest/course/rest/errorhandling/RestErrorHandler.java:[83,43] (whitespace) ParenPad: '(' is followed by whitespace.
[ERROR] src/main/java/com/epam/brest/course/rest/errorhandling/RestErrorHandler.java:[83,43] (whitespace) ParenPad: ')' is preceded with whitespace.
[ERROR] src/main/java/com/epam/brest/course/rest/errorhandling/RestErrorHandler.java:[101,67] (whitespace) MethodParamPad: '(' is preceded with whitespace.
[ERROR] src/main/java/com/epam/brest/course/rest/errorhandling/RestErrorHandler.java:[117] (sizes) LineLength: Line is longer than 80 characters (found 83).
[ERROR] src/main/java/com/epam/brest/course/rest/TruckRestController.java:[17] (imports) AvoidStarImport: Using the '.*' form of import should be avoided - org.springframework.web.bind.annotation.*.
[ERROR] src/main/java/com/epam/brest/course/rest/OrderRestController.java:[17] (imports) AvoidStarImport: Using the '.*' form of import should be avoided - org.springframework.web.bind.annotation.*.
[ERROR] src/main/resources/messages/messages.properties:[0] (misc) NewlineAtEndOfFile: File does not end with a newline.
[WARNING] checkstyle:check violations detected but failOnViolation set to false
[INFO] 
[INFO] --- maven-resources-plugin:2.6:resources (default-resources) @ rest-producer ---
[INFO] Using 'UTF-8' encoding to copy filtered resources.
[INFO] Copying 4 resources
[INFO] 
[INFO] --- maven-compiler-plugin:3.7.0:compile (default-compile) @ rest-producer ---
[INFO] Changes detected - recompiling the module!
[INFO] Compiling 8 source files to /scratch/dginelli/workspace/repairnator-repairnator-experiments-Brest-Java-Course-2018-valentine-ezugu-370075586-20180423-144310-firstCommit/rest-producer/target/classes
[INFO] 
[INFO] --- maven-resources-plugin:2.6:testResources (default-testResources) @ rest-producer ---
[INFO] Using 'UTF-8' encoding to copy filtered resources.
[INFO] Copying 2 resources
[INFO] 
[INFO] --- maven-compiler-plugin:3.7.0:testCompile (default-testCompile) @ rest-producer ---
[INFO] Nothing to compile - all classes are up to date
[INFO] 
[INFO] --- maven-surefire-plugin:2.16:test (default-test) @ rest-producer ---
[INFO] Surefire report directory: /scratch/dginelli/workspace/repairnator-repairnator-experiments-Brest-Java-Course-2018-valentine-ezugu-370075586-20180423-144310-firstCommit/rest-producer/target/surefire-reports

-------------------------------------------------------
 T E S T S
-------------------------------------------------------
Running com.epam.brest.course.rest.OrderRestControllerMockTest
14:46:46.015 [main] DEBUG com.epam.brest.course.rest.OrderRestControllerMockTest - test: addOrder() 
14:46:46.308 [main] DEBUG com.epam.brest.course.rest.OrderRestController - addOrder(com.epam.brest.course.utility.data.OrderDto@85ec632)

MockHttpServletRequest:
      HTTP Method = POST
      Request URI = /orders
       Parameters = {}
          Headers = {Content-Type=[application/json], Accept=[application/json;charset=UTF-8]}

Handler:
             Type = com.epam.brest.course.rest.OrderRestController
           Method = public final com.epam.brest.course.utility.data.OrderDto com.epam.brest.course.rest.OrderRestController.addOrder(com.epam.brest.course.utility.data.OrderDto)

Async:
    Async started = false
     Async result = null

Resolved Exception:
             Type = null

ModelAndView:
        View name = null
             View = null
            Model = null

FlashMap:
       Attributes = null

MockHttpServletResponse:
           Status = 201
    Error message = null
          Headers = {Content-Type=[application/json;charset=UTF-8]}
     Content type = application/json;charset=UTF-8
             Body = {"orderId":1,"petrolQty":23.0,"orderDate":1230764400000,"truckId":1}
    Forwarded URL = null
   Redirected URL = null
          Cookies = []
14:46:46.598 [main] DEBUG com.epam.brest.course.rest.OrderRestControllerMockTest - test: deleteOrder() 
14:46:46.602 [main] DEBUG com.epam.brest.course.rest.OrderRestController - deleteOrder(1)
14:46:46.638 [main] DEBUG com.epam.brest.course.rest.OrderRestControllerMockTest - test: update() 
14:46:46.659 [main] DEBUG com.epam.brest.course.rest.OrderRestController - updateOrder(com.epam.brest.course.utility.data.OrderDto@1532c619)

MockHttpServletRequest:
      HTTP Method = PUT
      Request URI = /orders
       Parameters = {}
          Headers = {Content-Type=[application/json;charset=UTF-8], Accept=[application/json;charset=UTF-8]}

Handler:
             Type = com.epam.brest.course.rest.OrderRestController
           Method = public final void com.epam.brest.course.rest.OrderRestController.updateOrder(com.epam.brest.course.utility.data.OrderDto)

Async:
    Async started = false
     Async result = null

Resolved Exception:
             Type = null

ModelAndView:
        View name = null
             View = null
            Model = null

FlashMap:
       Attributes = null

MockHttpServletResponse:
           Status = 200
    Error message = null
          Headers = {}
     Content type = null
             Body = 
    Forwarded URL = null
   Redirected URL = null
          Cookies = []
14:46:46.701 [main] DEBUG com.epam.brest.course.rest.OrderRestControllerMockTest - test: getAllOrders()
14:46:46.705 [main] DEBUG com.epam.brest.course.rest.OrderRestController - getOrders()

MockHttpServletRequest:
      HTTP Method = GET
      Request URI = /orders
       Parameters = {}
          Headers = {Accept=[application/json]}

Handler:
             Type = com.epam.brest.course.rest.OrderRestController
           Method = public final java.util.Collection<com.epam.brest.course.utility.data.OrderDto> com.epam.brest.course.rest.OrderRestController.getOrders(java.util.Date,java.util.Date)

Async:
    Async started = false
     Async result = null

Resolved Exception:
             Type = null

ModelAndView:
        View name = null
             View = null
            Model = null

FlashMap:
       Attributes = null

MockHttpServletResponse:
           Status = 200
    Error message = null
          Headers = {Content-Type=[application/json;charset=UTF-8]}
     Content type = application/json;charset=UTF-8
             Body = [{"orderId":1,"petrolQty":23.0,"orderDate":1230764400000,"truckId":1},{"orderId":2,"petrolQty":23.0,"orderDate":1136070000000,"truckId":2}]
    Forwarded URL = null
   Redirected URL = null
          Cookies = []
14:46:47.555 [main] DEBUG com.epam.brest.course.rest.OrderRestControllerMockTest - test: getOrderById() 
14:46:47.558 [main] DEBUG com.epam.brest.course.rest.OrderRestController - getOrderId(1)

MockHttpServletRequest:
      HTTP Method = GET
      Request URI = /orders/1
       Parameters = {}
          Headers = {Accept=[application/json]}

Handler:
             Type = com.epam.brest.course.rest.OrderRestController
           Method = public final com.epam.brest.course.utility.data.OrderDto com.epam.brest.course.rest.OrderRestController.getOrderId(java.lang.Integer)

Async:
    Async started = false
     Async result = null

Resolved Exception:
             Type = null

ModelAndView:
        View name = null
             View = null
            Model = null

FlashMap:
       Attributes = null

MockHttpServletResponse:
           Status = 302
    Error message = null
          Headers = {Content-Type=[application/json;charset=UTF-8]}
     Content type = application/json;charset=UTF-8
             Body = {"orderId":1,"petrolQty":23.0,"orderDate":1230764400000,"truckId":1}
    Forwarded URL = null
   Redirected URL = null
          Cookies = []
14:46:47.584 [main] DEBUG com.epam.brest.course.rest.OrderRestControllerMockTest - test: getAllOrders()
14:46:47.605 [main] DEBUG com.epam.brest.course.rest.OrderRestController - getOrders()

MockHttpServletRequest:
      HTTP Method = GET
      Request URI = /orders
       Parameters = {start=[2006-01-01], end=[2009-01-01]}
          Headers = {Accept=[application/json;charset=UTF-8]}

Handler:
             Type = com.epam.brest.course.rest.OrderRestController
           Method = public final java.util.Collection<com.epam.brest.course.utility.data.OrderDto> com.epam.brest.course.rest.OrderRestController.getOrders(java.util.Date,java.util.Date)

Async:
    Async started = false
     Async result = null

Resolved Exception:
             Type = null

ModelAndView:
        View name = null
             View = null
            Model = null

FlashMap:
       Attributes = null

MockHttpServletResponse:
           Status = 200
    Error message = null
          Headers = {Content-Type=[application/json;charset=UTF-8]}
     Content type = application/json;charset=UTF-8
             Body = [{"orderId":1,"petrolQty":23.0,"orderDate":1230764400000,"truckId":1},{"orderId":2,"petrolQty":23.0,"orderDate":1136070000000,"truckId":2}]
    Forwarded URL = null
   Redirected URL = null
          Cookies = []
Tests run: 6, Failures: 1, Errors: 0, Skipped: 0, Time elapsed: 4.358 sec <<< FAILURE! - in com.epam.brest.course.rest.OrderRestControllerMockTest
getAllOrdersWithFilter(com.epam.brest.course.rest.OrderRestControllerMockTest)  Time elapsed: 0.052 sec  <<< FAILURE!
java.lang.AssertionError: JSON path "$[0]orderDate"
Expected: is <1230760800000L>
     but: was <1230764400000L>
	at org.hamcrest.MatcherAssert.assertThat(MatcherAssert.java:20)
	at org.springframework.test.util.JsonPathExpectationsHelper.assertValue(JsonPathExpectationsHelper.java:74)
	at org.springframework.test.web.servlet.result.JsonPathResultMatchers$1.match(JsonPathResultMatchers.java:87)
	at org.springframework.test.web.servlet.MockMvc$1.andExpect(MockMvc.java:171)
	at com.epam.brest.course.rest.OrderRestControllerMockTest.getAllOrdersWithFilter(OrderRestControllerMockTest.java:198)

Running com.epam.brest.course.rest.VersionControllerMockTest

MockHttpServletRequest:
      HTTP Method = GET
      Request URI = /version
       Parameters = {}
          Headers = {Accept=[application/json]}

Handler:
             Type = com.epam.brest.course.rest.VersionController
           Method = public final java.lang.String com.epam.brest.course.rest.VersionController.getVersion()

Async:
    Async started = false
     Async result = null

Resolved Exception:
             Type = null

ModelAndView:
        View name = null
             View = null
            Model = null

FlashMap:
       Attributes = null

MockHttpServletResponse:
           Status = 200
    Error message = null
          Headers = {Content-Type=[application/json;charset=UTF-8]}
     Content type = application/json;charset=UTF-8
             Body = "1.0"
    Forwarded URL = null
   Redirected URL = null
          Cookies = []
Tests run: 1, Failures: 0, Errors: 0, Skipped: 0, Time elapsed: 0.047 sec - in com.epam.brest.course.rest.VersionControllerMockTest
Running com.epam.brest.course.rest.TruckRestControllerMockTest
14:46:47.760 [main] DEBUG com.epam.brest.course.rest.TruckRestControllerMockTest - test: addTruck() 
14:46:47.775 [main] DEBUG com.epam.brest.course.rest.TruckRestController - addTruck(com.epam.brest.course.utility.data.TruckDto@18fdb6cf)

MockHttpServletRequest:
      HTTP Method = POST
      Request URI = /trucks
       Parameters = {}
          Headers = {Content-Type=[application/json;charset=UTF-8], Accept=[application/json;charset=UTF-8]}

Handler:
             Type = com.epam.brest.course.rest.TruckRestController
           Method = public final com.epam.brest.course.utility.data.TruckDto com.epam.brest.course.rest.TruckRestController.addTruck(com.epam.brest.course.utility.data.TruckDto)

Async:
    Async started = false
     Async result = null

Resolved Exception:
             Type = null

ModelAndView:
        View name = null
             View = null
            Model = null

FlashMap:
       Attributes = null

MockHttpServletResponse:
           Status = 201
    Error message = null
          Headers = {Content-Type=[application/json;charset=UTF-8]}
     Content type = application/json;charset=UTF-8
             Body = {"truckId":1,"truckCode":"BY2447","purchasedDate":1230764400000,"descriptions":"NEW TRUCK","avgPerMonth":null}
    Forwarded URL = null
   Redirected URL = null
          Cookies = []
14:46:47.816 [main] DEBUG com.epam.brest.course.rest.TruckRestControllerMockTest - test: deleteTruck() 
14:46:47.826 [main] DEBUG com.epam.brest.course.rest.TruckRestController - deleteTruck(1)
14:46:47.856 [main] DEBUG com.epam.brest.course.rest.TruckRestControllerMockTest - test: update() 
14:46:47.866 [main] DEBUG com.epam.brest.course.rest.TruckRestController - update(com.epam.brest.course.utility.data.TruckDto@6a714237)

MockHttpServletRequest:
      HTTP Method = PUT
      Request URI = /trucks
       Parameters = {}
          Headers = {Content-Type=[application/json;charset=UTF-8], Accept=[application/json;charset=UTF-8]}

Handler:
             Type = com.epam.brest.course.rest.TruckRestController
           Method = public final void com.epam.brest.course.rest.TruckRestController.update(com.epam.brest.course.utility.data.TruckDto)

Async:
    Async started = false
     Async result = null

Resolved Exception:
             Type = null

ModelAndView:
        View name = null
             View = null
            Model = null

FlashMap:
       Attributes = null

MockHttpServletResponse:
           Status = 200
    Error message = null
          Headers = {}
     Content type = null
             Body = 
    Forwarded URL = null
   Redirected URL = null
          Cookies = []
14:46:47.898 [main] DEBUG com.epam.brest.course.rest.TruckRestControllerMockTest - test: getTrucks()
14:46:47.901 [main] DEBUG com.epam.brest.course.rest.TruckRestController - test: getAllTrucks()

MockHttpServletRequest:
      HTTP Method = GET
      Request URI = /trucks
       Parameters = {}
          Headers = {Accept=[application/json]}

Handler:
             Type = com.epam.brest.course.rest.TruckRestController
           Method = public final java.util.Collection<com.epam.brest.course.utility.data.TruckLiteDto> com.epam.brest.course.rest.TruckRestController.getAllTrucks()

Async:
    Async started = false
     Async result = null

Resolved Exception:
             Type = null

ModelAndView:
        View name = null
             View = null
            Model = null

FlashMap:
       Attributes = null

MockHttpServletResponse:
           Status = 200
    Error message = null
          Headers = {Content-Type=[application/json;charset=UTF-8]}
     Content type = application/json;charset=UTF-8
             Body = [{"truckId":1,"truckCode":"BY2447","purchasedDate":1230764400000,"descriptions":"NEW TRUCK"},{"truckId":2,"truckCode":"BY2606","purchasedDate":null,"descriptions":"BLACK TRUCK"}]
    Forwarded URL = null
   Redirected URL = null
          Cookies = []
14:46:47.950 [main] DEBUG com.epam.brest.course.rest.TruckRestControllerMockTest - test: getTruckById()
14:46:47.955 [main] DEBUG com.epam.brest.course.rest.TruckRestController - test: truckId(1)

MockHttpServletRequest:
      HTTP Method = GET
      Request URI = /trucks/1
       Parameters = {}
          Headers = {Accept=[application/json]}

Handler:
             Type = com.epam.brest.course.rest.TruckRestController
           Method = public final com.epam.brest.course.utility.data.TruckDto com.epam.brest.course.rest.TruckRestController.getTruckId(java.lang.Integer)

Async:
    Async started = false
     Async result = null

Resolved Exception:
             Type = null

ModelAndView:
        View name = null
             View = null
            Model = null

FlashMap:
       Attributes = null

MockHttpServletResponse:
           Status = 200
    Error message = null
          Headers = {Content-Type=[application/json;charset=UTF-8]}
     Content type = application/json;charset=UTF-8
             Body = {"truckId":1,"truckCode":"BY2447","purchasedDate":null,"descriptions":"NEW TRUCK","avgPerMonth":39.0}
    Forwarded URL = null
   Redirected URL = null
          Cookies = []
Tests run: 5, Failures: 0, Errors: 0, Skipped: 0, Time elapsed: 0.283 sec - in com.epam.brest.course.rest.TruckRestControllerMockTest

Results :

Failed tests: 
  OrderRestControllerMockTest.getAllOrdersWithFilter:198 JSON path "$[0]orderDate"
Expected: is <1230760800000L>
     but: was <1230764400000L>

Tests run: 12, Failures: 1, Errors: 0, Skipped: 0

[INFO] ------------------------------------------------------------------------
[INFO] Reactor Summary:
[INFO] 
[INFO] sampleuserapp ...................................... SUCCESS [  3.249 s]
[INFO] model .............................................. SUCCESS [  2.825 s]
[INFO] test-db ............................................ SUCCESS [  0.520 s]
[INFO] dao-api ............................................ SUCCESS [  0.511 s]
[INFO] dao ................................................ SUCCESS [  8.955 s]
[INFO] service-api ........................................ SUCCESS [  0.588 s]
[INFO] utility ............................................ SUCCESS [  0.848 s]
[INFO] service ............................................ SUCCESS [  7.012 s]
[INFO] rest-producer ...................................... FAILURE [  7.051 s]
[INFO] rest-client ........................................ SKIPPED
[INFO] ------------------------------------------------------------------------
[INFO] BUILD FAILURE
[INFO] ------------------------------------------------------------------------
[INFO] Total time: 32.008 s
[INFO] Finished at: 2020-02-15T14:46:48+01:00
[INFO] Final Memory: 30M/73M
[INFO] ------------------------------------------------------------------------
[ERROR] Failed to execute goal org.apache.maven.plugins:maven-surefire-plugin:2.16:test (default-test) on project rest-producer: There are test failures.
[ERROR] 
[ERROR] Please refer to /scratch/dginelli/workspace/repairnator-repairnator-experiments-Brest-Java-Course-2018-valentine-ezugu-370075586-20180423-144310-firstCommit/rest-producer/target/surefire-reports for the individual test results.
[ERROR] -> [Help 1]
org.apache.maven.lifecycle.LifecycleExecutionException: Failed to execute goal org.apache.maven.plugins:maven-surefire-plugin:2.16:test (default-test) on project rest-producer: There are test failures.

Please refer to /scratch/dginelli/workspace/repairnator-repairnator-experiments-Brest-Java-Course-2018-valentine-ezugu-370075586-20180423-144310-firstCommit/rest-producer/target/surefire-reports for the individual test results.
	at org.apache.maven.lifecycle.internal.MojoExecutor.execute(MojoExecutor.java:212)
	at org.apache.maven.lifecycle.internal.MojoExecutor.execute(MojoExecutor.java:153)
	at org.apache.maven.lifecycle.internal.MojoExecutor.execute(MojoExecutor.java:145)
	at org.apache.maven.lifecycle.internal.LifecycleModuleBuilder.buildProject(LifecycleModuleBuilder.java:116)
	at org.apache.maven.lifecycle.internal.LifecycleModuleBuilder.buildProject(LifecycleModuleBuilder.java:80)
	at org.apache.maven.lifecycle.internal.builder.singlethreaded.SingleThreadedBuilder.build(SingleThreadedBuilder.java:51)
	at org.apache.maven.lifecycle.internal.LifecycleStarter.execute(LifecycleStarter.java:128)
	at org.apache.maven.DefaultMaven.doExecute(DefaultMaven.java:307)
	at org.apache.maven.DefaultMaven.doExecute(DefaultMaven.java:193)
	at org.apache.maven.DefaultMaven.execute(DefaultMaven.java:106)
	at org.apache.maven.cli.MavenCli.execute(MavenCli.java:863)
	at org.apache.maven.cli.MavenCli.doMain(MavenCli.java:288)
	at org.apache.maven.cli.MavenCli.main(MavenCli.java:199)
	at sun.reflect.NativeMethodAccessorImpl.invoke0(Native Method)
	at sun.reflect.NativeMethodAccessorImpl.invoke(NativeMethodAccessorImpl.java:62)
	at sun.reflect.DelegatingMethodAccessorImpl.invoke(DelegatingMethodAccessorImpl.java:43)
	at java.lang.reflect.Method.invoke(Method.java:498)
	at org.codehaus.plexus.classworlds.launcher.Launcher.launchEnhanced(Launcher.java:289)
	at org.codehaus.plexus.classworlds.launcher.Launcher.launch(Launcher.java:229)
	at org.codehaus.plexus.classworlds.launcher.Launcher.mainWithExitCode(Launcher.java:415)
	at org.codehaus.plexus.classworlds.launcher.Launcher.main(Launcher.java:356)
Caused by: org.apache.maven.plugin.MojoFailureException: There are test failures.

Please refer to /scratch/dginelli/workspace/repairnator-repairnator-experiments-Brest-Java-Course-2018-valentine-ezugu-370075586-20180423-144310-firstCommit/rest-producer/target/surefire-reports for the individual test results.
	at org.apache.maven.plugin.surefire.SurefireHelper.reportExecution(SurefireHelper.java:82)
	at org.apache.maven.plugin.surefire.SurefirePlugin.handleSummary(SurefirePlugin.java:190)
	at org.apache.maven.plugin.surefire.AbstractSurefireMojo.executeAfterPreconditionsChecked(AbstractSurefireMojo.java:852)
	at org.apache.maven.plugin.surefire.AbstractSurefireMojo.execute(AbstractSurefireMojo.java:720)
	at org.apache.maven.plugin.DefaultBuildPluginManager.executeMojo(DefaultBuildPluginManager.java:134)
	at org.apache.maven.lifecycle.internal.MojoExecutor.execute(MojoExecutor.java:207)
	... 20 more
[ERROR] 
[ERROR] Re-run Maven using the -X switch to enable full debug logging.
[ERROR] 
[ERROR] For more information about the errors and possible solutions, please read the following articles:
[ERROR] [Help 1] http://cwiki.apache.org/confluence/display/MAVEN/MojoFailureException
[ERROR] 
[ERROR] After correcting the problems, you can resume the build with the command
[ERROR]   mvn <goals> -rf :rest-producer
